2026-03-18 19:24:38.600 INFO  [traceId= userId=] [background-preinit] o.h.v.i.util.Version : HV000001: Hibernate Validator 8.0.1.Final
2026-03-18 19:24:38.665 INFO  [traceId= userId=] [restartedMain] c.e.d.SpringUnifiedCoreApplication : Starting SpringUnifiedCoreApplication using Java 21.0.9 with PID 19768 (E:\myplayground\workspace3\spring-unified-core\build\classes\java\main started by jeong in E:\myplayground\workspace3\spring-unified-core)
2026-03-18 19:24:38.744 INFO  [traceId= userId=] [restartedMain] c.e.d.SpringUnifiedCoreApplication : The following 1 profile is active: "local"
2026-03-18 19:24:38.825 INFO  [traceId= userId=] [restartedMain] o.s.b.d.e.DevToolsPropertyDefaultsPostProcessor : Devtools property defaults active! Set 'spring.devtools.add-properties' to 'false' to disable
2026-03-18 19:24:38.826 INFO  [traceId= userId=] [restartedMain] o.s.b.d.e.DevToolsPropertyDefaultsPostProcessor : For additional web related logging consider setting the 'logging.level.web' property to 'DEBUG'
2026-03-18 19:24:40.614 INFO  [traceId= userId=] [restartedMain] o.s.d.r.c.RepositoryConfigurationDelegate : Multiple Spring Data modules found, entering strict repository configuration mode
2026-03-18 19:24:40.616 INFO  [traceId= userId=] [restartedMain] o.s.d.r.c.RepositoryConfigurationDelegate : Bootstrapping Spring Data JPA repositories in DEFAULT mode.
2026-03-18 19:24:40.855 INFO  [traceId= userId=] [restartedMain] o.s.d.r.c.RepositoryConfigurationDelegate : Finished Spring Data repository scanning in 225 ms. Found 6 JPA repository interfaces.
2026-03-18 19:24:40.883 INFO  [traceId= userId=] [restartedMain] o.s.d.r.c.RepositoryConfigurationDelegate : Multiple Spring Data modules found, entering strict repository configuration mode
2026-03-18 19:24:40.885 INFO  [traceId= userId=] [restartedMain] o.s.d.r.c.RepositoryConfigurationDelegate : Bootstrapping Spring Data Redis repositories in DEFAULT mode.
2026-03-18 19:24:40.913 INFO  [traceId= userId=] [restartedMain] o.s.d.r.c.RepositoryConfigurationExtensionSupport : Spring Data Redis - Could not safely identify store assignment for repository candidate interface com.example.demo.appuser.repository.AppUserRepository; If you want this repository to be a Redis repository, consider annotating your entities with one of these annotations: org.springframework.data.redis.core.RedisHash (preferred), or consider extending one of the following types with your repository: org.springframework.data.keyvalue.repository.KeyValueRepository
2026-03-18 19:24:40.914 INFO  [traceId= userId=] [restartedMain] o.s.d.r.c.RepositoryConfigurationExtensionSupport : Spring Data Redis - Could not safely identify store assignment for repository candidate interface com.example.demo.file.repository.FileRepository; If you want this repository to be a Redis repository, consider annotating your entities with one of these annotations: org.springframework.data.redis.core.RedisHash (preferred), or consider extending one of the following types with your repository: org.springframework.data.keyvalue.repository.KeyValueRepository
2026-03-18 19:24:40.915 INFO  [traceId= userId=] [restartedMain] o.s.d.r.c.RepositoryConfigurationExtensionSupport : Spring Data Redis - Could not safely identify store assignment for repository candidate interface com.example.demo.token.repository.RefreshTokenRepository; If you want this repository to be a Redis repository, consider annotating your entities with one of these annotations: org.springframework.data.redis.core.RedisHash (preferred), or consider extending one of the following types with your repository: org.springframework.data.keyvalue.repository.KeyValueRepository
2026-03-18 19:24:40.916 INFO  [traceId= userId=] [restartedMain] o.s.d.r.c.RepositoryConfigurationExtensionSupport : Spring Data Redis - Could not safely identify store assignment for repository candidate interface com.example.demo.user.repository.RoleHierarchyRepository; If you want this repository to be a Redis repository, consider annotating your entities with one of these annotations: org.springframework.data.redis.core.RedisHash (preferred), or consider extending one of the following types with your repository: org.springframework.data.keyvalue.repository.KeyValueRepository
2026-03-18 19:24:40.917 INFO  [traceId= userId=] [restartedMain] o.s.d.r.c.RepositoryConfigurationExtensionSupport : Spring Data Redis - Could not safely identify store assignment for repository candidate interface com.example.demo.user.repository.RoleRepository; If you want this repository to be a Redis repository, consider annotating your entities with one of these annotations: org.springframework.data.redis.core.RedisHash (preferred), or consider extending one of the following types with your repository: org.springframework.data.keyvalue.repository.KeyValueRepository
2026-03-18 19:24:40.918 INFO  [traceId= userId=] [restartedMain] o.s.d.r.c.RepositoryConfigurationExtensionSupport : Spring Data Redis - Could not safely identify store assignment for repository candidate interface com.example.demo.user.repository.UserRepository; If you want this repository to be a Redis repository, consider annotating your entities with one of these annotations: org.springframework.data.redis.core.RedisHash (preferred), or consider extending one of the following types with your repository: org.springframework.data.keyvalue.repository.KeyValueRepository
2026-03-18 19:24:40.918 INFO  [traceId= userId=] [restartedMain] o.s.d.r.c.RepositoryConfigurationDelegate : Finished Spring Data repository scanning in 16 ms. Found 0 Redis repository interfaces.
2026-03-18 19:24:42.355 INFO  [traceId= userId=] [restartedMain] o.s.b.w.e.t.TomcatWebServer : Tomcat initialized with port 8081 (http)
2026-03-18 19:24:42.392 INFO  [traceId= userId=] [restartedMain] o.a.c.h.Http11NioProtocol : Initializing ProtocolHandler ["http-nio-8081"]
2026-03-18 19:24:42.400 INFO  [traceId= userId=] [restartedMain] o.a.c.c.StandardService : Starting service [Tomcat]
2026-03-18 19:24:42.400 INFO  [traceId= userId=] [restartedMain] o.a.c.c.StandardEngine : Starting Servlet engine: [Apache Tomcat/10.1.20]
2026-03-18 19:24:42.564 INFO  [traceId= userId=] [restartedMain] o.a.c.c.C.[.[.[/] : Initializing Spring embedded WebApplicationContext
2026-03-18 19:24:42.565 INFO  [traceId= userId=] [restartedMain] o.s.b.w.s.c.ServletWebServerApplicationContext : Root WebApplicationContext: initialization completed in 3738 ms
2026-03-18 19:24:42.664 INFO  [traceId= userId=] [restartedMain] c.g.g.b.j.d.p.P6SpyConfiguration : P6Spy modulelist is overridden, some p6spy configuration features will not be applied
2026-03-18 19:24:42.826 INFO  [traceId= userId=] [restartedMain] c.z.h.HikariDataSource : HikariPool-1 - Starting...
2026-03-18 19:24:43.136 INFO  [traceId= userId=] [restartedMain] c.z.h.p.HikariPool : HikariPool-1 - Added connection conn0: url=jdbc:h2:tcp://localhost/~/testdb user=SA
2026-03-18 19:24:43.140 INFO  [traceId= userId=] [restartedMain] c.z.h.HikariDataSource : HikariPool-1 - Start completed.
2026-03-18 19:24:43.169 INFO  [traceId= userId=] [restartedMain] o.s.b.a.h.H2ConsoleAutoConfiguration : H2 console available at '/h2-console'. Database available at 'jdbc:h2:tcp://localhost/~/testdb'
2026-03-18 19:24:44.151 INFO  [traceId= userId=] [restartedMain] o.h.j.i.u.LogHelper : HHH000204: Processing PersistenceUnitInfo [name: default]
2026-03-18 19:24:44.218 INFO  [traceId= userId=] [restartedMain] o.hibernate.Version : HHH000412: Hibernate ORM core version 6.4.4.Final
2026-03-18 19:24:44.257 INFO  [traceId= userId=] [restartedMain] o.h.c.i.RegionFactoryInitiator : HHH000026: Second-level cache disabled
2026-03-18 19:24:44.506 INFO  [traceId= userId=] [restartedMain] o.s.o.j.p.SpringPersistenceUnitInfo : No LoadTimeWeaver setup: ignoring JPA class transformer
2026-03-18 19:24:45.694 INFO  [traceId= userId=] [restartedMain] o.h.e.t.j.p.i.JtaPlatformInitiator : HHH000489: No JTA platform available (set 'hibernate.transaction.jta.platform' to enable JTA platform integration)
2026-03-18 19:24:45.815 INFO  [traceId= userId=] [restartedMain] o.s.o.j.LocalContainerEntityManagerFactoryBean : Initialized JPA EntityManagerFactory for persistence unit 'default'
2026-03-18 19:24:48.767 INFO  [traceId= userId=] [restartedMain] o.s.s.w.DefaultSecurityFilterChain : Will secure any request with [org.springframework.security.web.session.DisableEncodeUrlFilter@4eb6e0b0, org.springframework.security.web.context.request.async.WebAsyncManagerIntegrationFilter@20890b7c, org.springframework.security.web.context.SecurityContextHolderFilter@499c758, org.springframework.security.web.header.HeaderWriterFilter@3e4a1bda, org.springframework.web.filter.CorsFilter@35bc5d26, org.springframework.security.web.authentication.logout.LogoutFilter@6c878914, org.springframework.security.oauth2.client.web.OAuth2AuthorizationRequestRedirectFilter@53c8449d, org.springframework.security.oauth2.client.web.OAuth2LoginAuthenticationFilter@d0c6bb9, com.example.demo.security.jwt.JwtAuthenticationFilter@7a34d194, org.springframework.security.web.savedrequest.RequestCacheAwareFilter@cb82739, org.springframework.security.web.servletapi.SecurityContextHolderAwareRequestFilter@4f286e92, org.springframework.security.web.authentication.AnonymousAuthenticationFilter@64b92353, org.springframework.security.web.session.SessionManagementFilter@69a3d06c, org.springframework.security.web.access.ExceptionTranslationFilter@42cbadeb, org.springframework.security.web.access.intercept.AuthorizationFilter@33da0b84]
2026-03-18 19:24:49.580 INFO  [traceId= userId=] [restartedMain] o.s.b.d.a.OptionalLiveReloadServer : LiveReload server is running on port 35729
2026-03-18 19:24:49.609 INFO  [traceId= userId=] [restartedMain] o.a.c.h.Http11NioProtocol : Starting ProtocolHandler ["http-nio-8081"]
2026-03-18 19:24:49.641 INFO  [traceId= userId=] [restartedMain] o.s.b.w.e.t.TomcatWebServer : Tomcat started on port 8081 (http) with context path ''
2026-03-18 19:24:49.657 INFO  [traceId= userId=] [restartedMain] c.e.d.SpringUnifiedCoreApplication : Started SpringUnifiedCoreApplication in 11.764 seconds (process running for 12.493)
2026-03-18 19:24:56.065 INFO  [traceId= userId=] [http-nio-8081-exec-1] o.a.c.c.C.[.[.[/] : Initializing Spring DispatcherServlet 'dispatcherServlet'
2026-03-18 19:24:56.065 INFO  [traceId= userId=] [http-nio-8081-exec-1] o.s.w.s.DispatcherServlet : Initializing Servlet 'dispatcherServlet'
2026-03-18 19:24:56.066 INFO  [traceId= userId=] [http-nio-8081-exec-1] o.s.w.s.DispatcherServlet : Completed initialization in 1 ms
2026-03-18 19:24:56.070 INFO  [traceId=ec474729 userId=] [http-nio-8081-exec-1] c.e.d.c.l.RequestLoggingFilter : REQUEST ip=0:0:0:0:0:0:0:1 method=OPTIONS uri=/auth/me
2026-03-18 19:24:56.105 INFO  [traceId=ec474729 userId=] [http-nio-8081-exec-1] c.e.d.c.l.RequestLoggingFilter : RESPONSE status=200 duration=35ms uri=/auth/me
2026-03-18 19:24:56.110 INFO  [traceId=3d2fe526 userId=] [http-nio-8081-exec-2] c.e.d.c.l.RequestLoggingFilter : REQUEST ip=0:0:0:0:0:0:0:1 method=GET uri=/auth/me
2026-03-18 19:24:56.890 INFO  [traceId=3d2fe526 userId=] [http-nio-8081-exec-2] c.e.d.c.l.RequestLoggingFilter : RESPONSE status=401 duration=780ms uri=/auth/me
2026-03-18 19:24:56.896 INFO  [traceId=ac113d4d userId=] [http-nio-8081-exec-3] c.e.d.c.l.RequestLoggingFilter : REQUEST ip=0:0:0:0:0:0:0:1 method=OPTIONS uri=/auth/refresh
2026-03-18 19:24:56.897 INFO  [traceId=ac113d4d userId=] [http-nio-8081-exec-3] c.e.d.c.l.RequestLoggingFilter : RESPONSE status=200 duration=1ms uri=/auth/refresh
2026-03-18 19:24:56.900 INFO  [traceId=9bbdc27f userId=] [http-nio-8081-exec-4] c.e.d.c.l.RequestLoggingFilter : REQUEST ip=0:0:0:0:0:0:0:1 method=POST uri=/auth/refresh
2026-03-18 19:24:57.133 INFO  [traceId=9bbdc27f userId=] [http-nio-8081-exec-4] c.e.d.c.l.RequestLoggingFilter : RESPONSE status=200 duration=233ms uri=/auth/refresh
2026-03-18 19:24:57.137 INFO  [traceId=fe858e70 userId=] [http-nio-8081-exec-5] c.e.d.c.l.RequestLoggingFilter : REQUEST ip=0:0:0:0:0:0:0:1 method=GET uri=/auth/me
2026-03-18 19:24:57.172 INFO  [traceId=fe858e70 userId=1] [http-nio-8081-exec-5] c.e.d.c.l.RequestLoggingFilter : RESPONSE status=200 duration=35ms uri=/auth/me
2026-03-18 19:34:22.708 INFO  [traceId= userId=] [background-preinit] o.h.v.i.util.Version : HV000001: Hibernate Validator 8.0.1.Final
2026-03-18 19:34:22.769 INFO  [traceId= userId=] [restartedMain] c.e.d.SpringUnifiedCoreApplication : Starting SpringUnifiedCoreApplication using Java 21.0.9 with PID 12740 (E:\myplayground\workspace3\spring-unified-core\build\classes\java\main started by jeong in E:\myplayground\workspace3\spring-unified-core)
2026-03-18 19:34:22.770 INFO  [traceId= userId=] [restartedMain] c.e.d.SpringUnifiedCoreApplication : The following 1 profile is active: "local"
2026-03-18 19:34:22.836 INFO  [traceId= userId=] [restartedMain] o.s.b.d.e.DevToolsPropertyDefaultsPostProcessor : Devtools property defaults active! Set 'spring.devtools.add-properties' to 'false' to disable
2026-03-18 19:34:22.836 INFO  [traceId= userId=] [restartedMain] o.s.b.d.e.DevToolsPropertyDefaultsPostProcessor : For additional web related logging consider setting the 'logging.level.web' property to 'DEBUG'
2026-03-18 19:34:24.558 INFO  [traceId= userId=] [restartedMain] o.s.d.r.c.RepositoryConfigurationDelegate : Multiple Spring Data modules found, entering strict repository configuration mode
2026-03-18 19:34:24.561 INFO  [traceId= userId=] [restartedMain] o.s.d.r.c.RepositoryConfigurationDelegate : Bootstrapping Spring Data JPA repositories in DEFAULT mode.
2026-03-18 19:34:24.757 INFO  [traceId= userId=] [restartedMain] o.s.d.r.c.RepositoryConfigurationDelegate : Finished Spring Data repository scanning in 185 ms. Found 6 JPA repository interfaces.
2026-03-18 19:34:24.780 INFO  [traceId= userId=] [restartedMain] o.s.d.r.c.RepositoryConfigurationDelegate : Multiple Spring Data modules found, entering strict repository configuration mode
2026-03-18 19:34:24.781 INFO  [traceId= userId=] [restartedMain] o.s.d.r.c.RepositoryConfigurationDelegate : Bootstrapping Spring Data Redis repositories in DEFAULT mode.
2026-03-18 19:34:24.811 INFO  [traceId= userId=] [restartedMain] o.s.d.r.c.RepositoryConfigurationExtensionSupport : Spring Data Redis - Could not safely identify store assignment for repository candidate interface com.example.demo.appuser.repository.AppUserRepository; If you want this repository to be a Redis repository, consider annotating your entities with one of these annotations: org.springframework.data.redis.core.RedisHash (preferred), or consider extending one of the following types with your repository: org.springframework.data.keyvalue.repository.KeyValueRepository
2026-03-18 19:34:24.812 INFO  [traceId= userId=] [restartedMain] o.s.d.r.c.RepositoryConfigurationExtensionSupport : Spring Data Redis - Could not safely identify store assignment for repository candidate interface com.example.demo.file.repository.FileRepository; If you want this repository to be a Redis repository, consider annotating your entities with one of these annotations: org.springframework.data.redis.core.RedisHash (preferred), or consider extending one of the following types with your repository: org.springframework.data.keyvalue.repository.KeyValueRepository
2026-03-18 19:34:24.814 INFO  [traceId= userId=] [restartedMain] o.s.d.r.c.RepositoryConfigurationExtensionSupport : Spring Data Redis - Could not safely identify store assignment for repository candidate interface com.example.demo.token.repository.RefreshTokenRepository; If you want this repository to be a Redis repository, consider annotating your entities with one of these annotations: org.springframework.data.redis.core.RedisHash (preferred), or consider extending one of the following types with your repository: org.springframework.data.keyvalue.repository.KeyValueRepository
2026-03-18 19:34:24.815 INFO  [traceId= userId=] [restartedMain] o.s.d.r.c.RepositoryConfigurationExtensionSupport : Spring Data Redis - Could not safely identify store assignment for repository candidate interface com.example.demo.user.repository.RoleHierarchyRepository; If you want this repository to be a Redis repository, consider annotating your entities with one of these annotations: org.springframework.data.redis.core.RedisHash (preferred), or consider extending one of the following types with your repository: org.springframework.data.keyvalue.repository.KeyValueRepository
2026-03-18 19:34:24.816 INFO  [traceId= userId=] [restartedMain] o.s.d.r.c.RepositoryConfigurationExtensionSupport : Spring Data Redis - Could not safely identify store assignment for repository candidate interface com.example.demo.user.repository.RoleRepository; If you want this repository to be a Redis repository, consider annotating your entities with one of these annotations: org.springframework.data.redis.core.RedisHash (preferred), or consider extending one of the following types with your repository: org.springframework.data.keyvalue.repository.KeyValueRepository
2026-03-18 19:34:24.817 INFO  [traceId= userId=] [restartedMain] o.s.d.r.c.RepositoryConfigurationExtensionSupport : Spring Data Redis - Could not safely identify store assignment for repository candidate interface com.example.demo.user.repository.UserRepository; If you want this repository to be a Redis repository, consider annotating your entities with one of these annotations: org.springframework.data.redis.core.RedisHash (preferred), or consider extending one of the following types with your repository: org.springframework.data.keyvalue.repository.KeyValueRepository
2026-03-18 19:34:24.817 INFO  [traceId= userId=] [restartedMain] o.s.d.r.c.RepositoryConfigurationDelegate : Finished Spring Data repository scanning in 25 ms. Found 0 Redis repository interfaces.
2026-03-18 19:34:26.219 INFO  [traceId= userId=] [restartedMain] o.s.b.w.e.t.TomcatWebServer : Tomcat initialized with port 8081 (http)
2026-03-18 19:34:26.258 INFO  [traceId= userId=] [restartedMain] o.a.c.h.Http11NioProtocol : Initializing ProtocolHandler ["http-nio-8081"]
2026-03-18 19:34:26.264 INFO  [traceId= userId=] [restartedMain] o.a.c.c.StandardService : Starting service [Tomcat]
2026-03-18 19:34:26.266 INFO  [traceId= userId=] [restartedMain] o.a.c.c.StandardEngine : Starting Servlet engine: [Apache Tomcat/10.1.20]
2026-03-18 19:34:26.443 INFO  [traceId= userId=] [restartedMain] o.a.c.c.C.[.[.[/] : Initializing Spring embedded WebApplicationContext
2026-03-18 19:34:26.444 INFO  [traceId= userId=] [restartedMain] o.s.b.w.s.c.ServletWebServerApplicationContext : Root WebApplicationContext: initialization completed in 3607 ms
2026-03-18 19:34:26.559 INFO  [traceId= userId=] [restartedMain] c.g.g.b.j.d.p.P6SpyConfiguration : P6Spy modulelist is overridden, some p6spy configuration features will not be applied
2026-03-18 19:34:26.711 INFO  [traceId= userId=] [restartedMain] c.z.h.HikariDataSource : HikariPool-1 - Starting...
2026-03-18 19:34:26.891 INFO  [traceId= userId=] [restartedMain] c.z.h.p.HikariPool : HikariPool-1 - Added connection conn0: url=jdbc:h2:tcp://localhost/~/testdb user=SA
2026-03-18 19:34:26.894 INFO  [traceId= userId=] [restartedMain] c.z.h.HikariDataSource : HikariPool-1 - Start completed.
2026-03-18 19:34:26.917 INFO  [traceId= userId=] [restartedMain] o.s.b.a.h.H2ConsoleAutoConfiguration : H2 console available at '/h2-console'. Database available at 'jdbc:h2:tcp://localhost/~/testdb'
2026-03-18 19:34:27.880 INFO  [traceId= userId=] [restartedMain] o.h.j.i.u.LogHelper : HHH000204: Processing PersistenceUnitInfo [name: default]
2026-03-18 19:34:27.992 INFO  [traceId= userId=] [restartedMain] o.hibernate.Version : HHH000412: Hibernate ORM core version 6.4.4.Final
2026-03-18 19:34:28.047 INFO  [traceId= userId=] [restartedMain] o.h.c.i.RegionFactoryInitiator : HHH000026: Second-level cache disabled
2026-03-18 19:34:28.265 INFO  [traceId= userId=] [restartedMain] o.s.o.j.p.SpringPersistenceUnitInfo : No LoadTimeWeaver setup: ignoring JPA class transformer
2026-03-18 19:34:29.498 INFO  [traceId= userId=] [restartedMain] o.h.e.t.j.p.i.JtaPlatformInitiator : HHH000489: No JTA platform available (set 'hibernate.transaction.jta.platform' to enable JTA platform integration)
2026-03-18 19:34:29.595 INFO  [traceId= userId=] [restartedMain] o.s.o.j.LocalContainerEntityManagerFactoryBean : Initialized JPA EntityManagerFactory for persistence unit 'default'
2026-03-18 19:34:31.901 INFO  [traceId= userId=] [restartedMain] o.s.s.w.DefaultSecurityFilterChain : Will secure any request with [org.springframework.security.web.session.DisableEncodeUrlFilter@67186670, org.springframework.security.web.context.request.async.WebAsyncManagerIntegrationFilter@78f65e7a, org.springframework.security.web.context.SecurityContextHolderFilter@606d217f, org.springframework.security.web.header.HeaderWriterFilter@1cb35313, org.springframework.web.filter.CorsFilter@40cdf77a, org.springframework.security.web.authentication.logout.LogoutFilter@6b126756, org.springframework.security.oauth2.client.web.OAuth2AuthorizationRequestRedirectFilter@2006a4b8, org.springframework.security.oauth2.client.web.OAuth2LoginAuthenticationFilter@7adcb5bc, com.example.demo.security.jwt.JwtAuthenticationFilter@774fd1d3, org.springframework.security.web.savedrequest.RequestCacheAwareFilter@cba2759, org.springframework.security.web.servletapi.SecurityContextHolderAwareRequestFilter@424f0df, org.springframework.security.web.authentication.AnonymousAuthenticationFilter@cfe9bd8, org.springframework.security.web.session.SessionManagementFilter@1723452c, org.springframework.security.web.access.ExceptionTranslationFilter@798deaa0, org.springframework.security.web.access.intercept.AuthorizationFilter@6aa7e56f]
2026-03-18 19:34:32.686 INFO  [traceId= userId=] [restartedMain] o.s.b.d.a.OptionalLiveReloadServer : LiveReload server is running on port 35729
2026-03-18 19:34:32.705 INFO  [traceId= userId=] [restartedMain] o.a.c.h.Http11NioProtocol : Starting ProtocolHandler ["http-nio-8081"]
2026-03-18 19:34:32.730 INFO  [traceId= userId=] [restartedMain] o.s.b.w.e.t.TomcatWebServer : Tomcat started on port 8081 (http) with context path ''
2026-03-18 19:34:32.743 INFO  [traceId= userId=] [restartedMain] c.e.d.SpringUnifiedCoreApplication : Started SpringUnifiedCoreApplication in 10.702 seconds (process running for 11.499)
2026-03-18 20:29:30.345 INFO  [traceId= userId=] [http-nio-8081-exec-1] o.a.c.c.C.[.[.[/] : Initializing Spring DispatcherServlet 'dispatcherServlet'
2026-03-18 20:29:30.346 INFO  [traceId= userId=] [http-nio-8081-exec-1] o.s.w.s.DispatcherServlet : Initializing Servlet 'dispatcherServlet'
2026-03-18 20:29:30.357 INFO  [traceId= userId=] [http-nio-8081-exec-1] o.s.w.s.DispatcherServlet : Completed initialization in 10 ms
2026-03-18 20:29:30.372 INFO  [traceId=112428f1 userId=] [http-nio-8081-exec-1] c.e.d.c.l.RequestLoggingFilter : REQUEST ip=0:0:0:0:0:0:0:1 method=OPTIONS uri=/auth/me
2026-03-18 20:29:30.471 INFO  [traceId=112428f1 userId=] [http-nio-8081-exec-1] c.e.d.c.l.RequestLoggingFilter : RESPONSE status=200 duration=99ms uri=/auth/me
2026-03-18 20:29:30.484 INFO  [traceId=3256bff7 userId=] [http-nio-8081-exec-2] c.e.d.c.l.RequestLoggingFilter : REQUEST ip=0:0:0:0:0:0:0:1 method=GET uri=/auth/me
2026-03-18 20:29:31.585 INFO  [traceId=3256bff7 userId=] [http-nio-8081-exec-2] c.e.d.c.l.RequestLoggingFilter : RESPONSE status=401 duration=1101ms uri=/auth/me
2026-03-18 20:29:31.800 INFO  [traceId=ad236125 userId=] [http-nio-8081-exec-5] c.e.d.c.l.RequestLoggingFilter : REQUEST ip=0:0:0:0:0:0:0:1 method=OPTIONS uri=/auth/refresh
2026-03-18 20:29:31.803 INFO  [traceId=ad236125 userId=] [http-nio-8081-exec-5] c.e.d.c.l.RequestLoggingFilter : RESPONSE status=200 duration=3ms uri=/auth/refresh
2026-03-18 20:29:31.807 INFO  [traceId=5dd0aa81 userId=] [http-nio-8081-exec-4] c.e.d.c.l.RequestLoggingFilter : REQUEST ip=0:0:0:0:0:0:0:1 method=POST uri=/auth/refresh
2026-03-18 20:29:32.382 INFO  [traceId=5dd0aa81 userId=] [http-nio-8081-exec-4] c.e.d.c.l.RequestLoggingFilter : RESPONSE status=200 duration=575ms uri=/auth/refresh
2026-03-18 20:29:32.403 INFO  [traceId=f13722e7 userId=] [http-nio-8081-exec-9] c.e.d.c.l.RequestLoggingFilter : REQUEST ip=0:0:0:0:0:0:0:1 method=GET uri=/auth/me
2026-03-18 20:29:32.517 INFO  [traceId=f13722e7 userId=1] [http-nio-8081-exec-9] c.e.d.c.l.RequestLoggingFilter : RESPONSE status=200 duration=114ms uri=/auth/me
2026-03-18 20:29:38.872 INFO  [traceId=b629dd5d userId=] [http-nio-8081-exec-3] c.e.d.c.l.RequestLoggingFilter : REQUEST ip=0:0:0:0:0:0:0:1 method=OPTIONS uri=/auth/logout
2026-03-18 20:29:38.874 INFO  [traceId=b629dd5d userId=] [http-nio-8081-exec-3] c.e.d.c.l.RequestLoggingFilter : RESPONSE status=200 duration=2ms uri=/auth/logout
2026-03-18 20:29:38.877 INFO  [traceId=157c606f userId=] [http-nio-8081-exec-7] c.e.d.c.l.RequestLoggingFilter : REQUEST ip=0:0:0:0:0:0:0:1 method=POST uri=/auth/logout
2026-03-18 20:29:38.945 INFO  [traceId=157c606f userId=1] [http-nio-8081-exec-7] c.e.d.c.l.RequestLoggingFilter : RESPONSE status=200 duration=68ms uri=/auth/logout
2026-03-18 20:29:47.843 INFO  [traceId=798cc44c userId=] [http-nio-8081-exec-8] c.e.d.c.l.RequestLoggingFilter : REQUEST ip=0:0:0:0:0:0:0:1 method=POST uri=/auth/refresh
2026-03-18 20:29:47.850 INFO  [traceId=798cc44c userId=] [http-nio-8081-exec-8] c.e.d.c.l.RequestLoggingFilter : RESPONSE status=401 duration=7ms uri=/auth/refresh
2026-03-18 20:40:59.893 INFO  [traceId=4be81489 userId=] [http-nio-8081-exec-1] c.e.d.c.l.RequestLoggingFilter : REQUEST ip=0:0:0:0:0:0:0:1 method=POST uri=/auth/refresh
2026-03-18 20:40:59.899 INFO  [traceId=4be81489 userId=] [http-nio-8081-exec-1] c.e.d.c.l.RequestLoggingFilter : RESPONSE status=401 duration=6ms uri=/auth/refresh
