2026-03-29 12:52:46.727 ERROR [traceId= userId=] [restartedMain] o.s.b.d.LoggingFailureAnalysisReporter : 

***************************
APPLICATION FAILED TO START
***************************

Description:

Parameter 0 of constructor in com.example.demo.message.service.MessageService required a bean of type 'com.github.benmanes.caffeine.cache.Cache' that could not be found.


Action:

Consider defining a bean of type 'com.github.benmanes.caffeine.cache.Cache' in your configuration.

2026-03-29 12:53:41.248 ERROR [traceId= userId=] [restartedMain] o.s.b.d.LoggingFailureAnalysisReporter : 

***************************
APPLICATION FAILED TO START
***************************

Description:

Parameter 0 of constructor in com.example.demo.message.service.MessageService required a bean of type 'com.github.benmanes.caffeine.cache.Cache' that could not be found.


Action:

Consider defining a bean of type 'com.github.benmanes.caffeine.cache.Cache' in your configuration.

2026-03-29 12:59:54.368 ERROR [traceId= userId=] [restartedMain] o.s.b.d.LoggingFailureAnalysisReporter : 

***************************
APPLICATION FAILED TO START
***************************

Description:

Parameter 0 of constructor in com.example.demo.message.service.MessageService required a bean of type 'com.github.benmanes.caffeine.cache.Cache' that could not be found.


Action:

Consider defining a bean of type 'com.github.benmanes.caffeine.cache.Cache' in your configuration.

2026-03-29 13:02:23.071 ERROR [traceId= userId=] [Test worker] o.s.b.d.LoggingFailureAnalysisReporter : 

***************************
APPLICATION FAILED TO START
***************************

Description:

Parameter 1 of constructor in com.example.demo.message.service.MessageService required a bean of type 'com.example.demo.message.cache.MessageRedisCache' that could not be found.


Action:

Consider defining a bean of type 'com.example.demo.message.cache.MessageRedisCache' in your configuration.

2026-03-29 13:03:08.619 ERROR [traceId= userId=] [restartedMain] o.s.b.d.LoggingFailureAnalysisReporter : 

***************************
APPLICATION FAILED TO START
***************************

Description:

Parameter 1 of constructor in com.example.demo.message.service.MessageService required a bean of type 'com.example.demo.message.cache.MessageRedisCache' that could not be found.


Action:

Consider defining a bean of type 'com.example.demo.message.cache.MessageRedisCache' in your configuration.

