2026-03-14 10:45:05.705 DEBUG [traceId=ea4a62fb] [http-nio-8081-exec-1] c.e.d.common.logging.SlowQueryLogger : SQL 7ms select au1_0.id,au1_0.name from app_user au1_0 where au1_0.id=2
2026-03-14 10:45:24.255 DEBUG [traceId=2279df4c] [http-nio-8081-exec-3] c.e.d.common.logging.SlowQueryLogger : SQL 0ms select
        id,
        name
        from app_user
        where id = 1
2026-03-14 10:46:12.720 DEBUG [traceId=16cbe7b4] [http-nio-8081-exec-1] c.e.d.common.logging.SlowQueryLogger : SQL 3ms select
        id,
        name
        from app_user
        where id = 1
2026-03-14 10:46:21.954 DEBUG [traceId=b7847c1e] [http-nio-8081-exec-3] c.e.d.common.logging.SlowQueryLogger : SQL 0ms select au1_0.id,au1_0.name from app_user au1_0 where au1_0.id=2
2026-03-14 10:46:55.127 DEBUG [traceId=d84da386] [http-nio-8081-exec-2] c.e.d.common.logging.SlowQueryLogger : SQL 12ms select au1_0.id,au1_0.name from app_user au1_0 where au1_0.id=2
2026-03-14 10:47:05.462 DEBUG [traceId=6466e31e] [http-nio-8081-exec-3] c.e.d.common.logging.SlowQueryLogger : SQL 0ms select
        id,
        name
        from app_user
        where id = 1
2026-03-14 12:22:31.996 DEBUG [traceId=185e20b5] [http-nio-8081-exec-1] c.e.d.common.logging.SlowQueryLogger : SQL 2ms select
        id,
        name
        from app_user
        where id = 1
2026-03-14 12:22:42.938 DEBUG [traceId=26f27791] [http-nio-8081-exec-3] c.e.d.common.logging.SlowQueryLogger : SQL 0ms select au1_0.id,au1_0.name from app_user au1_0 where au1_0.id=2
2026-03-14 12:29:09.944 DEBUG [traceId=5fba7c1a] [http-nio-8081-exec-1] c.e.d.common.logging.SlowQueryLogger : SQL 3ms select
        id,
        name
        from app_user
        where id = 1
2026-03-14 12:32:26.873 DEBUG [traceId=056574e1] [http-nio-8081-exec-2] c.e.d.common.logging.SlowQueryLogger : SQL 4ms select
        id,
        name
        from app_user
        where id = 1
