2026-03-17 17:54:03.800 INFO  [traceId= userId=] [restartedMain] p6spy : 2 ms | statement | connection 1 | create table if not exists app_user ( id bigint primary key, name varchar(100) not null )
2026-03-17 17:54:04.097 INFO  [traceId= userId=] [restartedMain] p6spy : 4 ms | statement | connection 2 | merge into app_user (id, name) key(id) values (1, 'kim')
2026-03-17 17:54:04.099 INFO  [traceId= userId=] [restartedMain] p6spy : 1 ms | statement | connection 2 | merge into app_user (id, name) key(id) values (2, 'lee')
2026-03-17 17:54:04.101 INFO  [traceId= userId=] [restartedMain] p6spy : 1 ms | statement | connection 2 | merge into app_user (id, name) key(id) values (3, 'park')
2026-03-17 17:54:06.078 INFO  [traceId= userId=] [restartedMain] p6spy : 7 ms | statement | connection 4 | select * from INFORMATION_SCHEMA.SEQUENCES
2026-03-17 17:54:06.104 INFO  [traceId= userId=] [restartedMain] p6spy : 1 ms | statement | connection 4 | alter table if exists refresh_token drop constraint if exists UKkdj16cltjxdksuyiosdhliveg
2026-03-17 17:54:06.111 INFO  [traceId= userId=] [restartedMain] p6spy : 6 ms | statement | connection 4 | alter table if exists refresh_token add constraint UKkdj16cltjxdksuyiosdhliveg unique (token_hash)
2026-03-17 17:54:06.113 INFO  [traceId= userId=] [restartedMain] p6spy : 0 ms | statement | connection 4 | alter table if exists role drop constraint if exists UKiubw515ff0ugtm28p8g3myt0h
2026-03-17 17:54:06.115 INFO  [traceId= userId=] [restartedMain] p6spy : 1 ms | statement | connection 4 | alter table if exists role add constraint UKiubw515ff0ugtm28p8g3myt0h unique (role_name)
2026-03-17 17:54:06.118 INFO  [traceId= userId=] [restartedMain] p6spy : 0 ms | statement | connection 4 | alter table if exists user_role drop constraint if exists UK872xec3woupu3gw59b04pj3sa
2026-03-17 17:54:06.119 INFO  [traceId= userId=] [restartedMain] p6spy : 0 ms | statement | connection 4 | alter table if exists user_role add constraint UK872xec3woupu3gw59b04pj3sa unique (user_id, role_id)
2026-03-17 17:54:06.122 INFO  [traceId= userId=] [restartedMain] p6spy : 1 ms | statement | connection 4 | alter table if exists users drop constraint if exists UK8mkeyj0y8gx4ngt7i50q4rxgg
2026-03-17 17:54:06.123 INFO  [traceId= userId=] [restartedMain] p6spy : 0 ms | statement | connection 4 | alter table if exists users add constraint UK8mkeyj0y8gx4ngt7i50q4rxgg unique (provider, provider_subject)
2026-03-17 17:54:06.125 INFO  [traceId= userId=] [restartedMain] p6spy : 1 ms | statement | connection 4 | alter table if exists users drop constraint if exists UK6dotkott2kjsp8vw4d0m25fb7
2026-03-17 17:54:06.127 INFO  [traceId= userId=] [restartedMain] p6spy : 1 ms | statement | connection 4 | alter table if exists users add constraint UK6dotkott2kjsp8vw4d0m25fb7 unique (email)
2026-03-17 17:54:06.134 INFO  [traceId= userId=] [restartedMain] p6spy : 0 ms | statement | connection 4 | select * from "testdb"."PUBLIC"."role" where 1=0
2026-03-17 17:54:06.137 INFO  [traceId= userId=] [restartedMain] p6spy : 0 ms | statement | connection 4 | select * from "testdb"."PUBLIC"."users" where 1=0
2026-03-17 17:54:07.451 INFO  [traceId= userId=] [restartedMain] p6spy : 1 ms | statement | connection 5 | select rhe1_0.id,rhe1_0.child_role,rhe1_0.parent_role from role_hierarchy rhe1_0
2026-03-17 17:54:10.617 INFO  [traceId= userId=] [restartedMain] p6spy : 1 ms | statement | connection 6 | select r1_0.id,r1_0.description,r1_0.role_name from role r1_0 where r1_0.role_name='ROLE_USER'
2026-03-17 17:54:10.632 INFO  [traceId= userId=] [restartedMain] p6spy : 1 ms | statement | connection 7 | select r1_0.id,r1_0.description,r1_0.role_name from role r1_0 where r1_0.role_name='ROLE_ADMIN'
2026-03-17 17:54:10.647 INFO  [traceId= userId=] [restartedMain] p6spy : 0 ms | statement | connection 8 | select rhe1_0.id from role_hierarchy rhe1_0 where rhe1_0.parent_role='ROLE_ADMIN' and rhe1_0.child_role='ROLE_USER' fetch first 1 rows only
2026-03-17 17:56:46.347 INFO  [traceId=e680e62c userId=] [http-nio-8081-exec-8] p6spy : 2 ms | statement | connection 9 | select rt1_0.id,rt1_0.created_at,rt1_0.device_id,rt1_0.expires_at,rt1_0.ip_address,rt1_0.parent_token_id,rt1_0.revoked,rt1_0.revoked_at,rt1_0.token_hash,rt1_0.user_agent,rt1_0.user_id from refresh_token rt1_0 where rt1_0.token_hash='1ccb972193f0b48822fc1a0b4fa0b270d69a218d823eb4bba7cc5e0ae62c9bde'
2026-03-17 17:56:46.368 INFO  [traceId=e680e62c userId=] [http-nio-8081-exec-8] p6spy : 0 ms | statement | connection 9 | select rt1_0.id,rt1_0.created_at,rt1_0.device_id,rt1_0.expires_at,rt1_0.ip_address,rt1_0.parent_token_id,rt1_0.revoked,rt1_0.revoked_at,rt1_0.token_hash,rt1_0.user_agent,rt1_0.user_id from refresh_token rt1_0 where rt1_0.token_hash='1ccb972193f0b48822fc1a0b4fa0b270d69a218d823eb4bba7cc5e0ae62c9bde'
2026-03-17 17:56:46.396 INFO  [traceId=e680e62c userId=] [http-nio-8081-exec-8] p6spy : 2 ms | statement | connection 9 | insert into refresh_token (created_at,device_id,expires_at,ip_address,parent_token_id,revoked,revoked_at,token_hash,user_agent,user_id,id) values ('2026-03-17T17:56:46.376+0900','99a2e661-c8ff-4641-b26f-3c826b911a8e','2026-03-31T17:56:46.351+0900','0:0:0:0:0:0:0:1',112,false,NULL,'f2f59dd68785ec3178a2639a7ace198c4e36c731eaecf0347daed9096bf57fcc','Mozilla/5.0 (Windows NT 10.0; Win64; x64) AppleWebKit/537.36 (KHTML, like Gecko) Chrome/145.0.0.0 Safari/537.36',1,default)
2026-03-17 17:56:46.412 INFO  [traceId=e680e62c userId=] [http-nio-8081-exec-8] p6spy : 0 ms | statement | connection 9 | select u1_0.id,u1_0.created_at,u1_0.email,u1_0.name,u1_0.provider,u1_0.provider_subject,u1_0.status,u1_0.updated_at from users u1_0 where u1_0.id=1
2026-03-17 17:56:46.431 INFO  [traceId=e680e62c userId=] [http-nio-8081-exec-8] p6spy : 0 ms | statement | connection 9 | select ur1_0.user_id,ur1_0.id,ur1_0.role_id from user_role ur1_0 where ur1_0.user_id=1
2026-03-17 17:56:46.440 INFO  [traceId=e680e62c userId=] [http-nio-8081-exec-8] p6spy : 0 ms | statement | connection 9 | select r1_0.id,r1_0.description,r1_0.role_name from role r1_0 where r1_0.id=1
2026-03-17 17:56:46.457 INFO  [traceId=e680e62c userId=] [http-nio-8081-exec-8] p6spy : 0 ms | statement | connection 9 | update refresh_token set created_at='2026-03-15T17:26:28.196+0900',device_id='99a2e661-c8ff-4641-b26f-3c826b911a8e',expires_at='2026-03-29T17:26:28.191+0900',ip_address='0:0:0:0:0:0:0:1',parent_token_id=111,revoked=true,revoked_at='2026-03-17T17:56:46.370+0900',token_hash='1ccb972193f0b48822fc1a0b4fa0b270d69a218d823eb4bba7cc5e0ae62c9bde',user_agent='Mozilla/5.0 (Windows NT 10.0; Win64; x64) AppleWebKit/537.36 (KHTML, like Gecko) Chrome/145.0.0.0 Safari/537.36',user_id=1 where id=112
2026-03-17 17:56:46.518 INFO  [traceId=5c70a71a userId=1] [http-nio-8081-exec-9] p6spy : 0 ms | statement | connection 10 | select u1_0.id,u1_0.created_at,u1_0.email,u1_0.name,u1_0.provider,u1_0.provider_subject,u1_0.status,u1_0.updated_at from users u1_0 where u1_0.id=1
2026-03-17 17:56:56.262 INFO  [traceId=8a70cfb3 userId=1] [http-nio-8081-exec-3] p6spy : 0 ms | statement | connection 11 | select rt1_0.id,rt1_0.created_at,rt1_0.device_id,rt1_0.expires_at,rt1_0.ip_address,rt1_0.parent_token_id,rt1_0.revoked,rt1_0.revoked_at,rt1_0.token_hash,rt1_0.user_agent,rt1_0.user_id from refresh_token rt1_0 where rt1_0.token_hash='f2f59dd68785ec3178a2639a7ace198c4e36c731eaecf0347daed9096bf57fcc'
2026-03-17 17:56:56.275 INFO  [traceId=8a70cfb3 userId=1] [http-nio-8081-exec-3] p6spy : 0 ms | statement | connection 11 | update refresh_token set created_at='2026-03-17T17:56:46.376+0900',device_id='99a2e661-c8ff-4641-b26f-3c826b911a8e',expires_at='2026-03-31T17:56:46.351+0900',ip_address='0:0:0:0:0:0:0:1',parent_token_id=112,revoked=true,revoked_at='2026-03-17T17:56:56.264+0900',token_hash='f2f59dd68785ec3178a2639a7ace198c4e36c731eaecf0347daed9096bf57fcc',user_agent='Mozilla/5.0 (Windows NT 10.0; Win64; x64) AppleWebKit/537.36 (KHTML, like Gecko) Chrome/145.0.0.0 Safari/537.36',user_id=1 where id=113
2026-03-17 17:57:01.907 INFO  [traceId=c59bcc35 userId=] [http-nio-8081-exec-5] p6spy : 0 ms | statement | connection 12 | select u1_0.id,u1_0.created_at,u1_0.email,u1_0.name,u1_0.provider,u1_0.provider_subject,u1_0.status,u1_0.updated_at from users u1_0 where u1_0.provider='KEYCLOAK' and u1_0.provider_subject='7ffd6511-7938-47b1-8ea4-d17b6858098c'
2026-03-17 17:57:01.911 INFO  [traceId=c59bcc35 userId=] [http-nio-8081-exec-5] p6spy : 0 ms | statement | connection 12 | select r1_0.id,r1_0.description,r1_0.role_name from role r1_0 where r1_0.role_name='ROLE_USER'
2026-03-17 17:57:01.914 INFO  [traceId=c59bcc35 userId=] [http-nio-8081-exec-5] p6spy : 0 ms | statement | connection 12 | select ur1_0.user_id,ur1_0.id,ur1_0.role_id from user_role ur1_0 where ur1_0.user_id=1
2026-03-17 17:57:01.925 INFO  [traceId=c59bcc35 userId=] [http-nio-8081-exec-5] p6spy : 0 ms | statement | connection 13 | insert into refresh_token (created_at,device_id,expires_at,ip_address,parent_token_id,revoked,revoked_at,token_hash,user_agent,user_id,id) values ('2026-03-17T17:57:01.923+0900','2040dbb4-2ae6-49e4-b600-a5eac471ad25','2026-03-31T17:57:01.921+0900','0:0:0:0:0:0:0:1',NULL,false,NULL,'aaf2193277a899d43008cf489b265814250b993c495add2327ae9406a96a3cc7','Mozilla/5.0 (Windows NT 10.0; Win64; x64) AppleWebKit/537.36 (KHTML, like Gecko) Chrome/145.0.0.0 Safari/537.36',1,default)
2026-03-17 17:57:02.026 INFO  [traceId=97957ea5 userId=] [http-nio-8081-exec-6] p6spy : 0 ms | statement | connection 14 | select rt1_0.id,rt1_0.created_at,rt1_0.device_id,rt1_0.expires_at,rt1_0.ip_address,rt1_0.parent_token_id,rt1_0.revoked,rt1_0.revoked_at,rt1_0.token_hash,rt1_0.user_agent,rt1_0.user_id from refresh_token rt1_0 where rt1_0.token_hash='aaf2193277a899d43008cf489b265814250b993c495add2327ae9406a96a3cc7'
2026-03-17 17:57:02.032 INFO  [traceId=97957ea5 userId=] [http-nio-8081-exec-6] p6spy : 1 ms | statement | connection 14 | select rt1_0.id,rt1_0.created_at,rt1_0.device_id,rt1_0.expires_at,rt1_0.ip_address,rt1_0.parent_token_id,rt1_0.revoked,rt1_0.revoked_at,rt1_0.token_hash,rt1_0.user_agent,rt1_0.user_id from refresh_token rt1_0 where rt1_0.token_hash='aaf2193277a899d43008cf489b265814250b993c495add2327ae9406a96a3cc7'
2026-03-17 17:57:02.037 INFO  [traceId=97957ea5 userId=] [http-nio-8081-exec-6] p6spy : 0 ms | statement | connection 14 | insert into refresh_token (created_at,device_id,expires_at,ip_address,parent_token_id,revoked,revoked_at,token_hash,user_agent,user_id,id) values ('2026-03-17T17:57:02.034+0900','99a2e661-c8ff-4641-b26f-3c826b911a8e','2026-03-31T17:57:02.027+0900','0:0:0:0:0:0:0:1',114,false,NULL,'14a136de9b5772e10288e3dc18725e8ef92d539d7fa6ea61185b8c8814e7975a','Mozilla/5.0 (Windows NT 10.0; Win64; x64) AppleWebKit/537.36 (KHTML, like Gecko) Chrome/145.0.0.0 Safari/537.36',1,default)
2026-03-17 17:57:02.039 INFO  [traceId=97957ea5 userId=] [http-nio-8081-exec-6] p6spy : 0 ms | statement | connection 14 | select u1_0.id,u1_0.created_at,u1_0.email,u1_0.name,u1_0.provider,u1_0.provider_subject,u1_0.status,u1_0.updated_at from users u1_0 where u1_0.id=1
2026-03-17 17:57:02.042 INFO  [traceId=97957ea5 userId=] [http-nio-8081-exec-6] p6spy : 1 ms | statement | connection 14 | select ur1_0.user_id,ur1_0.id,ur1_0.role_id from user_role ur1_0 where ur1_0.user_id=1
2026-03-17 17:57:02.046 INFO  [traceId=97957ea5 userId=] [http-nio-8081-exec-6] p6spy : 0 ms | statement | connection 14 | select r1_0.id,r1_0.description,r1_0.role_name from role r1_0 where r1_0.id=1
2026-03-17 17:57:02.052 INFO  [traceId=97957ea5 userId=] [http-nio-8081-exec-6] p6spy : 1 ms | statement | connection 14 | update refresh_token set created_at='2026-03-17T17:57:01.923+0900',device_id='2040dbb4-2ae6-49e4-b600-a5eac471ad25',expires_at='2026-03-31T17:57:01.921+0900',ip_address='0:0:0:0:0:0:0:1',parent_token_id=NULL,revoked=true,revoked_at='2026-03-17T17:57:02.033+0900',token_hash='aaf2193277a899d43008cf489b265814250b993c495add2327ae9406a96a3cc7',user_agent='Mozilla/5.0 (Windows NT 10.0; Win64; x64) AppleWebKit/537.36 (KHTML, like Gecko) Chrome/145.0.0.0 Safari/537.36',user_id=1 where id=114
2026-03-17 17:57:02.075 INFO  [traceId=4df7e71b userId=1] [http-nio-8081-exec-7] p6spy : 0 ms | statement | connection 15 | select u1_0.id,u1_0.created_at,u1_0.email,u1_0.name,u1_0.provider,u1_0.provider_subject,u1_0.status,u1_0.updated_at from users u1_0 where u1_0.id=1
2026-03-17 17:58:30.940 INFO  [traceId= userId=] [restartedMain] p6spy : 2 ms | statement | connection 1 | create table if not exists app_user ( id bigint primary key, name varchar(100) not null )
2026-03-17 17:58:30.943 INFO  [traceId= userId=] [restartedMain] p6spy : 1 ms | statement | connection 2 | merge into app_user (id, name) key(id) values (1, 'kim')
2026-03-17 17:58:30.945 INFO  [traceId= userId=] [restartedMain] p6spy : 1 ms | statement | connection 2 | merge into app_user (id, name) key(id) values (2, 'lee')
2026-03-17 17:58:30.947 INFO  [traceId= userId=] [restartedMain] p6spy : 1 ms | statement | connection 2 | merge into app_user (id, name) key(id) values (3, 'park')
2026-03-17 17:58:32.619 INFO  [traceId= userId=] [restartedMain] p6spy : 6 ms | statement | connection 4 | select * from INFORMATION_SCHEMA.SEQUENCES
2026-03-17 17:58:32.639 INFO  [traceId= userId=] [restartedMain] p6spy : 1 ms | statement | connection 4 | alter table if exists refresh_token drop constraint if exists UKkdj16cltjxdksuyiosdhliveg
2026-03-17 17:58:32.642 INFO  [traceId= userId=] [restartedMain] p6spy : 2 ms | statement | connection 4 | alter table if exists refresh_token add constraint UKkdj16cltjxdksuyiosdhliveg unique (token_hash)
2026-03-17 17:58:32.645 INFO  [traceId= userId=] [restartedMain] p6spy : 0 ms | statement | connection 4 | alter table if exists role drop constraint if exists UKiubw515ff0ugtm28p8g3myt0h
2026-03-17 17:58:32.646 INFO  [traceId= userId=] [restartedMain] p6spy : 1 ms | statement | connection 4 | alter table if exists role add constraint UKiubw515ff0ugtm28p8g3myt0h unique (role_name)
2026-03-17 17:58:32.649 INFO  [traceId= userId=] [restartedMain] p6spy : 0 ms | statement | connection 4 | alter table if exists user_role drop constraint if exists UK872xec3woupu3gw59b04pj3sa
2026-03-17 17:58:32.650 INFO  [traceId= userId=] [restartedMain] p6spy : 0 ms | statement | connection 4 | alter table if exists user_role add constraint UK872xec3woupu3gw59b04pj3sa unique (user_id, role_id)
2026-03-17 17:58:32.652 INFO  [traceId= userId=] [restartedMain] p6spy : 1 ms | statement | connection 4 | alter table if exists users drop constraint if exists UK8mkeyj0y8gx4ngt7i50q4rxgg
2026-03-17 17:58:32.654 INFO  [traceId= userId=] [restartedMain] p6spy : 0 ms | statement | connection 4 | alter table if exists users add constraint UK8mkeyj0y8gx4ngt7i50q4rxgg unique (provider, provider_subject)
2026-03-17 17:58:32.655 INFO  [traceId= userId=] [restartedMain] p6spy : 0 ms | statement | connection 4 | alter table if exists users drop constraint if exists UK6dotkott2kjsp8vw4d0m25fb7
2026-03-17 17:58:32.657 INFO  [traceId= userId=] [restartedMain] p6spy : 1 ms | statement | connection 4 | alter table if exists users add constraint UK6dotkott2kjsp8vw4d0m25fb7 unique (email)
2026-03-17 17:58:32.664 INFO  [traceId= userId=] [restartedMain] p6spy : 0 ms | statement | connection 4 | select * from "testdb"."PUBLIC"."role" where 1=0
2026-03-17 17:58:32.667 INFO  [traceId= userId=] [restartedMain] p6spy : 0 ms | statement | connection 4 | select * from "testdb"."PUBLIC"."users" where 1=0
2026-03-17 17:58:33.727 INFO  [traceId= userId=] [restartedMain] p6spy : 0 ms | statement | connection 5 | select rhe1_0.id,rhe1_0.child_role,rhe1_0.parent_role from role_hierarchy rhe1_0
2026-03-17 17:58:35.251 INFO  [traceId= userId=] [restartedMain] p6spy : 0 ms | statement | connection 6 | select r1_0.id,r1_0.description,r1_0.role_name from role r1_0 where r1_0.role_name='ROLE_USER'
2026-03-17 17:58:35.256 INFO  [traceId= userId=] [restartedMain] p6spy : 0 ms | statement | connection 7 | select r1_0.id,r1_0.description,r1_0.role_name from role r1_0 where r1_0.role_name='ROLE_ADMIN'
2026-03-17 17:58:35.266 INFO  [traceId= userId=] [restartedMain] p6spy : 0 ms | statement | connection 8 | select rhe1_0.id from role_hierarchy rhe1_0 where rhe1_0.parent_role='ROLE_ADMIN' and rhe1_0.child_role='ROLE_USER' fetch first 1 rows only
2026-03-17 18:00:57.671 INFO  [traceId=9554be43 userId=] [http-nio-8081-exec-10] p6spy : 1 ms | statement | connection 9 | select rt1_0.id,rt1_0.created_at,rt1_0.device_id,rt1_0.expires_at,rt1_0.ip_address,rt1_0.parent_token_id,rt1_0.revoked,rt1_0.revoked_at,rt1_0.token_hash,rt1_0.user_agent,rt1_0.user_id from refresh_token rt1_0 where rt1_0.token_hash='14a136de9b5772e10288e3dc18725e8ef92d539d7fa6ea61185b8c8814e7975a'
2026-03-17 18:00:57.698 INFO  [traceId=9554be43 userId=] [http-nio-8081-exec-10] p6spy : 0 ms | statement | connection 9 | select rt1_0.id,rt1_0.created_at,rt1_0.device_id,rt1_0.expires_at,rt1_0.ip_address,rt1_0.parent_token_id,rt1_0.revoked,rt1_0.revoked_at,rt1_0.token_hash,rt1_0.user_agent,rt1_0.user_id from refresh_token rt1_0 where rt1_0.token_hash='14a136de9b5772e10288e3dc18725e8ef92d539d7fa6ea61185b8c8814e7975a'
2026-03-17 18:00:57.731 INFO  [traceId=9554be43 userId=] [http-nio-8081-exec-10] p6spy : 1 ms | statement | connection 9 | insert into refresh_token (created_at,device_id,expires_at,ip_address,parent_token_id,revoked,revoked_at,token_hash,user_agent,user_id,id) values ('2026-03-17T18:00:57.707+0900','unknown','2026-03-31T18:00:57.676+0900','0:0:0:0:0:0:0:1',115,false,NULL,'32a32f1ad591941dfbba74d06a89ce43327deb6766d242fd4795cbdabe6fe2ec','Mozilla/5.0 (Windows NT 10.0; Win64; x64) AppleWebKit/537.36 (KHTML, like Gecko) Chrome/145.0.0.0 Safari/537.36',1,default)
2026-03-17 18:00:57.749 INFO  [traceId=9554be43 userId=] [http-nio-8081-exec-10] p6spy : 0 ms | statement | connection 9 | select u1_0.id,u1_0.created_at,u1_0.email,u1_0.name,u1_0.provider,u1_0.provider_subject,u1_0.status,u1_0.updated_at from users u1_0 where u1_0.id=1
2026-03-17 18:00:57.768 INFO  [traceId=9554be43 userId=] [http-nio-8081-exec-10] p6spy : 0 ms | statement | connection 9 | select ur1_0.user_id,ur1_0.id,ur1_0.role_id from user_role ur1_0 where ur1_0.user_id=1
2026-03-17 18:00:57.778 INFO  [traceId=9554be43 userId=] [http-nio-8081-exec-10] p6spy : 0 ms | statement | connection 9 | select r1_0.id,r1_0.description,r1_0.role_name from role r1_0 where r1_0.id=1
2026-03-17 18:00:57.804 INFO  [traceId=9554be43 userId=] [http-nio-8081-exec-10] p6spy : 1 ms | statement | connection 9 | update refresh_token set created_at='2026-03-17T17:57:02.034+0900',device_id='99a2e661-c8ff-4641-b26f-3c826b911a8e',expires_at='2026-03-31T17:57:02.027+0900',ip_address='0:0:0:0:0:0:0:1',parent_token_id=114,revoked=true,revoked_at='2026-03-17T18:00:57.700+0900',token_hash='14a136de9b5772e10288e3dc18725e8ef92d539d7fa6ea61185b8c8814e7975a',user_agent='Mozilla/5.0 (Windows NT 10.0; Win64; x64) AppleWebKit/537.36 (KHTML, like Gecko) Chrome/145.0.0.0 Safari/537.36',user_id=1 where id=115
2026-03-17 18:01:21.743 INFO  [traceId=7db75a14 userId=1] [http-nio-8081-exec-3] p6spy : 0 ms | statement | connection 10 | select u1_0.id,u1_0.created_at,u1_0.email,u1_0.name,u1_0.provider,u1_0.provider_subject,u1_0.status,u1_0.updated_at from users u1_0 where u1_0.id=1
2026-03-17 18:01:34.599 INFO  [traceId=dd6bb398 userId=1] [http-nio-8081-exec-4] p6spy : 1 ms | statement | connection 11 | select rt1_0.id,rt1_0.created_at,rt1_0.device_id,rt1_0.expires_at,rt1_0.ip_address,rt1_0.parent_token_id,rt1_0.revoked,rt1_0.revoked_at,rt1_0.token_hash,rt1_0.user_agent,rt1_0.user_id from refresh_token rt1_0 where rt1_0.user_id=1 and not(rt1_0.revoked) order by rt1_0.created_at desc
2026-03-17 18:02:03.381 INFO  [traceId=18e6e962 userId=1] [http-nio-8081-exec-6] p6spy : 0 ms | statement | connection 12 | select u1_0.id,u1_0.created_at,u1_0.email,u1_0.name,u1_0.provider,u1_0.provider_subject,u1_0.status,u1_0.updated_at from users u1_0 where u1_0.id=1
2026-03-17 18:05:46.220 INFO  [traceId= userId=] [restartedMain] p6spy : 2 ms | statement | connection 1 | create table if not exists app_user ( id bigint primary key, name varchar(100) not null )
2026-03-17 18:05:46.224 INFO  [traceId= userId=] [restartedMain] p6spy : 1 ms | statement | connection 2 | merge into app_user (id, name) key(id) values (1, 'kim')
2026-03-17 18:05:46.225 INFO  [traceId= userId=] [restartedMain] p6spy : 1 ms | statement | connection 2 | merge into app_user (id, name) key(id) values (2, 'lee')
2026-03-17 18:05:46.228 INFO  [traceId= userId=] [restartedMain] p6spy : 1 ms | statement | connection 2 | merge into app_user (id, name) key(id) values (3, 'park')
2026-03-17 18:05:47.732 INFO  [traceId= userId=] [restartedMain] p6spy : 8 ms | statement | connection 4 | select * from INFORMATION_SCHEMA.SEQUENCES
2026-03-17 18:05:47.748 INFO  [traceId= userId=] [restartedMain] p6spy : 1 ms | statement | connection 4 | alter table if exists refresh_token drop constraint if exists UKkdj16cltjxdksuyiosdhliveg
2026-03-17 18:05:47.752 INFO  [traceId= userId=] [restartedMain] p6spy : 2 ms | statement | connection 4 | alter table if exists refresh_token add constraint UKkdj16cltjxdksuyiosdhliveg unique (token_hash)
2026-03-17 18:05:47.754 INFO  [traceId= userId=] [restartedMain] p6spy : 0 ms | statement | connection 4 | alter table if exists role drop constraint if exists UKiubw515ff0ugtm28p8g3myt0h
2026-03-17 18:05:47.756 INFO  [traceId= userId=] [restartedMain] p6spy : 1 ms | statement | connection 4 | alter table if exists role add constraint UKiubw515ff0ugtm28p8g3myt0h unique (role_name)
2026-03-17 18:05:47.758 INFO  [traceId= userId=] [restartedMain] p6spy : 0 ms | statement | connection 4 | alter table if exists user_role drop constraint if exists UK872xec3woupu3gw59b04pj3sa
2026-03-17 18:05:47.759 INFO  [traceId= userId=] [restartedMain] p6spy : 0 ms | statement | connection 4 | alter table if exists user_role add constraint UK872xec3woupu3gw59b04pj3sa unique (user_id, role_id)
2026-03-17 18:05:47.761 INFO  [traceId= userId=] [restartedMain] p6spy : 0 ms | statement | connection 4 | alter table if exists users drop constraint if exists UK8mkeyj0y8gx4ngt7i50q4rxgg
2026-03-17 18:05:47.762 INFO  [traceId= userId=] [restartedMain] p6spy : 0 ms | statement | connection 4 | alter table if exists users add constraint UK8mkeyj0y8gx4ngt7i50q4rxgg unique (provider, provider_subject)
2026-03-17 18:05:47.763 INFO  [traceId= userId=] [restartedMain] p6spy : 0 ms | statement | connection 4 | alter table if exists users drop constraint if exists UK6dotkott2kjsp8vw4d0m25fb7
2026-03-17 18:05:47.765 INFO  [traceId= userId=] [restartedMain] p6spy : 1 ms | statement | connection 4 | alter table if exists users add constraint UK6dotkott2kjsp8vw4d0m25fb7 unique (email)
2026-03-17 18:05:47.773 INFO  [traceId= userId=] [restartedMain] p6spy : 0 ms | statement | connection 4 | select * from "testdb"."PUBLIC"."role" where 1=0
2026-03-17 18:05:47.776 INFO  [traceId= userId=] [restartedMain] p6spy : 0 ms | statement | connection 4 | select * from "testdb"."PUBLIC"."users" where 1=0
2026-03-17 18:05:48.746 INFO  [traceId= userId=] [restartedMain] p6spy : 0 ms | statement | connection 5 | select rhe1_0.id,rhe1_0.child_role,rhe1_0.parent_role from role_hierarchy rhe1_0
2026-03-17 18:05:50.527 INFO  [traceId= userId=] [restartedMain] p6spy : 0 ms | statement | connection 6 | select r1_0.id,r1_0.description,r1_0.role_name from role r1_0 where r1_0.role_name='ROLE_USER'
2026-03-17 18:05:50.533 INFO  [traceId= userId=] [restartedMain] p6spy : 0 ms | statement | connection 7 | select r1_0.id,r1_0.description,r1_0.role_name from role r1_0 where r1_0.role_name='ROLE_ADMIN'
2026-03-17 18:05:50.543 INFO  [traceId= userId=] [restartedMain] p6spy : 0 ms | statement | connection 8 | select rhe1_0.id from role_hierarchy rhe1_0 where rhe1_0.parent_role='ROLE_ADMIN' and rhe1_0.child_role='ROLE_USER' fetch first 1 rows only
2026-03-17 18:06:13.425 INFO  [traceId=7ca5ad14 userId=] [http-nio-8081-exec-10] p6spy : 1 ms | statement | connection 9 | select rt1_0.id,rt1_0.created_at,rt1_0.device_id,rt1_0.expires_at,rt1_0.ip_address,rt1_0.parent_token_id,rt1_0.revoked,rt1_0.revoked_at,rt1_0.token_hash,rt1_0.user_agent,rt1_0.user_id from refresh_token rt1_0 where rt1_0.token_hash='32a32f1ad591941dfbba74d06a89ce43327deb6766d242fd4795cbdabe6fe2ec'
2026-03-17 18:06:13.444 INFO  [traceId=7ca5ad14 userId=] [http-nio-8081-exec-10] p6spy : 0 ms | statement | connection 9 | select rt1_0.id,rt1_0.created_at,rt1_0.device_id,rt1_0.expires_at,rt1_0.ip_address,rt1_0.parent_token_id,rt1_0.revoked,rt1_0.revoked_at,rt1_0.token_hash,rt1_0.user_agent,rt1_0.user_id from refresh_token rt1_0 where rt1_0.token_hash='32a32f1ad591941dfbba74d06a89ce43327deb6766d242fd4795cbdabe6fe2ec'
2026-03-17 18:06:13.471 INFO  [traceId=7ca5ad14 userId=] [http-nio-8081-exec-10] p6spy : 1 ms | statement | connection 9 | insert into refresh_token (created_at,device_id,expires_at,ip_address,parent_token_id,revoked,revoked_at,token_hash,user_agent,user_id,id) values ('2026-03-17T18:06:13.453+0900','unknown','2026-03-31T18:06:13.428+0900','0:0:0:0:0:0:0:1',116,false,NULL,'f6757897088bd3dcd80ca64578ccf96146db063b4b8632e78fa386ffa91e8fb9','Mozilla/5.0 (Windows NT 10.0; Win64; x64) AppleWebKit/537.36 (KHTML, like Gecko) Chrome/145.0.0.0 Safari/537.36',1,default)
2026-03-17 18:06:13.484 INFO  [traceId=7ca5ad14 userId=] [http-nio-8081-exec-10] p6spy : 0 ms | statement | connection 9 | select u1_0.id,u1_0.created_at,u1_0.email,u1_0.name,u1_0.provider,u1_0.provider_subject,u1_0.status,u1_0.updated_at from users u1_0 where u1_0.id=1
2026-03-17 18:06:13.502 INFO  [traceId=7ca5ad14 userId=] [http-nio-8081-exec-10] p6spy : 0 ms | statement | connection 9 | select ur1_0.user_id,ur1_0.id,ur1_0.role_id from user_role ur1_0 where ur1_0.user_id=1
2026-03-17 18:06:13.511 INFO  [traceId=7ca5ad14 userId=] [http-nio-8081-exec-10] p6spy : 0 ms | statement | connection 9 | select r1_0.id,r1_0.description,r1_0.role_name from role r1_0 where r1_0.id=1
2026-03-17 18:06:13.532 INFO  [traceId=7ca5ad14 userId=] [http-nio-8081-exec-10] p6spy : 0 ms | statement | connection 9 | update refresh_token set created_at='2026-03-17T18:00:57.707+0900',device_id='unknown',expires_at='2026-03-31T18:00:57.676+0900',ip_address='0:0:0:0:0:0:0:1',parent_token_id=115,revoked=true,revoked_at='2026-03-17T18:06:13.447+0900',token_hash='32a32f1ad591941dfbba74d06a89ce43327deb6766d242fd4795cbdabe6fe2ec',user_agent='Mozilla/5.0 (Windows NT 10.0; Win64; x64) AppleWebKit/537.36 (KHTML, like Gecko) Chrome/145.0.0.0 Safari/537.36',user_id=1 where id=116
2026-03-17 18:06:55.778 INFO  [traceId=4fc156de userId=1] [http-nio-8081-exec-1] p6spy : 0 ms | statement | connection 10 | select u1_0.id,u1_0.created_at,u1_0.email,u1_0.name,u1_0.provider,u1_0.provider_subject,u1_0.status,u1_0.updated_at from users u1_0 where u1_0.id=1
2026-03-17 18:16:10.536 INFO  [traceId= userId=] [restartedMain] p6spy : 2 ms | statement | connection 1 | create table if not exists app_user ( id bigint primary key, name varchar(100) not null )
2026-03-17 18:16:10.540 INFO  [traceId= userId=] [restartedMain] p6spy : 1 ms | statement | connection 2 | merge into app_user (id, name) key(id) values (1, 'kim')
2026-03-17 18:16:10.543 INFO  [traceId= userId=] [restartedMain] p6spy : 1 ms | statement | connection 2 | merge into app_user (id, name) key(id) values (2, 'lee')
2026-03-17 18:16:10.544 INFO  [traceId= userId=] [restartedMain] p6spy : 1 ms | statement | connection 2 | merge into app_user (id, name) key(id) values (3, 'park')
2026-03-17 18:16:12.072 INFO  [traceId= userId=] [restartedMain] p6spy : 6 ms | statement | connection 4 | select * from INFORMATION_SCHEMA.SEQUENCES
2026-03-17 18:16:12.088 INFO  [traceId= userId=] [restartedMain] p6spy : 2 ms | statement | connection 4 | alter table if exists refresh_token drop constraint if exists UKkdj16cltjxdksuyiosdhliveg
2026-03-17 18:16:12.092 INFO  [traceId= userId=] [restartedMain] p6spy : 2 ms | statement | connection 4 | alter table if exists refresh_token add constraint UKkdj16cltjxdksuyiosdhliveg unique (token_hash)
2026-03-17 18:16:12.095 INFO  [traceId= userId=] [restartedMain] p6spy : 1 ms | statement | connection 4 | alter table if exists role drop constraint if exists UKiubw515ff0ugtm28p8g3myt0h
2026-03-17 18:16:12.097 INFO  [traceId= userId=] [restartedMain] p6spy : 1 ms | statement | connection 4 | alter table if exists role add constraint UKiubw515ff0ugtm28p8g3myt0h unique (role_name)
2026-03-17 18:16:12.099 INFO  [traceId= userId=] [restartedMain] p6spy : 0 ms | statement | connection 4 | alter table if exists user_role drop constraint if exists UK872xec3woupu3gw59b04pj3sa
2026-03-17 18:16:12.100 INFO  [traceId= userId=] [restartedMain] p6spy : 0 ms | statement | connection 4 | alter table if exists user_role add constraint UK872xec3woupu3gw59b04pj3sa unique (user_id, role_id)
2026-03-17 18:16:12.102 INFO  [traceId= userId=] [restartedMain] p6spy : 0 ms | statement | connection 4 | alter table if exists users drop constraint if exists UK8mkeyj0y8gx4ngt7i50q4rxgg
2026-03-17 18:16:12.104 INFO  [traceId= userId=] [restartedMain] p6spy : 1 ms | statement | connection 4 | alter table if exists users add constraint UK8mkeyj0y8gx4ngt7i50q4rxgg unique (provider, provider_subject)
2026-03-17 18:16:12.106 INFO  [traceId= userId=] [restartedMain] p6spy : 1 ms | statement | connection 4 | alter table if exists users drop constraint if exists UK6dotkott2kjsp8vw4d0m25fb7
2026-03-17 18:16:12.107 INFO  [traceId= userId=] [restartedMain] p6spy : 1 ms | statement | connection 4 | alter table if exists users add constraint UK6dotkott2kjsp8vw4d0m25fb7 unique (email)
2026-03-17 18:16:12.114 INFO  [traceId= userId=] [restartedMain] p6spy : 0 ms | statement | connection 4 | select * from "testdb"."PUBLIC"."role" where 1=0
2026-03-17 18:16:12.116 INFO  [traceId= userId=] [restartedMain] p6spy : 0 ms | statement | connection 4 | select * from "testdb"."PUBLIC"."users" where 1=0
2026-03-17 18:16:13.242 INFO  [traceId= userId=] [restartedMain] p6spy : 0 ms | statement | connection 5 | select rhe1_0.id,rhe1_0.child_role,rhe1_0.parent_role from role_hierarchy rhe1_0
2026-03-17 18:16:14.911 INFO  [traceId= userId=] [restartedMain] p6spy : 0 ms | statement | connection 6 | select r1_0.id,r1_0.description,r1_0.role_name from role r1_0 where r1_0.role_name='ROLE_USER'
2026-03-17 18:16:14.918 INFO  [traceId= userId=] [restartedMain] p6spy : 0 ms | statement | connection 7 | select r1_0.id,r1_0.description,r1_0.role_name from role r1_0 where r1_0.role_name='ROLE_ADMIN'
2026-03-17 18:16:14.927 INFO  [traceId= userId=] [restartedMain] p6spy : 0 ms | statement | connection 8 | select rhe1_0.id from role_hierarchy rhe1_0 where rhe1_0.parent_role='ROLE_ADMIN' and rhe1_0.child_role='ROLE_USER' fetch first 1 rows only
2026-03-17 18:16:38.123 INFO  [traceId=a0af8f01 userId=] [http-nio-8081-exec-10] p6spy : 1 ms | statement | connection 9 | select rt1_0.id,rt1_0.created_at,rt1_0.device_id,rt1_0.expires_at,rt1_0.ip_address,rt1_0.parent_token_id,rt1_0.revoked,rt1_0.revoked_at,rt1_0.token_hash,rt1_0.user_agent,rt1_0.user_id from refresh_token rt1_0 where rt1_0.token_hash='f6757897088bd3dcd80ca64578ccf96146db063b4b8632e78fa386ffa91e8fb9'
2026-03-17 18:16:38.145 INFO  [traceId=a0af8f01 userId=] [http-nio-8081-exec-10] p6spy : 0 ms | statement | connection 9 | select rt1_0.id,rt1_0.created_at,rt1_0.device_id,rt1_0.expires_at,rt1_0.ip_address,rt1_0.parent_token_id,rt1_0.revoked,rt1_0.revoked_at,rt1_0.token_hash,rt1_0.user_agent,rt1_0.user_id from refresh_token rt1_0 where rt1_0.token_hash='f6757897088bd3dcd80ca64578ccf96146db063b4b8632e78fa386ffa91e8fb9'
2026-03-17 18:16:38.174 INFO  [traceId=a0af8f01 userId=] [http-nio-8081-exec-10] p6spy : 1 ms | statement | connection 9 | insert into refresh_token (created_at,device_id,expires_at,ip_address,parent_token_id,revoked,revoked_at,token_hash,user_agent,user_id,id) values ('2026-03-17T18:16:38.154+0900','unknown','2026-03-31T18:16:38.128+0900','0:0:0:0:0:0:0:1',117,false,NULL,'5c4e030ba5411df0cb32eadc74713084e5beb89280a0c3a567d29c6987bb9227','Mozilla/5.0 (Windows NT 10.0; Win64; x64) AppleWebKit/537.36 (KHTML, like Gecko) Chrome/145.0.0.0 Safari/537.36',1,default)
2026-03-17 18:16:38.191 INFO  [traceId=a0af8f01 userId=] [http-nio-8081-exec-10] p6spy : 0 ms | statement | connection 9 | select u1_0.id,u1_0.created_at,u1_0.email,u1_0.name,u1_0.provider,u1_0.provider_subject,u1_0.status,u1_0.updated_at from users u1_0 where u1_0.id=1
2026-03-17 18:16:38.209 INFO  [traceId=a0af8f01 userId=] [http-nio-8081-exec-10] p6spy : 0 ms | statement | connection 9 | select ur1_0.user_id,ur1_0.id,ur1_0.role_id from user_role ur1_0 where ur1_0.user_id=1
2026-03-17 18:16:38.217 INFO  [traceId=a0af8f01 userId=] [http-nio-8081-exec-10] p6spy : 0 ms | statement | connection 9 | select r1_0.id,r1_0.description,r1_0.role_name from role r1_0 where r1_0.id=1
2026-03-17 18:16:38.238 INFO  [traceId=a0af8f01 userId=] [http-nio-8081-exec-10] p6spy : 0 ms | statement | connection 9 | update refresh_token set created_at='2026-03-17T18:06:13.453+0900',device_id='unknown',expires_at='2026-03-31T18:06:13.428+0900',ip_address='0:0:0:0:0:0:0:1',parent_token_id=116,revoked=true,revoked_at='2026-03-17T18:16:38.147+0900',token_hash='f6757897088bd3dcd80ca64578ccf96146db063b4b8632e78fa386ffa91e8fb9',user_agent='Mozilla/5.0 (Windows NT 10.0; Win64; x64) AppleWebKit/537.36 (KHTML, like Gecko) Chrome/145.0.0.0 Safari/537.36',user_id=1 where id=117
2026-03-17 18:17:06.663 INFO  [traceId=45fc49a9 userId=1] [http-nio-8081-exec-3] p6spy : 0 ms | statement | connection 10 | select id, name from app_user where id = 1
2026-03-17 18:17:24.120 INFO  [traceId=14d936ec userId=1] [http-nio-8081-exec-1] p6spy : 0 ms | statement | connection 11 | select au1_0.id,au1_0.name from app_user au1_0 where au1_0.id=2
2026-03-17 18:20:43.035 INFO  [traceId= userId=] [restartedMain] p6spy : 1 ms | statement | connection 1 | create table if not exists app_user ( id bigint primary key, name varchar(100) not null )
2026-03-17 18:20:43.040 INFO  [traceId= userId=] [restartedMain] p6spy : 1 ms | statement | connection 2 | merge into app_user (id, name) key(id) values (1, 'kim')
2026-03-17 18:20:43.041 INFO  [traceId= userId=] [restartedMain] p6spy : 1 ms | statement | connection 2 | merge into app_user (id, name) key(id) values (2, 'lee')
2026-03-17 18:20:43.043 INFO  [traceId= userId=] [restartedMain] p6spy : 1 ms | statement | connection 2 | merge into app_user (id, name) key(id) values (3, 'park')
2026-03-17 18:20:44.513 INFO  [traceId= userId=] [restartedMain] p6spy : 6 ms | statement | connection 4 | select * from INFORMATION_SCHEMA.SEQUENCES
2026-03-17 18:20:44.531 INFO  [traceId= userId=] [restartedMain] p6spy : 1 ms | statement | connection 4 | alter table if exists refresh_token drop constraint if exists UKkdj16cltjxdksuyiosdhliveg
2026-03-17 18:20:44.533 INFO  [traceId= userId=] [restartedMain] p6spy : 1 ms | statement | connection 4 | alter table if exists refresh_token add constraint UKkdj16cltjxdksuyiosdhliveg unique (token_hash)
2026-03-17 18:20:44.536 INFO  [traceId= userId=] [restartedMain] p6spy : 1 ms | statement | connection 4 | alter table if exists role drop constraint if exists UKiubw515ff0ugtm28p8g3myt0h
2026-03-17 18:20:44.538 INFO  [traceId= userId=] [restartedMain] p6spy : 1 ms | statement | connection 4 | alter table if exists role add constraint UKiubw515ff0ugtm28p8g3myt0h unique (role_name)
2026-03-17 18:20:44.540 INFO  [traceId= userId=] [restartedMain] p6spy : 0 ms | statement | connection 4 | alter table if exists user_role drop constraint if exists UK872xec3woupu3gw59b04pj3sa
2026-03-17 18:20:44.542 INFO  [traceId= userId=] [restartedMain] p6spy : 0 ms | statement | connection 4 | alter table if exists user_role add constraint UK872xec3woupu3gw59b04pj3sa unique (user_id, role_id)
2026-03-17 18:20:44.543 INFO  [traceId= userId=] [restartedMain] p6spy : 0 ms | statement | connection 4 | alter table if exists users drop constraint if exists UK8mkeyj0y8gx4ngt7i50q4rxgg
2026-03-17 18:20:44.545 INFO  [traceId= userId=] [restartedMain] p6spy : 0 ms | statement | connection 4 | alter table if exists users add constraint UK8mkeyj0y8gx4ngt7i50q4rxgg unique (provider, provider_subject)
2026-03-17 18:20:44.547 INFO  [traceId= userId=] [restartedMain] p6spy : 1 ms | statement | connection 4 | alter table if exists users drop constraint if exists UK6dotkott2kjsp8vw4d0m25fb7
2026-03-17 18:20:44.548 INFO  [traceId= userId=] [restartedMain] p6spy : 1 ms | statement | connection 4 | alter table if exists users add constraint UK6dotkott2kjsp8vw4d0m25fb7 unique (email)
2026-03-17 18:20:44.555 INFO  [traceId= userId=] [restartedMain] p6spy : 0 ms | statement | connection 4 | select * from "testdb"."PUBLIC"."role" where 1=0
2026-03-17 18:20:44.559 INFO  [traceId= userId=] [restartedMain] p6spy : 0 ms | statement | connection 4 | select * from "testdb"."PUBLIC"."users" where 1=0
2026-03-17 18:20:45.598 INFO  [traceId= userId=] [restartedMain] p6spy : 0 ms | statement | connection 5 | select rhe1_0.id,rhe1_0.child_role,rhe1_0.parent_role from role_hierarchy rhe1_0
2026-03-17 18:20:47.423 INFO  [traceId= userId=] [restartedMain] p6spy : 1 ms | statement | connection 6 | select r1_0.id,r1_0.description,r1_0.role_name from role r1_0 where r1_0.role_name='ROLE_USER'
2026-03-17 18:20:47.428 INFO  [traceId= userId=] [restartedMain] p6spy : 0 ms | statement | connection 7 | select r1_0.id,r1_0.description,r1_0.role_name from role r1_0 where r1_0.role_name='ROLE_ADMIN'
2026-03-17 18:20:47.436 INFO  [traceId= userId=] [restartedMain] p6spy : 0 ms | statement | connection 8 | select rhe1_0.id from role_hierarchy rhe1_0 where rhe1_0.parent_role='ROLE_ADMIN' and rhe1_0.child_role='ROLE_USER' fetch first 1 rows only
2026-03-17 18:21:11.122 INFO  [traceId=1d3dda5d userId=] [http-nio-8081-exec-1] p6spy : 0 ms | statement | connection 9 | select rt1_0.id,rt1_0.created_at,rt1_0.device_id,rt1_0.expires_at,rt1_0.ip_address,rt1_0.parent_token_id,rt1_0.revoked,rt1_0.revoked_at,rt1_0.token_hash,rt1_0.user_agent,rt1_0.user_id from refresh_token rt1_0 where rt1_0.token_hash='5c4e030ba5411df0cb32eadc74713084e5beb89280a0c3a567d29c6987bb9227'
2026-03-17 18:21:11.145 INFO  [traceId=1d3dda5d userId=] [http-nio-8081-exec-1] p6spy : 0 ms | statement | connection 9 | select rt1_0.id,rt1_0.created_at,rt1_0.device_id,rt1_0.expires_at,rt1_0.ip_address,rt1_0.parent_token_id,rt1_0.revoked,rt1_0.revoked_at,rt1_0.token_hash,rt1_0.user_agent,rt1_0.user_id from refresh_token rt1_0 where rt1_0.token_hash='5c4e030ba5411df0cb32eadc74713084e5beb89280a0c3a567d29c6987bb9227'
2026-03-17 18:21:11.173 INFO  [traceId=1d3dda5d userId=] [http-nio-8081-exec-1] p6spy : 1 ms | statement | connection 9 | insert into refresh_token (created_at,device_id,expires_at,ip_address,parent_token_id,revoked,revoked_at,token_hash,user_agent,user_id,id) values ('2026-03-17T18:21:11.153+0900','unknown','2026-03-31T18:21:11.126+0900','0:0:0:0:0:0:0:1',118,false,NULL,'7582a1f92fc5c06616948877d6fea010cb6d7e87942c8caf2a07ee1222a1c675','Mozilla/5.0 (Windows NT 10.0; Win64; x64) AppleWebKit/537.36 (KHTML, like Gecko) Chrome/145.0.0.0 Safari/537.36',1,default)
2026-03-17 18:21:11.191 INFO  [traceId=1d3dda5d userId=] [http-nio-8081-exec-1] p6spy : 0 ms | statement | connection 9 | select u1_0.id,u1_0.created_at,u1_0.email,u1_0.name,u1_0.provider,u1_0.provider_subject,u1_0.status,u1_0.updated_at from users u1_0 where u1_0.id=1
2026-03-17 18:21:11.212 INFO  [traceId=1d3dda5d userId=] [http-nio-8081-exec-1] p6spy : 0 ms | statement | connection 9 | select ur1_0.user_id,ur1_0.id,ur1_0.role_id from user_role ur1_0 where ur1_0.user_id=1
2026-03-17 18:21:11.222 INFO  [traceId=1d3dda5d userId=] [http-nio-8081-exec-1] p6spy : 0 ms | statement | connection 9 | select r1_0.id,r1_0.description,r1_0.role_name from role r1_0 where r1_0.id=1
2026-03-17 18:21:11.244 INFO  [traceId=1d3dda5d userId=] [http-nio-8081-exec-1] p6spy : 0 ms | statement | connection 9 | update refresh_token set created_at='2026-03-17T18:16:38.154+0900',device_id='unknown',expires_at='2026-03-31T18:16:38.128+0900',ip_address='0:0:0:0:0:0:0:1',parent_token_id=117,revoked=true,revoked_at='2026-03-17T18:21:11.147+0900',token_hash='5c4e030ba5411df0cb32eadc74713084e5beb89280a0c3a567d29c6987bb9227',user_agent='Mozilla/5.0 (Windows NT 10.0; Win64; x64) AppleWebKit/537.36 (KHTML, like Gecko) Chrome/145.0.0.0 Safari/537.36',user_id=1 where id=118
2026-03-17 18:21:33.938 INFO  [traceId=f367c600 userId=1] [http-nio-8081-exec-3] p6spy : 0 ms | statement | connection 10 | select id, name from app_user where id = 1
2026-03-17 18:30:04.463 INFO  [traceId= userId=] [restartedMain] p6spy : 2 ms | statement | connection 1 | create table if not exists app_user ( id bigint primary key, name varchar(100) not null )
2026-03-17 18:30:04.467 INFO  [traceId= userId=] [restartedMain] p6spy : 1 ms | statement | connection 2 | merge into app_user (id, name) key(id) values (1, 'kim')
2026-03-17 18:30:04.468 INFO  [traceId= userId=] [restartedMain] p6spy : 0 ms | statement | connection 2 | merge into app_user (id, name) key(id) values (2, 'lee')
2026-03-17 18:30:04.470 INFO  [traceId= userId=] [restartedMain] p6spy : 0 ms | statement | connection 2 | merge into app_user (id, name) key(id) values (3, 'park')
2026-03-17 18:30:06.175 INFO  [traceId= userId=] [restartedMain] p6spy : 8 ms | statement | connection 4 | select * from INFORMATION_SCHEMA.SEQUENCES
2026-03-17 18:30:06.194 INFO  [traceId= userId=] [restartedMain] p6spy : 1 ms | statement | connection 4 | alter table if exists refresh_token drop constraint if exists UKkdj16cltjxdksuyiosdhliveg
2026-03-17 18:30:06.197 INFO  [traceId= userId=] [restartedMain] p6spy : 2 ms | statement | connection 4 | alter table if exists refresh_token add constraint UKkdj16cltjxdksuyiosdhliveg unique (token_hash)
2026-03-17 18:30:06.200 INFO  [traceId= userId=] [restartedMain] p6spy : 1 ms | statement | connection 4 | alter table if exists role drop constraint if exists UKiubw515ff0ugtm28p8g3myt0h
2026-03-17 18:30:06.202 INFO  [traceId= userId=] [restartedMain] p6spy : 1 ms | statement | connection 4 | alter table if exists role add constraint UKiubw515ff0ugtm28p8g3myt0h unique (role_name)
2026-03-17 18:30:06.205 INFO  [traceId= userId=] [restartedMain] p6spy : 0 ms | statement | connection 4 | alter table if exists user_role drop constraint if exists UK872xec3woupu3gw59b04pj3sa
2026-03-17 18:30:06.206 INFO  [traceId= userId=] [restartedMain] p6spy : 0 ms | statement | connection 4 | alter table if exists user_role add constraint UK872xec3woupu3gw59b04pj3sa unique (user_id, role_id)
2026-03-17 18:30:06.208 INFO  [traceId= userId=] [restartedMain] p6spy : 0 ms | statement | connection 4 | alter table if exists users drop constraint if exists UK8mkeyj0y8gx4ngt7i50q4rxgg
2026-03-17 18:30:06.209 INFO  [traceId= userId=] [restartedMain] p6spy : 0 ms | statement | connection 4 | alter table if exists users add constraint UK8mkeyj0y8gx4ngt7i50q4rxgg unique (provider, provider_subject)
2026-03-17 18:30:06.211 INFO  [traceId= userId=] [restartedMain] p6spy : 0 ms | statement | connection 4 | alter table if exists users drop constraint if exists UK6dotkott2kjsp8vw4d0m25fb7
2026-03-17 18:30:06.212 INFO  [traceId= userId=] [restartedMain] p6spy : 1 ms | statement | connection 4 | alter table if exists users add constraint UK6dotkott2kjsp8vw4d0m25fb7 unique (email)
2026-03-17 18:30:06.220 INFO  [traceId= userId=] [restartedMain] p6spy : 0 ms | statement | connection 4 | select * from "testdb"."PUBLIC"."role" where 1=0
2026-03-17 18:30:06.224 INFO  [traceId= userId=] [restartedMain] p6spy : 0 ms | statement | connection 4 | select * from "testdb"."PUBLIC"."users" where 1=0
2026-03-17 18:30:07.562 INFO  [traceId= userId=] [restartedMain] p6spy : 0 ms | statement | connection 5 | select rhe1_0.id,rhe1_0.child_role,rhe1_0.parent_role from role_hierarchy rhe1_0
2026-03-17 18:30:10.012 INFO  [traceId= userId=] [restartedMain] p6spy : 0 ms | statement | connection 6 | select r1_0.id,r1_0.description,r1_0.role_name from role r1_0 where r1_0.role_name='ROLE_USER'
2026-03-17 18:30:10.020 INFO  [traceId= userId=] [restartedMain] p6spy : 0 ms | statement | connection 7 | select r1_0.id,r1_0.description,r1_0.role_name from role r1_0 where r1_0.role_name='ROLE_ADMIN'
2026-03-17 18:30:10.030 INFO  [traceId= userId=] [restartedMain] p6spy : 0 ms | statement | connection 8 | select rhe1_0.id from role_hierarchy rhe1_0 where rhe1_0.parent_role='ROLE_ADMIN' and rhe1_0.child_role='ROLE_USER' fetch first 1 rows only
2026-03-17 18:30:42.103 INFO  [traceId=4c23225c userId=] [http-nio-8081-exec-1] p6spy : 0 ms | statement | connection 9 | select rt1_0.id,rt1_0.created_at,rt1_0.device_id,rt1_0.expires_at,rt1_0.ip_address,rt1_0.parent_token_id,rt1_0.revoked,rt1_0.revoked_at,rt1_0.token_hash,rt1_0.user_agent,rt1_0.user_id from refresh_token rt1_0 where rt1_0.token_hash='7582a1f92fc5c06616948877d6fea010cb6d7e87942c8caf2a07ee1222a1c675'
2026-03-17 18:30:42.122 INFO  [traceId=4c23225c userId=] [http-nio-8081-exec-1] p6spy : 0 ms | statement | connection 9 | select rt1_0.id,rt1_0.created_at,rt1_0.device_id,rt1_0.expires_at,rt1_0.ip_address,rt1_0.parent_token_id,rt1_0.revoked,rt1_0.revoked_at,rt1_0.token_hash,rt1_0.user_agent,rt1_0.user_id from refresh_token rt1_0 where rt1_0.token_hash='7582a1f92fc5c06616948877d6fea010cb6d7e87942c8caf2a07ee1222a1c675'
2026-03-17 18:30:42.147 INFO  [traceId=4c23225c userId=] [http-nio-8081-exec-1] p6spy : 0 ms | statement | connection 9 | insert into refresh_token (created_at,device_id,expires_at,ip_address,parent_token_id,revoked,revoked_at,token_hash,user_agent,user_id,id) values ('2026-03-17T18:30:42.129+0900','unknown','2026-03-31T18:30:42.107+0900','0:0:0:0:0:0:0:1',119,false,NULL,'335e7d2bbdf1a65796ec81ef0402e3d0d56b1e3463323c80d2d728f0b12a0259','Mozilla/5.0 (Windows NT 10.0; Win64; x64) AppleWebKit/537.36 (KHTML, like Gecko) Chrome/145.0.0.0 Safari/537.36',1,default)
2026-03-17 18:30:42.164 INFO  [traceId=4c23225c userId=] [http-nio-8081-exec-1] p6spy : 0 ms | statement | connection 9 | select u1_0.id,u1_0.created_at,u1_0.email,u1_0.name,u1_0.provider,u1_0.provider_subject,u1_0.status,u1_0.updated_at from users u1_0 where u1_0.id=1
2026-03-17 18:30:42.182 INFO  [traceId=4c23225c userId=] [http-nio-8081-exec-1] p6spy : 0 ms | statement | connection 9 | select ur1_0.user_id,ur1_0.id,ur1_0.role_id from user_role ur1_0 where ur1_0.user_id=1
2026-03-17 18:30:42.191 INFO  [traceId=4c23225c userId=] [http-nio-8081-exec-1] p6spy : 0 ms | statement | connection 9 | select r1_0.id,r1_0.description,r1_0.role_name from role r1_0 where r1_0.id=1
2026-03-17 18:30:42.210 INFO  [traceId=4c23225c userId=] [http-nio-8081-exec-1] p6spy : 0 ms | statement | connection 9 | update refresh_token set created_at='2026-03-17T18:21:11.153+0900',device_id='unknown',expires_at='2026-03-31T18:21:11.126+0900',ip_address='0:0:0:0:0:0:0:1',parent_token_id=118,revoked=true,revoked_at='2026-03-17T18:30:42.124+0900',token_hash='7582a1f92fc5c06616948877d6fea010cb6d7e87942c8caf2a07ee1222a1c675',user_agent='Mozilla/5.0 (Windows NT 10.0; Win64; x64) AppleWebKit/537.36 (KHTML, like Gecko) Chrome/145.0.0.0 Safari/537.36',user_id=1 where id=119
2026-03-17 18:31:04.986 INFO  [traceId=42f87e25 userId=1] [http-nio-8081-exec-3] p6spy : 0 ms | statement | connection 10 | select id, name from app_user where id = 1
2026-03-17 18:32:04.247 INFO  [traceId=bb80492d userId=1] [http-nio-8081-exec-7] p6spy : 0 ms | statement | connection 11 | select au1_0.id,au1_0.name from app_user au1_0 where au1_0.id=1
2026-03-17 18:32:09.594 INFO  [traceId=10a3f475 userId=1] [http-nio-8081-exec-9] p6spy : 0 ms | statement | connection 12 | select au1_0.id,au1_0.name from app_user au1_0 where au1_0.id=1
2026-03-17 18:32:11.719 INFO  [traceId=77d8b327 userId=1] [http-nio-8081-exec-10] p6spy : 0 ms | statement | connection 13 | select au1_0.id,au1_0.name from app_user au1_0 where au1_0.id=1
2026-03-17 18:52:27.362 INFO  [traceId= userId=] [restartedMain] p6spy : 2 ms | statement | connection 1 | create table if not exists app_user ( id bigint primary key, name varchar(100) not null )
2026-03-17 18:52:27.366 INFO  [traceId= userId=] [restartedMain] p6spy : 1 ms | statement | connection 2 | merge into app_user (id, name) key(id) values (1, 'kim')
2026-03-17 18:52:27.368 INFO  [traceId= userId=] [restartedMain] p6spy : 1 ms | statement | connection 2 | merge into app_user (id, name) key(id) values (2, 'lee')
2026-03-17 18:52:27.370 INFO  [traceId= userId=] [restartedMain] p6spy : 1 ms | statement | connection 2 | merge into app_user (id, name) key(id) values (3, 'park')
2026-03-17 18:52:28.936 INFO  [traceId= userId=] [restartedMain] p6spy : 6 ms | statement | connection 4 | select * from INFORMATION_SCHEMA.SEQUENCES
2026-03-17 18:52:28.952 INFO  [traceId= userId=] [restartedMain] p6spy : 0 ms | statement | connection 4 | alter table if exists refresh_token drop constraint if exists UKkdj16cltjxdksuyiosdhliveg
2026-03-17 18:52:28.954 INFO  [traceId= userId=] [restartedMain] p6spy : 1 ms | statement | connection 4 | alter table if exists refresh_token add constraint UKkdj16cltjxdksuyiosdhliveg unique (token_hash)
2026-03-17 18:52:28.957 INFO  [traceId= userId=] [restartedMain] p6spy : 1 ms | statement | connection 4 | alter table if exists role drop constraint if exists UKiubw515ff0ugtm28p8g3myt0h
2026-03-17 18:52:28.959 INFO  [traceId= userId=] [restartedMain] p6spy : 1 ms | statement | connection 4 | alter table if exists role add constraint UKiubw515ff0ugtm28p8g3myt0h unique (role_name)
2026-03-17 18:52:28.961 INFO  [traceId= userId=] [restartedMain] p6spy : 0 ms | statement | connection 4 | alter table if exists user_role drop constraint if exists UK872xec3woupu3gw59b04pj3sa
2026-03-17 18:52:28.963 INFO  [traceId= userId=] [restartedMain] p6spy : 0 ms | statement | connection 4 | alter table if exists user_role add constraint UK872xec3woupu3gw59b04pj3sa unique (user_id, role_id)
2026-03-17 18:52:28.964 INFO  [traceId= userId=] [restartedMain] p6spy : 0 ms | statement | connection 4 | alter table if exists users drop constraint if exists UK8mkeyj0y8gx4ngt7i50q4rxgg
2026-03-17 18:52:28.966 INFO  [traceId= userId=] [restartedMain] p6spy : 0 ms | statement | connection 4 | alter table if exists users add constraint UK8mkeyj0y8gx4ngt7i50q4rxgg unique (provider, provider_subject)
2026-03-17 18:52:28.967 INFO  [traceId= userId=] [restartedMain] p6spy : 0 ms | statement | connection 4 | alter table if exists users drop constraint if exists UK6dotkott2kjsp8vw4d0m25fb7
2026-03-17 18:52:28.968 INFO  [traceId= userId=] [restartedMain] p6spy : 0 ms | statement | connection 4 | alter table if exists users add constraint UK6dotkott2kjsp8vw4d0m25fb7 unique (email)
2026-03-17 18:52:28.976 INFO  [traceId= userId=] [restartedMain] p6spy : 0 ms | statement | connection 4 | select * from "testdb"."PUBLIC"."role" where 1=0
2026-03-17 18:52:28.979 INFO  [traceId= userId=] [restartedMain] p6spy : 0 ms | statement | connection 4 | select * from "testdb"."PUBLIC"."users" where 1=0
2026-03-17 18:52:30.072 INFO  [traceId= userId=] [restartedMain] p6spy : 0 ms | statement | connection 5 | select rhe1_0.id,rhe1_0.child_role,rhe1_0.parent_role from role_hierarchy rhe1_0
2026-03-17 18:52:31.711 INFO  [traceId= userId=] [restartedMain] p6spy : 0 ms | statement | connection 6 | select r1_0.id,r1_0.description,r1_0.role_name from role r1_0 where r1_0.role_name='ROLE_USER'
2026-03-17 18:52:31.716 INFO  [traceId= userId=] [restartedMain] p6spy : 0 ms | statement | connection 7 | select r1_0.id,r1_0.description,r1_0.role_name from role r1_0 where r1_0.role_name='ROLE_ADMIN'
2026-03-17 18:52:31.724 INFO  [traceId= userId=] [restartedMain] p6spy : 0 ms | statement | connection 8 | select rhe1_0.id from role_hierarchy rhe1_0 where rhe1_0.parent_role='ROLE_ADMIN' and rhe1_0.child_role='ROLE_USER' fetch first 1 rows only
2026-03-17 18:53:01.500 INFO  [traceId=c4ca5483 userId=] [http-nio-8081-exec-1] p6spy : 0 ms | statement | connection 9 | select rt1_0.id,rt1_0.created_at,rt1_0.device_id,rt1_0.expires_at,rt1_0.ip_address,rt1_0.parent_token_id,rt1_0.revoked,rt1_0.revoked_at,rt1_0.token_hash,rt1_0.user_agent,rt1_0.user_id from refresh_token rt1_0 where rt1_0.token_hash='335e7d2bbdf1a65796ec81ef0402e3d0d56b1e3463323c80d2d728f0b12a0259'
2026-03-17 18:53:01.522 INFO  [traceId=c4ca5483 userId=] [http-nio-8081-exec-1] p6spy : 0 ms | statement | connection 9 | select rt1_0.id,rt1_0.created_at,rt1_0.device_id,rt1_0.expires_at,rt1_0.ip_address,rt1_0.parent_token_id,rt1_0.revoked,rt1_0.revoked_at,rt1_0.token_hash,rt1_0.user_agent,rt1_0.user_id from refresh_token rt1_0 where rt1_0.token_hash='335e7d2bbdf1a65796ec81ef0402e3d0d56b1e3463323c80d2d728f0b12a0259'
2026-03-17 18:53:01.551 INFO  [traceId=c4ca5483 userId=] [http-nio-8081-exec-1] p6spy : 0 ms | statement | connection 9 | insert into refresh_token (created_at,device_id,expires_at,ip_address,parent_token_id,revoked,revoked_at,token_hash,user_agent,user_id,id) values ('2026-03-17T18:53:01.530+0900','unknown','2026-03-31T18:53:01.504+0900','0:0:0:0:0:0:0:1',120,false,NULL,'cfc64a2cbdbf16884d9d455da7b28801049ffab86b5c2a05aac7a17a87a5cde9','Mozilla/5.0 (Windows NT 10.0; Win64; x64) AppleWebKit/537.36 (KHTML, like Gecko) Chrome/145.0.0.0 Safari/537.36',1,default)
2026-03-17 18:53:01.571 INFO  [traceId=c4ca5483 userId=] [http-nio-8081-exec-1] p6spy : 0 ms | statement | connection 9 | select u1_0.id,u1_0.created_at,u1_0.email,u1_0.name,u1_0.provider,u1_0.provider_subject,u1_0.status,u1_0.updated_at from users u1_0 where u1_0.id=1
2026-03-17 18:53:01.598 INFO  [traceId=c4ca5483 userId=] [http-nio-8081-exec-1] p6spy : 0 ms | statement | connection 9 | select ur1_0.user_id,ur1_0.id,ur1_0.role_id from user_role ur1_0 where ur1_0.user_id=1
2026-03-17 18:53:01.609 INFO  [traceId=c4ca5483 userId=] [http-nio-8081-exec-1] p6spy : 0 ms | statement | connection 9 | select r1_0.id,r1_0.description,r1_0.role_name from role r1_0 where r1_0.id=1
2026-03-17 18:53:01.633 INFO  [traceId=c4ca5483 userId=] [http-nio-8081-exec-1] p6spy : 0 ms | statement | connection 9 | update refresh_token set created_at='2026-03-17T18:30:42.129+0900',device_id='unknown',expires_at='2026-03-31T18:30:42.107+0900',ip_address='0:0:0:0:0:0:0:1',parent_token_id=119,revoked=true,revoked_at='2026-03-17T18:53:01.525+0900',token_hash='335e7d2bbdf1a65796ec81ef0402e3d0d56b1e3463323c80d2d728f0b12a0259',user_agent='Mozilla/5.0 (Windows NT 10.0; Win64; x64) AppleWebKit/537.36 (KHTML, like Gecko) Chrome/145.0.0.0 Safari/537.36',user_id=1 where id=120
2026-03-17 18:53:21.019 INFO  [traceId=0a5762d0 userId=1] [http-nio-8081-exec-4] p6spy : 0 ms | statement | connection 10 | select id, name from app_user where id = 1
2026-03-17 18:53:30.235 INFO  [traceId=25aa3591 userId=1] [http-nio-8081-exec-5] p6spy : 0 ms | statement | connection 11 | select au1_0.id,au1_0.name from app_user au1_0 where au1_0.id=1
2026-03-17 19:04:53.585 INFO  [traceId= userId=] [restartedMain] p6spy : 2 ms | statement | connection 1 | create table if not exists app_user ( id bigint primary key, name varchar(100) not null )
2026-03-17 19:04:53.590 INFO  [traceId= userId=] [restartedMain] p6spy : 1 ms | statement | connection 2 | merge into app_user (id, name) key(id) values (1, 'kim')
2026-03-17 19:04:53.592 INFO  [traceId= userId=] [restartedMain] p6spy : 1 ms | statement | connection 2 | merge into app_user (id, name) key(id) values (2, 'lee')
2026-03-17 19:04:53.593 INFO  [traceId= userId=] [restartedMain] p6spy : 1 ms | statement | connection 2 | merge into app_user (id, name) key(id) values (3, 'park')
2026-03-17 19:04:55.098 INFO  [traceId= userId=] [restartedMain] p6spy : 6 ms | statement | connection 4 | select * from INFORMATION_SCHEMA.SEQUENCES
2026-03-17 19:04:55.113 INFO  [traceId= userId=] [restartedMain] p6spy : 1 ms | statement | connection 4 | alter table if exists refresh_token drop constraint if exists UKkdj16cltjxdksuyiosdhliveg
2026-03-17 19:04:55.115 INFO  [traceId= userId=] [restartedMain] p6spy : 1 ms | statement | connection 4 | alter table if exists refresh_token add constraint UKkdj16cltjxdksuyiosdhliveg unique (token_hash)
2026-03-17 19:04:55.116 INFO  [traceId= userId=] [restartedMain] p6spy : 0 ms | statement | connection 4 | alter table if exists role drop constraint if exists UKiubw515ff0ugtm28p8g3myt0h
2026-03-17 19:04:55.118 INFO  [traceId= userId=] [restartedMain] p6spy : 1 ms | statement | connection 4 | alter table if exists role add constraint UKiubw515ff0ugtm28p8g3myt0h unique (role_name)
2026-03-17 19:04:55.119 INFO  [traceId= userId=] [restartedMain] p6spy : 0 ms | statement | connection 4 | alter table if exists user_role drop constraint if exists UK872xec3woupu3gw59b04pj3sa
2026-03-17 19:04:55.121 INFO  [traceId= userId=] [restartedMain] p6spy : 0 ms | statement | connection 4 | alter table if exists user_role add constraint UK872xec3woupu3gw59b04pj3sa unique (user_id, role_id)
2026-03-17 19:04:55.123 INFO  [traceId= userId=] [restartedMain] p6spy : 0 ms | statement | connection 4 | alter table if exists users drop constraint if exists UK8mkeyj0y8gx4ngt7i50q4rxgg
2026-03-17 19:04:55.124 INFO  [traceId= userId=] [restartedMain] p6spy : 0 ms | statement | connection 4 | alter table if exists users add constraint UK8mkeyj0y8gx4ngt7i50q4rxgg unique (provider, provider_subject)
2026-03-17 19:04:55.125 INFO  [traceId= userId=] [restartedMain] p6spy : 0 ms | statement | connection 4 | alter table if exists users drop constraint if exists UK6dotkott2kjsp8vw4d0m25fb7
2026-03-17 19:04:55.127 INFO  [traceId= userId=] [restartedMain] p6spy : 1 ms | statement | connection 4 | alter table if exists users add constraint UK6dotkott2kjsp8vw4d0m25fb7 unique (email)
2026-03-17 19:04:55.133 INFO  [traceId= userId=] [restartedMain] p6spy : 0 ms | statement | connection 4 | select * from "testdb"."PUBLIC"."role" where 1=0
2026-03-17 19:04:55.136 INFO  [traceId= userId=] [restartedMain] p6spy : 0 ms | statement | connection 4 | select * from "testdb"."PUBLIC"."users" where 1=0
2026-03-17 19:04:56.330 INFO  [traceId= userId=] [restartedMain] p6spy : 0 ms | statement | connection 5 | select rhe1_0.id,rhe1_0.child_role,rhe1_0.parent_role from role_hierarchy rhe1_0
2026-03-17 19:04:58.245 INFO  [traceId= userId=] [restartedMain] p6spy : 0 ms | statement | connection 6 | select r1_0.id,r1_0.description,r1_0.role_name from role r1_0 where r1_0.role_name='ROLE_USER'
2026-03-17 19:04:58.252 INFO  [traceId= userId=] [restartedMain] p6spy : 0 ms | statement | connection 7 | select r1_0.id,r1_0.description,r1_0.role_name from role r1_0 where r1_0.role_name='ROLE_ADMIN'
2026-03-17 19:04:58.262 INFO  [traceId= userId=] [restartedMain] p6spy : 0 ms | statement | connection 8 | select rhe1_0.id from role_hierarchy rhe1_0 where rhe1_0.parent_role='ROLE_ADMIN' and rhe1_0.child_role='ROLE_USER' fetch first 1 rows only
2026-03-17 19:08:06.548 INFO  [traceId= userId=] [restartedMain] p6spy : 2 ms | statement | connection 1 | create table if not exists app_user ( id bigint primary key, name varchar(100) not null )
2026-03-17 19:08:06.552 INFO  [traceId= userId=] [restartedMain] p6spy : 1 ms | statement | connection 2 | merge into app_user (id, name) key(id) values (1, 'kim')
2026-03-17 19:08:06.554 INFO  [traceId= userId=] [restartedMain] p6spy : 1 ms | statement | connection 2 | merge into app_user (id, name) key(id) values (2, 'lee')
2026-03-17 19:08:06.556 INFO  [traceId= userId=] [restartedMain] p6spy : 1 ms | statement | connection 2 | merge into app_user (id, name) key(id) values (3, 'park')
2026-03-17 19:08:08.223 INFO  [traceId= userId=] [restartedMain] p6spy : 6 ms | statement | connection 4 | select * from INFORMATION_SCHEMA.SEQUENCES
2026-03-17 19:08:08.239 INFO  [traceId= userId=] [restartedMain] p6spy : 1 ms | statement | connection 4 | alter table if exists refresh_token drop constraint if exists UKkdj16cltjxdksuyiosdhliveg
2026-03-17 19:08:08.242 INFO  [traceId= userId=] [restartedMain] p6spy : 1 ms | statement | connection 4 | alter table if exists refresh_token add constraint UKkdj16cltjxdksuyiosdhliveg unique (token_hash)
2026-03-17 19:08:08.243 INFO  [traceId= userId=] [restartedMain] p6spy : 0 ms | statement | connection 4 | alter table if exists role drop constraint if exists UKiubw515ff0ugtm28p8g3myt0h
2026-03-17 19:08:08.245 INFO  [traceId= userId=] [restartedMain] p6spy : 0 ms | statement | connection 4 | alter table if exists role add constraint UKiubw515ff0ugtm28p8g3myt0h unique (role_name)
2026-03-17 19:08:08.246 INFO  [traceId= userId=] [restartedMain] p6spy : 0 ms | statement | connection 4 | alter table if exists user_role drop constraint if exists UK872xec3woupu3gw59b04pj3sa
2026-03-17 19:08:08.247 INFO  [traceId= userId=] [restartedMain] p6spy : 0 ms | statement | connection 4 | alter table if exists user_role add constraint UK872xec3woupu3gw59b04pj3sa unique (user_id, role_id)
2026-03-17 19:08:08.250 INFO  [traceId= userId=] [restartedMain] p6spy : 1 ms | statement | connection 4 | alter table if exists users drop constraint if exists UK8mkeyj0y8gx4ngt7i50q4rxgg
2026-03-17 19:08:08.252 INFO  [traceId= userId=] [restartedMain] p6spy : 0 ms | statement | connection 4 | alter table if exists users add constraint UK8mkeyj0y8gx4ngt7i50q4rxgg unique (provider, provider_subject)
2026-03-17 19:08:08.252 INFO  [traceId= userId=] [restartedMain] p6spy : 0 ms | statement | connection 4 | alter table if exists users drop constraint if exists UK6dotkott2kjsp8vw4d0m25fb7
2026-03-17 19:08:08.254 INFO  [traceId= userId=] [restartedMain] p6spy : 0 ms | statement | connection 4 | alter table if exists users add constraint UK6dotkott2kjsp8vw4d0m25fb7 unique (email)
2026-03-17 19:08:08.260 INFO  [traceId= userId=] [restartedMain] p6spy : 0 ms | statement | connection 4 | select * from "testdb"."PUBLIC"."role" where 1=0
2026-03-17 19:08:08.263 INFO  [traceId= userId=] [restartedMain] p6spy : 0 ms | statement | connection 4 | select * from "testdb"."PUBLIC"."users" where 1=0
2026-03-17 19:08:09.294 INFO  [traceId= userId=] [restartedMain] p6spy : 0 ms | statement | connection 5 | select rhe1_0.id,rhe1_0.child_role,rhe1_0.parent_role from role_hierarchy rhe1_0
2026-03-17 19:08:11.116 INFO  [traceId= userId=] [restartedMain] p6spy : 0 ms | statement | connection 6 | select r1_0.id,r1_0.description,r1_0.role_name from role r1_0 where r1_0.role_name='ROLE_USER'
2026-03-17 19:08:11.121 INFO  [traceId= userId=] [restartedMain] p6spy : 0 ms | statement | connection 7 | select r1_0.id,r1_0.description,r1_0.role_name from role r1_0 where r1_0.role_name='ROLE_ADMIN'
2026-03-17 19:08:11.130 INFO  [traceId= userId=] [restartedMain] p6spy : 0 ms | statement | connection 8 | select rhe1_0.id from role_hierarchy rhe1_0 where rhe1_0.parent_role='ROLE_ADMIN' and rhe1_0.child_role='ROLE_USER' fetch first 1 rows only
2026-03-17 19:08:46.973 INFO  [traceId=c41c0ffa userId=] [http-nio-8081-exec-2] p6spy : 1 ms | statement | connection 9 | select rt1_0.id,rt1_0.created_at,rt1_0.device_id,rt1_0.expires_at,rt1_0.ip_address,rt1_0.parent_token_id,rt1_0.revoked,rt1_0.revoked_at,rt1_0.token_hash,rt1_0.user_agent,rt1_0.user_id from refresh_token rt1_0 where rt1_0.token_hash='cfc64a2cbdbf16884d9d455da7b28801049ffab86b5c2a05aac7a17a87a5cde9'
2026-03-17 19:08:46.995 INFO  [traceId=c41c0ffa userId=] [http-nio-8081-exec-2] p6spy : 0 ms | statement | connection 9 | select rt1_0.id,rt1_0.created_at,rt1_0.device_id,rt1_0.expires_at,rt1_0.ip_address,rt1_0.parent_token_id,rt1_0.revoked,rt1_0.revoked_at,rt1_0.token_hash,rt1_0.user_agent,rt1_0.user_id from refresh_token rt1_0 where rt1_0.token_hash='cfc64a2cbdbf16884d9d455da7b28801049ffab86b5c2a05aac7a17a87a5cde9'
2026-03-17 19:08:47.021 INFO  [traceId=c41c0ffa userId=] [http-nio-8081-exec-2] p6spy : 0 ms | statement | connection 9 | insert into refresh_token (created_at,device_id,expires_at,ip_address,parent_token_id,revoked,revoked_at,token_hash,user_agent,user_id,id) values ('2026-03-17T19:08:47.002+0900','unknown','2026-03-31T19:08:46.977+0900','0:0:0:0:0:0:0:1',121,false,NULL,'4548af03ce8f587fbd3d9590b3ba447d0e20c0186bf24b3a727cfb29c33f493d','Mozilla/5.0 (Windows NT 10.0; Win64; x64) AppleWebKit/537.36 (KHTML, like Gecko) Chrome/145.0.0.0 Safari/537.36',1,default)
2026-03-17 19:08:47.038 INFO  [traceId=c41c0ffa userId=] [http-nio-8081-exec-2] p6spy : 0 ms | statement | connection 9 | select u1_0.id,u1_0.created_at,u1_0.email,u1_0.name,u1_0.provider,u1_0.provider_subject,u1_0.status,u1_0.updated_at from users u1_0 where u1_0.id=1
2026-03-17 19:08:47.058 INFO  [traceId=c41c0ffa userId=] [http-nio-8081-exec-2] p6spy : 0 ms | statement | connection 9 | select ur1_0.user_id,ur1_0.id,ur1_0.role_id from user_role ur1_0 where ur1_0.user_id=1
2026-03-17 19:08:47.068 INFO  [traceId=c41c0ffa userId=] [http-nio-8081-exec-2] p6spy : 0 ms | statement | connection 9 | select r1_0.id,r1_0.description,r1_0.role_name from role r1_0 where r1_0.id=1
2026-03-17 19:08:47.090 INFO  [traceId=c41c0ffa userId=] [http-nio-8081-exec-2] p6spy : 0 ms | statement | connection 9 | update refresh_token set created_at='2026-03-17T18:53:01.530+0900',device_id='unknown',expires_at='2026-03-31T18:53:01.504+0900',ip_address='0:0:0:0:0:0:0:1',parent_token_id=120,revoked=true,revoked_at='2026-03-17T19:08:46.997+0900',token_hash='cfc64a2cbdbf16884d9d455da7b28801049ffab86b5c2a05aac7a17a87a5cde9',user_agent='Mozilla/5.0 (Windows NT 10.0; Win64; x64) AppleWebKit/537.36 (KHTML, like Gecko) Chrome/145.0.0.0 Safari/537.36',user_id=1 where id=121
2026-03-17 19:09:05.328 INFO  [traceId=93e776a3 userId=1] [http-nio-8081-exec-4] p6spy : 0 ms | statement | connection 10 | select id, name from app_user where id = 1
2026-03-17 19:09:26.214 INFO  [traceId=f41db6d7 userId=1] [http-nio-8081-exec-5] p6spy : 0 ms | statement | connection 11 | select au1_0.id,au1_0.name from app_user au1_0 where au1_0.id=1
2026-03-17 19:17:16.751 INFO  [traceId= userId=] [restartedMain] p6spy : 2 ms | statement | connection 1 | create table if not exists app_user ( id bigint primary key, name varchar(100) not null )
2026-03-17 19:17:16.755 INFO  [traceId= userId=] [restartedMain] p6spy : 1 ms | statement | connection 2 | merge into app_user (id, name) key(id) values (1, 'kim')
2026-03-17 19:17:16.758 INFO  [traceId= userId=] [restartedMain] p6spy : 1 ms | statement | connection 2 | merge into app_user (id, name) key(id) values (2, 'lee')
2026-03-17 19:17:16.760 INFO  [traceId= userId=] [restartedMain] p6spy : 1 ms | statement | connection 2 | merge into app_user (id, name) key(id) values (3, 'park')
2026-03-17 19:17:18.714 INFO  [traceId= userId=] [restartedMain] p6spy : 9 ms | statement | connection 4 | select * from INFORMATION_SCHEMA.SEQUENCES
2026-03-17 19:17:18.737 INFO  [traceId= userId=] [restartedMain] p6spy : 1 ms | statement | connection 4 | alter table if exists refresh_token drop constraint if exists UKkdj16cltjxdksuyiosdhliveg
2026-03-17 19:17:18.741 INFO  [traceId= userId=] [restartedMain] p6spy : 2 ms | statement | connection 4 | alter table if exists refresh_token add constraint UKkdj16cltjxdksuyiosdhliveg unique (token_hash)
2026-03-17 19:17:18.744 INFO  [traceId= userId=] [restartedMain] p6spy : 1 ms | statement | connection 4 | alter table if exists role drop constraint if exists UKiubw515ff0ugtm28p8g3myt0h
2026-03-17 19:17:18.746 INFO  [traceId= userId=] [restartedMain] p6spy : 1 ms | statement | connection 4 | alter table if exists role add constraint UKiubw515ff0ugtm28p8g3myt0h unique (role_name)
2026-03-17 19:17:18.749 INFO  [traceId= userId=] [restartedMain] p6spy : 0 ms | statement | connection 4 | alter table if exists user_role drop constraint if exists UK872xec3woupu3gw59b04pj3sa
2026-03-17 19:17:18.751 INFO  [traceId= userId=] [restartedMain] p6spy : 0 ms | statement | connection 4 | alter table if exists user_role add constraint UK872xec3woupu3gw59b04pj3sa unique (user_id, role_id)
2026-03-17 19:17:18.753 INFO  [traceId= userId=] [restartedMain] p6spy : 1 ms | statement | connection 4 | alter table if exists users drop constraint if exists UK8mkeyj0y8gx4ngt7i50q4rxgg
2026-03-17 19:17:18.756 INFO  [traceId= userId=] [restartedMain] p6spy : 0 ms | statement | connection 4 | alter table if exists users add constraint UK8mkeyj0y8gx4ngt7i50q4rxgg unique (provider, provider_subject)
2026-03-17 19:17:18.757 INFO  [traceId= userId=] [restartedMain] p6spy : 0 ms | statement | connection 4 | alter table if exists users drop constraint if exists UK6dotkott2kjsp8vw4d0m25fb7
2026-03-17 19:17:18.759 INFO  [traceId= userId=] [restartedMain] p6spy : 1 ms | statement | connection 4 | alter table if exists users add constraint UK6dotkott2kjsp8vw4d0m25fb7 unique (email)
2026-03-17 19:17:18.769 INFO  [traceId= userId=] [restartedMain] p6spy : 0 ms | statement | connection 4 | select * from "testdb"."PUBLIC"."role" where 1=0
2026-03-17 19:17:18.774 INFO  [traceId= userId=] [restartedMain] p6spy : 0 ms | statement | connection 4 | select * from "testdb"."PUBLIC"."users" where 1=0
2026-03-17 19:17:20.037 INFO  [traceId= userId=] [restartedMain] p6spy : 0 ms | statement | connection 5 | select rhe1_0.id,rhe1_0.child_role,rhe1_0.parent_role from role_hierarchy rhe1_0
2026-03-17 19:17:22.285 INFO  [traceId= userId=] [restartedMain] p6spy : 0 ms | statement | connection 6 | select r1_0.id,r1_0.description,r1_0.role_name from role r1_0 where r1_0.role_name='ROLE_USER'
2026-03-17 19:17:22.293 INFO  [traceId= userId=] [restartedMain] p6spy : 0 ms | statement | connection 7 | select r1_0.id,r1_0.description,r1_0.role_name from role r1_0 where r1_0.role_name='ROLE_ADMIN'
2026-03-17 19:17:22.305 INFO  [traceId= userId=] [restartedMain] p6spy : 0 ms | statement | connection 8 | select rhe1_0.id from role_hierarchy rhe1_0 where rhe1_0.parent_role='ROLE_ADMIN' and rhe1_0.child_role='ROLE_USER' fetch first 1 rows only
2026-03-17 19:20:33.974 INFO  [traceId= userId=] [restartedMain] p6spy : 1 ms | statement | connection 1 | create table if not exists app_user ( id bigint primary key, name varchar(100) not null )
2026-03-17 19:20:33.978 INFO  [traceId= userId=] [restartedMain] p6spy : 1 ms | statement | connection 2 | merge into app_user (id, name) key(id) values (1, 'kim')
2026-03-17 19:20:33.980 INFO  [traceId= userId=] [restartedMain] p6spy : 1 ms | statement | connection 2 | merge into app_user (id, name) key(id) values (2, 'lee')
2026-03-17 19:20:33.982 INFO  [traceId= userId=] [restartedMain] p6spy : 1 ms | statement | connection 2 | merge into app_user (id, name) key(id) values (3, 'park')
2026-03-17 19:20:35.667 INFO  [traceId= userId=] [restartedMain] p6spy : 6 ms | statement | connection 4 | select * from INFORMATION_SCHEMA.SEQUENCES
2026-03-17 19:20:35.685 INFO  [traceId= userId=] [restartedMain] p6spy : 1 ms | statement | connection 4 | alter table if exists refresh_token drop constraint if exists UKkdj16cltjxdksuyiosdhliveg
2026-03-17 19:20:35.688 INFO  [traceId= userId=] [restartedMain] p6spy : 1 ms | statement | connection 4 | alter table if exists refresh_token add constraint UKkdj16cltjxdksuyiosdhliveg unique (token_hash)
2026-03-17 19:20:35.689 INFO  [traceId= userId=] [restartedMain] p6spy : 0 ms | statement | connection 4 | alter table if exists role drop constraint if exists UKiubw515ff0ugtm28p8g3myt0h
2026-03-17 19:20:35.691 INFO  [traceId= userId=] [restartedMain] p6spy : 1 ms | statement | connection 4 | alter table if exists role add constraint UKiubw515ff0ugtm28p8g3myt0h unique (role_name)
2026-03-17 19:20:35.693 INFO  [traceId= userId=] [restartedMain] p6spy : 0 ms | statement | connection 4 | alter table if exists user_role drop constraint if exists UK872xec3woupu3gw59b04pj3sa
2026-03-17 19:20:35.695 INFO  [traceId= userId=] [restartedMain] p6spy : 1 ms | statement | connection 4 | alter table if exists user_role add constraint UK872xec3woupu3gw59b04pj3sa unique (user_id, role_id)
2026-03-17 19:20:35.697 INFO  [traceId= userId=] [restartedMain] p6spy : 0 ms | statement | connection 4 | alter table if exists users drop constraint if exists UK8mkeyj0y8gx4ngt7i50q4rxgg
2026-03-17 19:20:35.698 INFO  [traceId= userId=] [restartedMain] p6spy : 0 ms | statement | connection 4 | alter table if exists users add constraint UK8mkeyj0y8gx4ngt7i50q4rxgg unique (provider, provider_subject)
2026-03-17 19:20:35.699 INFO  [traceId= userId=] [restartedMain] p6spy : 0 ms | statement | connection 4 | alter table if exists users drop constraint if exists UK6dotkott2kjsp8vw4d0m25fb7
2026-03-17 19:20:35.701 INFO  [traceId= userId=] [restartedMain] p6spy : 1 ms | statement | connection 4 | alter table if exists users add constraint UK6dotkott2kjsp8vw4d0m25fb7 unique (email)
2026-03-17 19:20:35.707 INFO  [traceId= userId=] [restartedMain] p6spy : 0 ms | statement | connection 4 | select * from "testdb"."PUBLIC"."role" where 1=0
2026-03-17 19:20:35.712 INFO  [traceId= userId=] [restartedMain] p6spy : 0 ms | statement | connection 4 | select * from "testdb"."PUBLIC"."users" where 1=0
2026-03-17 19:20:37.044 INFO  [traceId= userId=] [restartedMain] p6spy : 0 ms | statement | connection 5 | select rhe1_0.id,rhe1_0.child_role,rhe1_0.parent_role from role_hierarchy rhe1_0
2026-03-17 19:20:39.314 INFO  [traceId= userId=] [restartedMain] p6spy : 0 ms | statement | connection 6 | select r1_0.id,r1_0.description,r1_0.role_name from role r1_0 where r1_0.role_name='ROLE_USER'
2026-03-17 19:20:39.321 INFO  [traceId= userId=] [restartedMain] p6spy : 0 ms | statement | connection 7 | select r1_0.id,r1_0.description,r1_0.role_name from role r1_0 where r1_0.role_name='ROLE_ADMIN'
2026-03-17 19:20:39.331 INFO  [traceId= userId=] [restartedMain] p6spy : 0 ms | statement | connection 8 | select rhe1_0.id from role_hierarchy rhe1_0 where rhe1_0.parent_role='ROLE_ADMIN' and rhe1_0.child_role='ROLE_USER' fetch first 1 rows only
2026-03-17 19:36:08.880 INFO  [traceId= userId=] [restartedMain] p6spy : 2 ms | statement | connection 1 | create table if not exists app_user ( id bigint primary key, name varchar(100) not null )
2026-03-17 19:36:08.891 INFO  [traceId= userId=] [restartedMain] p6spy : 7 ms | statement | connection 2 | merge into app_user (id, name) key(id) values (1, 'kim')
2026-03-17 19:36:08.895 INFO  [traceId= userId=] [restartedMain] p6spy : 2 ms | statement | connection 2 | merge into app_user (id, name) key(id) values (2, 'lee')
2026-03-17 19:36:08.898 INFO  [traceId= userId=] [restartedMain] p6spy : 2 ms | statement | connection 2 | merge into app_user (id, name) key(id) values (3, 'park')
2026-03-17 19:36:10.949 INFO  [traceId= userId=] [restartedMain] p6spy : 8 ms | statement | connection 4 | select * from INFORMATION_SCHEMA.SEQUENCES
2026-03-17 19:36:10.974 INFO  [traceId= userId=] [restartedMain] p6spy : 2 ms | statement | connection 4 | alter table if exists refresh_token drop constraint if exists UKkdj16cltjxdksuyiosdhliveg
2026-03-17 19:36:10.982 INFO  [traceId= userId=] [restartedMain] p6spy : 7 ms | statement | connection 4 | alter table if exists refresh_token add constraint UKkdj16cltjxdksuyiosdhliveg unique (token_hash)
2026-03-17 19:36:10.986 INFO  [traceId= userId=] [restartedMain] p6spy : 1 ms | statement | connection 4 | alter table if exists role drop constraint if exists UKiubw515ff0ugtm28p8g3myt0h
2026-03-17 19:36:10.991 INFO  [traceId= userId=] [restartedMain] p6spy : 4 ms | statement | connection 4 | alter table if exists role add constraint UKiubw515ff0ugtm28p8g3myt0h unique (role_name)
2026-03-17 19:36:10.994 INFO  [traceId= userId=] [restartedMain] p6spy : 1 ms | statement | connection 4 | alter table if exists user_role drop constraint if exists UK872xec3woupu3gw59b04pj3sa
2026-03-17 19:36:10.996 INFO  [traceId= userId=] [restartedMain] p6spy : 1 ms | statement | connection 4 | alter table if exists user_role add constraint UK872xec3woupu3gw59b04pj3sa unique (user_id, role_id)
2026-03-17 19:36:11.000 INFO  [traceId= userId=] [restartedMain] p6spy : 2 ms | statement | connection 4 | alter table if exists users drop constraint if exists UK8mkeyj0y8gx4ngt7i50q4rxgg
2026-03-17 19:36:11.002 INFO  [traceId= userId=] [restartedMain] p6spy : 1 ms | statement | connection 4 | alter table if exists users add constraint UK8mkeyj0y8gx4ngt7i50q4rxgg unique (provider, provider_subject)
2026-03-17 19:36:11.004 INFO  [traceId= userId=] [restartedMain] p6spy : 1 ms | statement | connection 4 | alter table if exists users drop constraint if exists UK6dotkott2kjsp8vw4d0m25fb7
2026-03-17 19:36:11.006 INFO  [traceId= userId=] [restartedMain] p6spy : 1 ms | statement | connection 4 | alter table if exists users add constraint UK6dotkott2kjsp8vw4d0m25fb7 unique (email)
2026-03-17 19:36:11.016 INFO  [traceId= userId=] [restartedMain] p6spy : 0 ms | statement | connection 4 | select * from "testdb"."PUBLIC"."role" where 1=0
2026-03-17 19:36:11.020 INFO  [traceId= userId=] [restartedMain] p6spy : 0 ms | statement | connection 4 | select * from "testdb"."PUBLIC"."users" where 1=0
2026-03-17 19:36:12.807 INFO  [traceId= userId=] [restartedMain] p6spy : 1 ms | statement | connection 5 | select rhe1_0.id,rhe1_0.child_role,rhe1_0.parent_role from role_hierarchy rhe1_0
2026-03-17 19:36:16.104 INFO  [traceId= userId=] [restartedMain] p6spy : 2 ms | statement | connection 6 | select r1_0.id,r1_0.description,r1_0.role_name from role r1_0 where r1_0.role_name='ROLE_USER'
2026-03-17 19:36:16.113 INFO  [traceId= userId=] [restartedMain] p6spy : 0 ms | statement | connection 7 | select r1_0.id,r1_0.description,r1_0.role_name from role r1_0 where r1_0.role_name='ROLE_ADMIN'
2026-03-17 19:36:16.127 INFO  [traceId= userId=] [restartedMain] p6spy : 0 ms | statement | connection 8 | select rhe1_0.id from role_hierarchy rhe1_0 where rhe1_0.parent_role='ROLE_ADMIN' and rhe1_0.child_role='ROLE_USER' fetch first 1 rows only
2026-03-17 19:36:37.476 INFO  [traceId=25098e7c userId=] [http-nio-8081-exec-2] p6spy : 2 ms | statement | connection 9 | select rt1_0.id,rt1_0.created_at,rt1_0.device_id,rt1_0.expires_at,rt1_0.ip_address,rt1_0.parent_token_id,rt1_0.revoked,rt1_0.revoked_at,rt1_0.token_hash,rt1_0.user_agent,rt1_0.user_id from refresh_token rt1_0 where rt1_0.token_hash='4548af03ce8f587fbd3d9590b3ba447d0e20c0186bf24b3a727cfb29c33f493d'
2026-03-17 19:36:37.508 INFO  [traceId=25098e7c userId=] [http-nio-8081-exec-2] p6spy : 1 ms | statement | connection 9 | select rt1_0.id,rt1_0.created_at,rt1_0.device_id,rt1_0.expires_at,rt1_0.ip_address,rt1_0.parent_token_id,rt1_0.revoked,rt1_0.revoked_at,rt1_0.token_hash,rt1_0.user_agent,rt1_0.user_id from refresh_token rt1_0 where rt1_0.token_hash='4548af03ce8f587fbd3d9590b3ba447d0e20c0186bf24b3a727cfb29c33f493d'
2026-03-17 19:36:37.553 INFO  [traceId=25098e7c userId=] [http-nio-8081-exec-2] p6spy : 5 ms | statement | connection 9 | insert into refresh_token (created_at,device_id,expires_at,ip_address,parent_token_id,revoked,revoked_at,token_hash,user_agent,user_id,id) values ('2026-03-17T19:36:37.519+0900','unknown','2026-03-31T19:36:37.481+0900','0:0:0:0:0:0:0:1',122,false,NULL,'84939414dd4553b442abb8300b0ab03de341bcc34542d15df36f90c4ad43202f','Mozilla/5.0 (Windows NT 10.0; Win64; x64) AppleWebKit/537.36 (KHTML, like Gecko) Chrome/145.0.0.0 Safari/537.36',1,default)
2026-03-17 19:36:37.575 INFO  [traceId=25098e7c userId=] [http-nio-8081-exec-2] p6spy : 0 ms | statement | connection 9 | select u1_0.id,u1_0.created_at,u1_0.email,u1_0.name,u1_0.provider,u1_0.provider_subject,u1_0.status,u1_0.updated_at from users u1_0 where u1_0.id=1
2026-03-17 19:36:37.604 INFO  [traceId=25098e7c userId=] [http-nio-8081-exec-2] p6spy : 0 ms | statement | connection 9 | select ur1_0.user_id,ur1_0.id,ur1_0.role_id from user_role ur1_0 where ur1_0.user_id=1
2026-03-17 19:36:37.616 INFO  [traceId=25098e7c userId=] [http-nio-8081-exec-2] p6spy : 0 ms | statement | connection 9 | select r1_0.id,r1_0.description,r1_0.role_name from role r1_0 where r1_0.id=1
2026-03-17 19:36:37.646 INFO  [traceId=25098e7c userId=] [http-nio-8081-exec-2] p6spy : 1 ms | statement | connection 9 | update refresh_token set created_at='2026-03-17T19:08:47.002+0900',device_id='unknown',expires_at='2026-03-31T19:08:46.977+0900',ip_address='0:0:0:0:0:0:0:1',parent_token_id=121,revoked=true,revoked_at='2026-03-17T19:36:37.511+0900',token_hash='4548af03ce8f587fbd3d9590b3ba447d0e20c0186bf24b3a727cfb29c33f493d',user_agent='Mozilla/5.0 (Windows NT 10.0; Win64; x64) AppleWebKit/537.36 (KHTML, like Gecko) Chrome/145.0.0.0 Safari/537.36',user_id=1 where id=122
2026-03-17 19:37:01.382 INFO  [traceId=c946a0f9 userId=1] [http-nio-8081-exec-3] p6spy : 1 ms | statement | connection 10 | select rt1_0.id,rt1_0.created_at,rt1_0.device_id,rt1_0.expires_at,rt1_0.ip_address,rt1_0.parent_token_id,rt1_0.revoked,rt1_0.revoked_at,rt1_0.token_hash,rt1_0.user_agent,rt1_0.user_id from refresh_token rt1_0 where rt1_0.user_id=1 and not(rt1_0.revoked) order by rt1_0.created_at desc
