2026-03-14 09:48:53.079 INFO  [http-nio-8081-exec-1] p6spy : #1773449333079 | took 5ms | statement | connection 5| url jdbc:h2:tcp://localhost/~/testdb
select
        id,
        name
        from app_user
        where id = ?
select
        id,
        name
        from app_user
        where id = 1;
2026-03-14 09:48:53.106 INFO  [http-nio-8081-exec-1] p6spy : #1773449333106 | took 1ms | commit | connection 5| url jdbc:h2:tcp://localhost/~/testdb

;
2026-03-14 09:48:57.544 INFO  [http-nio-8081-exec-3] p6spy : #1773449337544 | took 0ms | statement | connection 6| url jdbc:h2:tcp://localhost/~/testdb
select au1_0.id,au1_0.name from app_user au1_0 where au1_0.id=?
select au1_0.id,au1_0.name from app_user au1_0 where au1_0.id=2;
2026-03-14 09:48:57.560 INFO  [http-nio-8081-exec-3] p6spy : #1773449337560 | took 0ms | commit | connection 6| url jdbc:h2:tcp://localhost/~/testdb

;
2026-03-14 09:49:37.143 INFO  [http-nio-8081-exec-2] p6spy : #1773449377143 | took 8ms | statement | connection 5| url jdbc:h2:tcp://localhost/~/testdb
select au1_0.id,au1_0.name from app_user au1_0 where au1_0.id=?
select au1_0.id,au1_0.name from app_user au1_0 where au1_0.id=2;
2026-03-14 09:49:37.159 INFO  [http-nio-8081-exec-2] p6spy : #1773449377159 | took 1ms | commit | connection 5| url jdbc:h2:tcp://localhost/~/testdb

;
2026-03-14 09:49:41.255 INFO  [http-nio-8081-exec-4] p6spy : #1773449381255 | took 0ms | statement | connection 6| url jdbc:h2:tcp://localhost/~/testdb
select
        id,
        name
        from app_user
        where id = ?
select
        id,
        name
        from app_user
        where id = 1;
2026-03-14 09:49:41.272 INFO  [http-nio-8081-exec-4] p6spy : #1773449381272 | took 0ms | commit | connection 6| url jdbc:h2:tcp://localhost/~/testdb

;
2026-03-14 09:49:52.526 INFO  [http-nio-8081-exec-3] p6spy : #1773449392526 | took 0ms | statement | connection 7| url jdbc:h2:tcp://localhost/~/testdb
select au1_0.id,au1_0.name from app_user au1_0 where au1_0.id=?
select au1_0.id,au1_0.name from app_user au1_0 where au1_0.id=2;
2026-03-14 09:49:52.528 INFO  [http-nio-8081-exec-3] p6spy : #1773449392528 | took 0ms | commit | connection 7| url jdbc:h2:tcp://localhost/~/testdb

;
2026-03-14 10:45:05.706 INFO  [traceId=ea4a62fb] [http-nio-8081-exec-1] p6spy : 
2026-03-14 10:45:05.723 INFO  [traceId=ea4a62fb] [http-nio-8081-exec-1] p6spy : 
2026-03-14 10:45:24.255 INFO  [traceId=2279df4c] [http-nio-8081-exec-3] p6spy : 
2026-03-14 10:45:24.273 INFO  [traceId=2279df4c] [http-nio-8081-exec-3] p6spy : 
2026-03-14 10:46:12.720 INFO  [traceId=16cbe7b4] [http-nio-8081-exec-1] p6spy : 
2026-03-14 10:46:12.744 INFO  [traceId=16cbe7b4] [http-nio-8081-exec-1] p6spy : 
2026-03-14 10:46:21.954 INFO  [traceId=b7847c1e] [http-nio-8081-exec-3] p6spy : 
2026-03-14 10:46:21.969 INFO  [traceId=b7847c1e] [http-nio-8081-exec-3] p6spy : 
2026-03-14 10:46:55.127 INFO  [traceId=d84da386] [http-nio-8081-exec-2] p6spy : 
2026-03-14 10:46:55.146 INFO  [traceId=d84da386] [http-nio-8081-exec-2] p6spy : 
2026-03-14 10:47:05.463 INFO  [traceId=6466e31e] [http-nio-8081-exec-3] p6spy : 
2026-03-14 10:47:05.474 INFO  [traceId=6466e31e] [http-nio-8081-exec-3] p6spy : 
2026-03-14 10:57:13.057 INFO  [traceId=5126a91b] [http-nio-8081-exec-1] p6spy : 
2026-03-14 11:01:19.819 INFO  [traceId=34305fc5] [http-nio-8081-exec-1] p6spy : 
2026-03-14 11:04:45.702 INFO  [traceId=29588322] [http-nio-8081-exec-2] p6spy : 
2026-03-14 11:04:45.726 INFO  [traceId=29588322] [http-nio-8081-exec-2] p6spy : 
2026-03-14 11:04:52.628 INFO  [traceId=31c46f96] [http-nio-8081-exec-3] p6spy : 
2026-03-14 11:04:52.640 INFO  [traceId=31c46f96] [http-nio-8081-exec-3] p6spy : 
2026-03-14 11:08:10.930 INFO  [traceId=f11fbb8e] [http-nio-8081-exec-1] p6spy : select au1_0.id,au1_0.name from app_user au1_0 where au1_0.id=2
2026-03-14 11:08:10.953 INFO  [traceId=f11fbb8e] [http-nio-8081-exec-1] p6spy : 
2026-03-14 11:08:23.255 INFO  [traceId=99e3e564] [http-nio-8081-exec-3] p6spy : select
        id,
        name
        from app_user
        where id = 1
2026-03-14 11:08:23.266 INFO  [traceId=99e3e564] [http-nio-8081-exec-3] p6spy : 
2026-03-14 11:13:04.363 INFO  [traceId=0877e923] [http-nio-8081-exec-2] p6spy : select
        id,
        name
        from app_user
        where id = 1
2026-03-14 11:13:04.410 INFO  [traceId=0877e923] [http-nio-8081-exec-2] p6spy : 
2026-03-14 11:13:13.223 INFO  [traceId=f2f499fb] [http-nio-8081-exec-3] p6spy : select au1_0.id,au1_0.name from app_user au1_0 where au1_0.id=2
2026-03-14 11:13:13.237 INFO  [traceId=f2f499fb] [http-nio-8081-exec-3] p6spy : 
2026-03-14 11:14:47.464 INFO  [traceId=b1fb2f27] [http-nio-8081-exec-1] p6spy : select au1_0.id,au1_0.name from app_user au1_0 where au1_0.id=2
2026-03-14 11:14:47.485 INFO  [traceId=b1fb2f27] [http-nio-8081-exec-1] p6spy : 
2026-03-14 11:15:15.220 INFO  [traceId=38617458] [http-nio-8081-exec-2] p6spy : select
        id,
        name
        from app_user
        where id = 1
2026-03-14 11:15:15.252 INFO  [traceId=38617458] [http-nio-8081-exec-2] p6spy : 
2026-03-14 11:19:27.827 INFO  [traceId=bdca7fa9] [http-nio-8081-exec-1] p6spy : select
        id,
        name
        from app_user
        where id = 1
2026-03-14 11:19:27.849 INFO  [traceId=bdca7fa9] [http-nio-8081-exec-1] p6spy : 
2026-03-14 11:20:23.255 INFO  [traceId=6bcd3b25] [http-nio-8081-exec-2] p6spy : select
        id,
        name
        from app_user
        where id = 1
2026-03-14 11:20:43.518 INFO  [traceId=6bcd3b25] [http-nio-8081-exec-2] p6spy : 
2026-03-14 11:25:03.898 INFO  [traceId=9e9539bf] [http-nio-8081-exec-2] p6spy : select
        id,
        name
        from app_user
        where id = 1
2026-03-14 11:25:03.916 INFO  [traceId=9e9539bf] [http-nio-8081-exec-2] p6spy : null
2026-03-14 11:26:59.070 INFO  [traceId=8bf34762] [http-nio-8081-exec-1] p6spy : select
        id,
        name
        from app_user
        where id = 1
2026-03-14 11:26:59.076 INFO  [traceId=8bf34762] [http-nio-8081-exec-1] p6spy : null
2026-03-14 11:26:59.092 INFO  [traceId=8bf34762] [http-nio-8081-exec-1] p6spy : null
2026-03-14 11:27:34.112 INFO  [traceId=5cdbf5d9] [http-nio-8081-exec-2] p6spy : select
        id,
        name
        from app_user
        where id = 1
2026-03-14 11:27:34.120 INFO  [traceId=5cdbf5d9] [http-nio-8081-exec-2] p6spy : select
        id,
        name
        from app_user
        where id = 1
2026-03-14 11:27:34.141 INFO  [traceId=5cdbf5d9] [http-nio-8081-exec-2] p6spy : id = 1, name = 'kim'
2026-03-14 11:28:28.699 INFO  [traceId=852948be] [http-nio-8081-exec-1] p6spy : select
        id,
        name
        from app_user
        where id = 1
2026-03-14 11:28:28.705 INFO  [traceId=852948be] [http-nio-8081-exec-1] p6spy : select
        id,
        name
        from app_user
        where id = 1
2026-03-14 11:28:28.724 INFO  [traceId=852948be] [http-nio-8081-exec-1] p6spy : id = 1, name = 'kim'
2026-03-14 11:31:23.772 INFO  [traceId=73c8d4bf] [http-nio-8081-exec-2] p6spy : select
        id,
        name
        from app_user
        where id = 1
2026-03-14 11:31:29.671 INFO  [traceId=73c8d4bf] [http-nio-8081-exec-2] p6spy : null
2026-03-14 11:34:18.858 INFO  [traceId=41498a98] [http-nio-8081-exec-3] p6spy : select
        id,
        name
        from app_user
        where id = 1
2026-03-14 11:34:21.161 INFO  [traceId=41498a98] [http-nio-8081-exec-3] p6spy : 
2026-03-14 12:08:23.621 INFO  [http-nio-8081-exec-2] p6spy : #1773457703621 | took 15ms | statement | connection 5| url jdbc:h2:tcp://localhost/~/testdb
select au1_0.id,au1_0.name from app_user au1_0 where au1_0.id=?
select au1_0.id,au1_0.name from app_user au1_0 where au1_0.id=2;
2026-03-14 12:08:23.640 INFO  [http-nio-8081-exec-2] p6spy : #1773457703640 | took 0ms | commit | connection 5| url jdbc:h2:tcp://localhost/~/testdb

;
2026-03-14 12:08:28.023 INFO  [http-nio-8081-exec-3] p6spy : #1773457708023 | took 0ms | statement | connection 6| url jdbc:h2:tcp://localhost/~/testdb
select
        id,
        name
        from app_user
        where id = ?
select
        id,
        name
        from app_user
        where id = 1;
2026-03-14 12:08:28.042 INFO  [http-nio-8081-exec-3] p6spy : #1773457708042 | took 0ms | commit | connection 6| url jdbc:h2:tcp://localhost/~/testdb

;
2026-03-14 12:16:17.868 INFO  [traceId=de696f44] [http-nio-8081-exec-1] p6spy : #1773458177868 | took 5ms | statement | connection 5| url jdbc:h2:tcp://localhost/~/testdb
select
        id,
        name
        from app_user
        where id = ?
select
        id,
        name
        from app_user
        where id = 1;
2026-03-14 12:16:17.903 INFO  [traceId=de696f44] [http-nio-8081-exec-1] p6spy : #1773458177903 | took 1ms | commit | connection 5| url jdbc:h2:tcp://localhost/~/testdb

;
2026-03-14 12:16:37.350 INFO  [traceId=1ecab652] [http-nio-8081-exec-3] p6spy : #1773458197350 | took 0ms | statement | connection 6| url jdbc:h2:tcp://localhost/~/testdb
select au1_0.id,au1_0.name from app_user au1_0 where au1_0.id=?
select au1_0.id,au1_0.name from app_user au1_0 where au1_0.id=2;
2026-03-14 12:16:37.362 INFO  [traceId=1ecab652] [http-nio-8081-exec-3] p6spy : #1773458197362 | took 0ms | commit | connection 6| url jdbc:h2:tcp://localhost/~/testdb

;
2026-03-14 12:18:40.084 INFO  [traceId=63e321e8] [http-nio-8081-exec-1] p6spy : #1773458320084 | took 7ms | statement | connection 5| url jdbc:h2:tcp://localhost/~/testdb
select au1_0.id,au1_0.name from app_user au1_0 where au1_0.id=?
select au1_0.id,au1_0.name from app_user au1_0 where au1_0.id=2;
2026-03-14 12:18:40.100 INFO  [traceId=63e321e8] [http-nio-8081-exec-1] p6spy : #1773458320100 | took 1ms | commit | connection 5| url jdbc:h2:tcp://localhost/~/testdb

;
2026-03-14 12:18:49.777 INFO  [traceId=0a6e7f8f] [http-nio-8081-exec-3] p6spy : #1773458329777 | took 0ms | statement | connection 6| url jdbc:h2:tcp://localhost/~/testdb
select
        id,
        name
        from app_user
        where id = ?
select
        id,
        name
        from app_user
        where id = 1;
2026-03-14 12:18:49.794 INFO  [traceId=0a6e7f8f] [http-nio-8081-exec-3] p6spy : #1773458329794 | took 0ms | commit | connection 6| url jdbc:h2:tcp://localhost/~/testdb

;
2026-03-14 12:22:31.996 INFO  [traceId=185e20b5] [http-nio-8081-exec-1] p6spy : 
2026-03-14 12:22:32.021 INFO  [traceId=185e20b5] [http-nio-8081-exec-1] p6spy : 
2026-03-14 12:22:42.939 INFO  [traceId=26f27791] [http-nio-8081-exec-3] p6spy : 
2026-03-14 12:22:42.953 INFO  [traceId=26f27791] [http-nio-8081-exec-3] p6spy : 
2026-03-14 12:29:09.945 INFO  [traceId=5fba7c1a] [http-nio-8081-exec-1] p6spy : 
2026-03-14 12:29:09.968 INFO  [traceId=5fba7c1a] [http-nio-8081-exec-1] p6spy : 
2026-03-14 12:32:26.874 INFO  [traceId=056574e1] [http-nio-8081-exec-2] p6spy : null
2026-03-14 12:32:26.906 INFO  [traceId=056574e1] [http-nio-8081-exec-2] p6spy : 
2026-03-14 12:39:21.252 INFO  [traceId=fa2c27ff] [http-nio-8081-exec-2] p6spy : #1773459561252 | took 4ms | statement | connection 5| url jdbc:h2:tcp://localhost/~/testdb
select
        id,
        name
        from app_user
        where id = ?
select
        id,
        name
        from app_user
        where id = 1;
2026-03-14 12:39:21.284 INFO  [traceId=fa2c27ff] [http-nio-8081-exec-2] p6spy : #1773459561284 | took 1ms | commit | connection 5| url jdbc:h2:tcp://localhost/~/testdb

;
2026-03-14 12:39:36.276 INFO  [traceId=3bf9aac5] [http-nio-8081-exec-3] p6spy : #1773459576276 | took 0ms | statement | connection 6| url jdbc:h2:tcp://localhost/~/testdb
select au1_0.id,au1_0.name from app_user au1_0 where au1_0.id=?
select au1_0.id,au1_0.name from app_user au1_0 where au1_0.id=2;
2026-03-14 12:39:36.290 INFO  [traceId=3bf9aac5] [http-nio-8081-exec-3] p6spy : #1773459576290 | took 0ms | commit | connection 6| url jdbc:h2:tcp://localhost/~/testdb

;
2026-03-14 12:41:48.554 DEBUG [traceId=] [restartedMain] p6spy : #1773459708553 | took 0ms | debug | connection -1| url 

Registered factory: com.p6spy.engine.spy.P6SpyFactory with options: com.p6spy.engine.spy.P6SpyOptions;
2026-03-14 12:41:48.555 DEBUG [traceId=] [restartedMain] p6spy : #1773459708554 | took 0ms | debug | connection -1| url 

Registered factory: com.p6spy.engine.logging.P6LogFactory with options: com.p6spy.engine.logging.P6LogOptions;
2026-03-14 12:41:48.555 DEBUG [traceId=] [restartedMain] p6spy : #1773459708555 | took 0ms | debug | connection -1| url 

com.p6spy.engine.spy.P6ModuleManager re/initiating modules done;
2026-03-14 12:42:45.828 INFO  [traceId=57a3303c] [http-nio-8081-exec-2] p6spy : #1773459765828 | took 8ms | statement | connection 5| url jdbc:h2:tcp://localhost/~/testdb
select au1_0.id,au1_0.name from app_user au1_0 where au1_0.id=?
select au1_0.id,au1_0.name from app_user au1_0 where au1_0.id=2;
2026-03-14 12:42:45.829 DEBUG [traceId=57a3303c] [http-nio-8081-exec-2] p6spy : #1773459765829 | took 0ms | debug | connection -1| url 

P6Spy intentionally did not log category: result, statement:   Reason: logger=com.p6spy.engine.spy.appender.Slf4JLogger@494b4800, isLoggable=true, isCategoryOk=false, meetsTreshold=true;
2026-03-14 12:42:45.848 DEBUG [traceId=57a3303c] [http-nio-8081-exec-2] p6spy : #1773459765848 | took 0ms | debug | connection -1| url 

P6Spy intentionally did not log category: commit, statement:   Reason: logger=com.p6spy.engine.spy.appender.Slf4JLogger@494b4800, isLoggable=true, isCategoryOk=false, meetsTreshold=true;
2026-03-14 12:43:06.222 INFO  [traceId=f56925d5] [http-nio-8081-exec-3] p6spy : #1773459786222 | took 0ms | statement | connection 6| url jdbc:h2:tcp://localhost/~/testdb
select
        id,
        name
        from app_user
        where id = ?
select
        id,
        name
        from app_user
        where id = 1;
2026-03-14 12:43:06.222 DEBUG [traceId=f56925d5] [http-nio-8081-exec-3] p6spy : #1773459786222 | took 0ms | debug | connection -1| url 

P6Spy intentionally did not log category: resultset, statement: select
        id,
        name
        from app_user
        where id = 1  Reason: logger=com.p6spy.engine.spy.appender.Slf4JLogger@494b4800, isLoggable=true, isCategoryOk=false, meetsTreshold=true;
2026-03-14 12:43:06.230 DEBUG [traceId=f56925d5] [http-nio-8081-exec-3] p6spy : #1773459786230 | took 0ms | debug | connection -1| url 

P6Spy intentionally did not log category: result, statement:   Reason: logger=com.p6spy.engine.spy.appender.Slf4JLogger@494b4800, isLoggable=true, isCategoryOk=false, meetsTreshold=true;
2026-03-14 12:43:06.237 DEBUG [traceId=f56925d5] [http-nio-8081-exec-3] p6spy : #1773459786237 | took 0ms | debug | connection -1| url 

P6Spy intentionally did not log category: commit, statement:   Reason: logger=com.p6spy.engine.spy.appender.Slf4JLogger@494b4800, isLoggable=true, isCategoryOk=false, meetsTreshold=true;
2026-03-14 12:44:18.897 DEBUG [traceId=] [restartedMain] p6spy : #1773459858897 | took 0ms | debug | connection -1| url 

Registered factory: com.p6spy.engine.spy.P6SpyFactory with options: com.p6spy.engine.spy.P6SpyOptions;
2026-03-14 12:44:18.898 DEBUG [traceId=] [restartedMain] p6spy : #1773459858898 | took 0ms | debug | connection -1| url 

Registered factory: com.p6spy.engine.logging.P6LogFactory with options: com.p6spy.engine.logging.P6LogOptions;
2026-03-14 12:44:18.899 DEBUG [traceId=] [restartedMain] p6spy : #1773459858899 | took 0ms | debug | connection -1| url 

com.p6spy.engine.spy.P6ModuleManager re/initiating modules done;
2026-03-14 12:44:26.489 INFO  [traceId=0e8a4f05] [http-nio-8081-exec-2] p6spy : #1773459866489 | took 2ms | statement | connection 5| url jdbc:h2:tcp://localhost/~/testdb
select
        id,
        name
        from app_user
        where id = ?
select
        id,
        name
        from app_user
        where id = 1;
2026-03-14 12:44:26.496 DEBUG [traceId=0e8a4f05] [http-nio-8081-exec-2] p6spy : #1773459866496 | took 0ms | debug | connection -1| url 

P6Spy intentionally did not log category: resultset, statement: select
        id,
        name
        from app_user
        where id = 1  Reason: logger=com.p6spy.engine.spy.appender.Slf4JLogger@565fee26, isLoggable=true, isCategoryOk=false, meetsTreshold=true;
2026-03-14 12:44:26.502 DEBUG [traceId=0e8a4f05] [http-nio-8081-exec-2] p6spy : #1773459866502 | took 0ms | debug | connection -1| url 

P6Spy intentionally did not log category: result, statement:   Reason: logger=com.p6spy.engine.spy.appender.Slf4JLogger@565fee26, isLoggable=true, isCategoryOk=false, meetsTreshold=true;
2026-03-14 12:44:26.513 DEBUG [traceId=0e8a4f05] [http-nio-8081-exec-2] p6spy : #1773459866513 | took 0ms | debug | connection -1| url 

P6Spy intentionally did not log category: commit, statement:   Reason: logger=com.p6spy.engine.spy.appender.Slf4JLogger@565fee26, isLoggable=true, isCategoryOk=false, meetsTreshold=true;
2026-03-14 12:45:58.089 INFO  [traceId=34da33a2] [http-nio-8081-exec-2] p6spy : #1773459958089 | took 5ms | statement | connection 5| url jdbc:h2:tcp://localhost/~/testdb
select
        id,
        name
        from app_user
        where id = ?
select
        id,
        name
        from app_user
        where id = 1;
2026-03-14 12:46:11.959 INFO  [traceId=e2341ab6] [http-nio-8081-exec-3] p6spy : #1773459971959 | took 0ms | statement | connection 6| url jdbc:h2:tcp://localhost/~/testdb
select au1_0.id,au1_0.name from app_user au1_0 where au1_0.id=?
select au1_0.id,au1_0.name from app_user au1_0 where au1_0.id=2;
2026-03-14 12:46:13.246 INFO  [traceId=3707d284] [http-nio-8081-exec-4] p6spy : #1773459973246 | took 0ms | statement | connection 7| url jdbc:h2:tcp://localhost/~/testdb
select au1_0.id,au1_0.name from app_user au1_0 where au1_0.id=?
select au1_0.id,au1_0.name from app_user au1_0 where au1_0.id=2;
2026-03-14 12:46:14.426 INFO  [traceId=4a579e0b] [http-nio-8081-exec-5] p6spy : #1773459974426 | took 0ms | statement | connection 8| url jdbc:h2:tcp://localhost/~/testdb
select au1_0.id,au1_0.name from app_user au1_0 where au1_0.id=?
select au1_0.id,au1_0.name from app_user au1_0 where au1_0.id=2;
2026-03-14 12:46:17.896 INFO  [traceId=10d2d754] [http-nio-8081-exec-6] p6spy : #1773459977896 | took 0ms | statement | connection 9| url jdbc:h2:tcp://localhost/~/testdb
select
        id,
        name
        from app_user
        where id = ?
select
        id,
        name
        from app_user
        where id = 1;
2026-03-14 12:54:47.363 INFO  [traceId=aa075bbf] [http-nio-8081-exec-2] p6spy : #1773460487363 | took 2ms | statement | connection 5| url jdbc:h2:tcp://localhost/~/testdb
select
        id,
        name
        from app_user
        where id = ?
select
        id,
        name
        from app_user
        where id = 1;
2026-03-14 12:54:53.983 INFO  [traceId=e6d11b00] [http-nio-8081-exec-3] p6spy : #1773460493983 | took 0ms | statement | connection 6| url jdbc:h2:tcp://localhost/~/testdb
select au1_0.id,au1_0.name from app_user au1_0 where au1_0.id=?
select au1_0.id,au1_0.name from app_user au1_0 where au1_0.id=2;
2026-03-14 12:57:42.680 INFO  [traceId=f631728a] [http-nio-8081-exec-2] p6spy : 8 ms | statement | connection 5 | select au1_0.id,au1_0.name from app_user au1_0 where au1_0.id=2
2026-03-14 12:57:47.288 INFO  [traceId=1923781b] [http-nio-8081-exec-3] p6spy : 0 ms | statement | connection 6 | select         id,         name         from app_user         where id = 1
2026-03-14 13:01:39.632 INFO  [traceId=d14aa798] [http-nio-8081-exec-1] p6spy : 9 ms | statement | connection 5 | select au1_0.id,au1_0.name from app_user au1_0 where au1_0.id=2
2026-03-14 13:01:47.726 INFO  [traceId=fc1bd570] [http-nio-8081-exec-3] p6spy : 0 ms | statement | connection 6 | select id, name from app_user where id = 1
2026-03-14 13:10:02.856 INFO  [traceId=935185e6] [http-nio-8081-exec-1] p6spy : 12 ms | statement | connection 5 | select au1_0.id,au1_0.name from app_user au1_0 where au1_0.id=2
2026-03-14 13:10:23.322 INFO  [traceId=bedb8f20] [http-nio-8081-exec-3] p6spy : 0 ms | statement | connection 6 | select id, name from app_user where id = 1
