2026-03-29 12:52:41.667 INFO  [traceId= userId=] [restartedMain] p6spy : 4 ms | statement | connection 1 | create table if not exists app_user ( id bigint primary key, name varchar(100) not null )
2026-03-29 12:52:41.711 INFO  [traceId= userId=] [restartedMain] p6spy : 10 ms | statement | connection 2 | merge into app_user (id, name) key(id) values (1, 'kim')
2026-03-29 12:52:41.714 INFO  [traceId= userId=] [restartedMain] p6spy : 2 ms | statement | connection 2 | merge into app_user (id, name) key(id) values (2, 'lee')
2026-03-29 12:52:41.717 INFO  [traceId= userId=] [restartedMain] p6spy : 2 ms | statement | connection 2 | merge into app_user (id, name) key(id) values (3, 'park')
2026-03-29 12:52:44.405 INFO  [traceId= userId=] [restartedMain] p6spy : 11 ms | statement | connection 4 | select * from INFORMATION_SCHEMA.SEQUENCES
2026-03-29 12:52:44.489 INFO  [traceId= userId=] [restartedMain] p6spy : 53 ms | statement | connection 4 | alter table if exists message alter column important_message_use_yn set data type varchar(255)
2026-03-29 12:52:44.497 INFO  [traceId= userId=] [restartedMain] p6spy : 7 ms | statement | connection 4 | alter table if exists message alter column use_yn set data type varchar(255)
2026-03-29 12:52:44.508 INFO  [traceId= userId=] [restartedMain] p6spy : 2 ms | statement | connection 4 | alter table if exists refresh_token drop constraint if exists UKkdj16cltjxdksuyiosdhliveg
2026-03-29 12:52:44.514 INFO  [traceId= userId=] [restartedMain] p6spy : 5 ms | statement | connection 4 | alter table if exists refresh_token add constraint UKkdj16cltjxdksuyiosdhliveg unique (token_hash)
2026-03-29 12:52:44.518 INFO  [traceId= userId=] [restartedMain] p6spy : 1 ms | statement | connection 4 | alter table if exists role drop constraint if exists UKiubw515ff0ugtm28p8g3myt0h
2026-03-29 12:52:44.520 INFO  [traceId= userId=] [restartedMain] p6spy : 1 ms | statement | connection 4 | alter table if exists role add constraint UKiubw515ff0ugtm28p8g3myt0h unique (role_name)
2026-03-29 12:52:44.523 INFO  [traceId= userId=] [restartedMain] p6spy : 1 ms | statement | connection 4 | alter table if exists user_role drop constraint if exists UK872xec3woupu3gw59b04pj3sa
2026-03-29 12:52:44.526 INFO  [traceId= userId=] [restartedMain] p6spy : 1 ms | statement | connection 4 | alter table if exists user_role add constraint UK872xec3woupu3gw59b04pj3sa unique (user_id, role_id)
2026-03-29 12:52:44.529 INFO  [traceId= userId=] [restartedMain] p6spy : 1 ms | statement | connection 4 | alter table if exists users drop constraint if exists UK8mkeyj0y8gx4ngt7i50q4rxgg
2026-03-29 12:52:44.531 INFO  [traceId= userId=] [restartedMain] p6spy : 1 ms | statement | connection 4 | alter table if exists users add constraint UK8mkeyj0y8gx4ngt7i50q4rxgg unique (provider, provider_subject)
2026-03-29 12:52:44.534 INFO  [traceId= userId=] [restartedMain] p6spy : 1 ms | statement | connection 4 | alter table if exists users drop constraint if exists UK6dotkott2kjsp8vw4d0m25fb7
2026-03-29 12:52:44.539 INFO  [traceId= userId=] [restartedMain] p6spy : 3 ms | statement | connection 4 | alter table if exists users add constraint UK6dotkott2kjsp8vw4d0m25fb7 unique (email)
2026-03-29 12:52:44.557 INFO  [traceId= userId=] [restartedMain] p6spy : 0 ms | statement | connection 4 | select * from "testdb"."PUBLIC"."role" where 1=0
2026-03-29 12:52:44.563 INFO  [traceId= userId=] [restartedMain] p6spy : 0 ms | statement | connection 4 | select * from "testdb"."PUBLIC"."users" where 1=0
2026-03-29 12:52:46.279 INFO  [traceId= userId=] [restartedMain] p6spy : 0 ms | statement | connection 5 | select fe1_0.function_id,fe1_0.created_at,fe1_0.created_by,fe1_0.level_value,fe1_0.parent_function_id,fe1_0.program_id,fe1_0.sort_order,fe1_0.system_type_code,fe1_0.updated_at,fe1_0.updated_by,fe1_0.use_yn from function fe1_0 where fe1_0.use_yn='Y'
2026-03-29 12:53:36.905 INFO  [traceId= userId=] [restartedMain] p6spy : 2 ms | statement | connection 1 | create table if not exists app_user ( id bigint primary key, name varchar(100) not null )
2026-03-29 12:53:36.913 INFO  [traceId= userId=] [restartedMain] p6spy : 2 ms | statement | connection 2 | merge into app_user (id, name) key(id) values (1, 'kim')
2026-03-29 12:53:36.918 INFO  [traceId= userId=] [restartedMain] p6spy : 3 ms | statement | connection 2 | merge into app_user (id, name) key(id) values (2, 'lee')
2026-03-29 12:53:36.922 INFO  [traceId= userId=] [restartedMain] p6spy : 2 ms | statement | connection 2 | merge into app_user (id, name) key(id) values (3, 'park')
2026-03-29 12:53:39.554 INFO  [traceId= userId=] [restartedMain] p6spy : 10 ms | statement | connection 4 | select * from INFORMATION_SCHEMA.SEQUENCES
2026-03-29 12:53:39.582 INFO  [traceId= userId=] [restartedMain] p6spy : 1 ms | statement | connection 4 | alter table if exists refresh_token drop constraint if exists UKkdj16cltjxdksuyiosdhliveg
2026-03-29 12:53:39.587 INFO  [traceId= userId=] [restartedMain] p6spy : 3 ms | statement | connection 4 | alter table if exists refresh_token add constraint UKkdj16cltjxdksuyiosdhliveg unique (token_hash)
2026-03-29 12:53:39.590 INFO  [traceId= userId=] [restartedMain] p6spy : 1 ms | statement | connection 4 | alter table if exists role drop constraint if exists UKiubw515ff0ugtm28p8g3myt0h
2026-03-29 12:53:39.593 INFO  [traceId= userId=] [restartedMain] p6spy : 2 ms | statement | connection 4 | alter table if exists role add constraint UKiubw515ff0ugtm28p8g3myt0h unique (role_name)
2026-03-29 12:53:39.595 INFO  [traceId= userId=] [restartedMain] p6spy : 1 ms | statement | connection 4 | alter table if exists user_role drop constraint if exists UK872xec3woupu3gw59b04pj3sa
2026-03-29 12:53:39.597 INFO  [traceId= userId=] [restartedMain] p6spy : 1 ms | statement | connection 4 | alter table if exists user_role add constraint UK872xec3woupu3gw59b04pj3sa unique (user_id, role_id)
2026-03-29 12:53:39.600 INFO  [traceId= userId=] [restartedMain] p6spy : 1 ms | statement | connection 4 | alter table if exists users drop constraint if exists UK8mkeyj0y8gx4ngt7i50q4rxgg
2026-03-29 12:53:39.602 INFO  [traceId= userId=] [restartedMain] p6spy : 1 ms | statement | connection 4 | alter table if exists users add constraint UK8mkeyj0y8gx4ngt7i50q4rxgg unique (provider, provider_subject)
2026-03-29 12:53:39.603 INFO  [traceId= userId=] [restartedMain] p6spy : 1 ms | statement | connection 4 | alter table if exists users drop constraint if exists UK6dotkott2kjsp8vw4d0m25fb7
2026-03-29 12:53:39.606 INFO  [traceId= userId=] [restartedMain] p6spy : 1 ms | statement | connection 4 | alter table if exists users add constraint UK6dotkott2kjsp8vw4d0m25fb7 unique (email)
2026-03-29 12:53:39.615 INFO  [traceId= userId=] [restartedMain] p6spy : 0 ms | statement | connection 4 | select * from "testdb"."PUBLIC"."role" where 1=0
2026-03-29 12:53:39.619 INFO  [traceId= userId=] [restartedMain] p6spy : 0 ms | statement | connection 4 | select * from "testdb"."PUBLIC"."users" where 1=0
2026-03-29 12:53:40.923 INFO  [traceId= userId=] [restartedMain] p6spy : 1 ms | statement | connection 5 | select fe1_0.function_id,fe1_0.created_at,fe1_0.created_by,fe1_0.level_value,fe1_0.parent_function_id,fe1_0.program_id,fe1_0.sort_order,fe1_0.system_type_code,fe1_0.updated_at,fe1_0.updated_by,fe1_0.use_yn from function fe1_0 where fe1_0.use_yn='Y'
2026-03-29 12:59:49.996 INFO  [traceId= userId=] [restartedMain] p6spy : 2 ms | statement | connection 1 | create table if not exists app_user ( id bigint primary key, name varchar(100) not null )
2026-03-29 12:59:50.004 INFO  [traceId= userId=] [restartedMain] p6spy : 2 ms | statement | connection 2 | merge into app_user (id, name) key(id) values (1, 'kim')
2026-03-29 12:59:50.007 INFO  [traceId= userId=] [restartedMain] p6spy : 2 ms | statement | connection 2 | merge into app_user (id, name) key(id) values (2, 'lee')
2026-03-29 12:59:50.010 INFO  [traceId= userId=] [restartedMain] p6spy : 1 ms | statement | connection 2 | merge into app_user (id, name) key(id) values (3, 'park')
2026-03-29 12:59:52.306 INFO  [traceId= userId=] [restartedMain] p6spy : 9 ms | statement | connection 4 | select * from INFORMATION_SCHEMA.SEQUENCES
2026-03-29 12:59:52.330 INFO  [traceId= userId=] [restartedMain] p6spy : 1 ms | statement | connection 4 | alter table if exists refresh_token drop constraint if exists UKkdj16cltjxdksuyiosdhliveg
2026-03-29 12:59:52.333 INFO  [traceId= userId=] [restartedMain] p6spy : 2 ms | statement | connection 4 | alter table if exists refresh_token add constraint UKkdj16cltjxdksuyiosdhliveg unique (token_hash)
2026-03-29 12:59:52.335 INFO  [traceId= userId=] [restartedMain] p6spy : 0 ms | statement | connection 4 | alter table if exists role drop constraint if exists UKiubw515ff0ugtm28p8g3myt0h
2026-03-29 12:59:52.337 INFO  [traceId= userId=] [restartedMain] p6spy : 1 ms | statement | connection 4 | alter table if exists role add constraint UKiubw515ff0ugtm28p8g3myt0h unique (role_name)
2026-03-29 12:59:52.341 INFO  [traceId= userId=] [restartedMain] p6spy : 1 ms | statement | connection 4 | alter table if exists user_role drop constraint if exists UK872xec3woupu3gw59b04pj3sa
2026-03-29 12:59:52.343 INFO  [traceId= userId=] [restartedMain] p6spy : 1 ms | statement | connection 4 | alter table if exists user_role add constraint UK872xec3woupu3gw59b04pj3sa unique (user_id, role_id)
2026-03-29 12:59:52.345 INFO  [traceId= userId=] [restartedMain] p6spy : 0 ms | statement | connection 4 | alter table if exists users drop constraint if exists UK8mkeyj0y8gx4ngt7i50q4rxgg
2026-03-29 12:59:52.346 INFO  [traceId= userId=] [restartedMain] p6spy : 1 ms | statement | connection 4 | alter table if exists users add constraint UK8mkeyj0y8gx4ngt7i50q4rxgg unique (provider, provider_subject)
2026-03-29 12:59:52.348 INFO  [traceId= userId=] [restartedMain] p6spy : 1 ms | statement | connection 4 | alter table if exists users drop constraint if exists UK6dotkott2kjsp8vw4d0m25fb7
2026-03-29 12:59:52.350 INFO  [traceId= userId=] [restartedMain] p6spy : 1 ms | statement | connection 4 | alter table if exists users add constraint UK6dotkott2kjsp8vw4d0m25fb7 unique (email)
2026-03-29 12:59:52.358 INFO  [traceId= userId=] [restartedMain] p6spy : 0 ms | statement | connection 4 | select * from "testdb"."PUBLIC"."role" where 1=0
2026-03-29 12:59:52.363 INFO  [traceId= userId=] [restartedMain] p6spy : 0 ms | statement | connection 4 | select * from "testdb"."PUBLIC"."users" where 1=0
2026-03-29 12:59:53.846 INFO  [traceId= userId=] [restartedMain] p6spy : 0 ms | statement | connection 5 | select fe1_0.function_id,fe1_0.created_at,fe1_0.created_by,fe1_0.level_value,fe1_0.parent_function_id,fe1_0.program_id,fe1_0.sort_order,fe1_0.system_type_code,fe1_0.updated_at,fe1_0.updated_by,fe1_0.use_yn from function fe1_0 where fe1_0.use_yn='Y'
2026-03-29 13:02:16.732 INFO  [traceId= userId=] [Test worker] p6spy : 2 ms | statement | connection 0 | create table if not exists app_user ( id bigint primary key, name varchar(100) not null )
2026-03-29 13:02:16.749 INFO  [traceId= userId=] [Test worker] p6spy : 2 ms | statement | connection 1 | merge into app_user (id, name) key(id) values (1, 'kim')
2026-03-29 13:02:16.752 INFO  [traceId= userId=] [Test worker] p6spy : 2 ms | statement | connection 1 | merge into app_user (id, name) key(id) values (2, 'lee')
2026-03-29 13:02:16.755 INFO  [traceId= userId=] [Test worker] p6spy : 2 ms | statement | connection 1 | merge into app_user (id, name) key(id) values (3, 'park')
2026-03-29 13:02:19.760 INFO  [traceId= userId=] [Test worker] p6spy : 9 ms | statement | connection 3 | select * from INFORMATION_SCHEMA.SEQUENCES
2026-03-29 13:02:19.782 INFO  [traceId= userId=] [Test worker] p6spy : 1 ms | statement | connection 3 | alter table if exists refresh_token drop constraint if exists UKkdj16cltjxdksuyiosdhliveg
2026-03-29 13:02:19.787 INFO  [traceId= userId=] [Test worker] p6spy : 2 ms | statement | connection 3 | alter table if exists refresh_token add constraint UKkdj16cltjxdksuyiosdhliveg unique (token_hash)
2026-03-29 13:02:19.791 INFO  [traceId= userId=] [Test worker] p6spy : 1 ms | statement | connection 3 | alter table if exists role drop constraint if exists UKiubw515ff0ugtm28p8g3myt0h
2026-03-29 13:02:19.793 INFO  [traceId= userId=] [Test worker] p6spy : 2 ms | statement | connection 3 | alter table if exists role add constraint UKiubw515ff0ugtm28p8g3myt0h unique (role_name)
2026-03-29 13:02:19.797 INFO  [traceId= userId=] [Test worker] p6spy : 1 ms | statement | connection 3 | alter table if exists user_role drop constraint if exists UK872xec3woupu3gw59b04pj3sa
2026-03-29 13:02:19.798 INFO  [traceId= userId=] [Test worker] p6spy : 0 ms | statement | connection 3 | alter table if exists user_role add constraint UK872xec3woupu3gw59b04pj3sa unique (user_id, role_id)
2026-03-29 13:02:19.803 INFO  [traceId= userId=] [Test worker] p6spy : 1 ms | statement | connection 3 | alter table if exists users drop constraint if exists UK8mkeyj0y8gx4ngt7i50q4rxgg
2026-03-29 13:02:19.804 INFO  [traceId= userId=] [Test worker] p6spy : 1 ms | statement | connection 3 | alter table if exists users add constraint UK8mkeyj0y8gx4ngt7i50q4rxgg unique (provider, provider_subject)
2026-03-29 13:02:19.806 INFO  [traceId= userId=] [Test worker] p6spy : 1 ms | statement | connection 3 | alter table if exists users drop constraint if exists UK6dotkott2kjsp8vw4d0m25fb7
2026-03-29 13:02:19.810 INFO  [traceId= userId=] [Test worker] p6spy : 1 ms | statement | connection 3 | alter table if exists users add constraint UK6dotkott2kjsp8vw4d0m25fb7 unique (email)
2026-03-29 13:02:19.822 INFO  [traceId= userId=] [Test worker] p6spy : 0 ms | statement | connection 3 | select * from "testdb"."PUBLIC"."role" where 1=0
2026-03-29 13:02:19.826 INFO  [traceId= userId=] [Test worker] p6spy : 0 ms | statement | connection 3 | select * from "testdb"."PUBLIC"."users" where 1=0
2026-03-29 13:02:21.689 INFO  [traceId= userId=] [Test worker] p6spy : 0 ms | statement | connection 4 | select fe1_0.function_id,fe1_0.created_at,fe1_0.created_by,fe1_0.level_value,fe1_0.parent_function_id,fe1_0.program_id,fe1_0.sort_order,fe1_0.system_type_code,fe1_0.updated_at,fe1_0.updated_by,fe1_0.use_yn from function fe1_0 where fe1_0.use_yn='Y'
2026-03-29 13:03:04.401 INFO  [traceId= userId=] [restartedMain] p6spy : 2 ms | statement | connection 1 | create table if not exists app_user ( id bigint primary key, name varchar(100) not null )
2026-03-29 13:03:04.405 INFO  [traceId= userId=] [restartedMain] p6spy : 1 ms | statement | connection 2 | merge into app_user (id, name) key(id) values (1, 'kim')
2026-03-29 13:03:04.408 INFO  [traceId= userId=] [restartedMain] p6spy : 1 ms | statement | connection 2 | merge into app_user (id, name) key(id) values (2, 'lee')
2026-03-29 13:03:04.409 INFO  [traceId= userId=] [restartedMain] p6spy : 1 ms | statement | connection 2 | merge into app_user (id, name) key(id) values (3, 'park')
2026-03-29 13:03:06.885 INFO  [traceId= userId=] [restartedMain] p6spy : 10 ms | statement | connection 4 | select * from INFORMATION_SCHEMA.SEQUENCES
2026-03-29 13:03:06.911 INFO  [traceId= userId=] [restartedMain] p6spy : 1 ms | statement | connection 4 | alter table if exists refresh_token drop constraint if exists UKkdj16cltjxdksuyiosdhliveg
2026-03-29 13:03:06.914 INFO  [traceId= userId=] [restartedMain] p6spy : 2 ms | statement | connection 4 | alter table if exists refresh_token add constraint UKkdj16cltjxdksuyiosdhliveg unique (token_hash)
2026-03-29 13:03:06.917 INFO  [traceId= userId=] [restartedMain] p6spy : 1 ms | statement | connection 4 | alter table if exists role drop constraint if exists UKiubw515ff0ugtm28p8g3myt0h
2026-03-29 13:03:06.921 INFO  [traceId= userId=] [restartedMain] p6spy : 3 ms | statement | connection 4 | alter table if exists role add constraint UKiubw515ff0ugtm28p8g3myt0h unique (role_name)
2026-03-29 13:03:06.923 INFO  [traceId= userId=] [restartedMain] p6spy : 1 ms | statement | connection 4 | alter table if exists user_role drop constraint if exists UK872xec3woupu3gw59b04pj3sa
2026-03-29 13:03:06.924 INFO  [traceId= userId=] [restartedMain] p6spy : 0 ms | statement | connection 4 | alter table if exists user_role add constraint UK872xec3woupu3gw59b04pj3sa unique (user_id, role_id)
2026-03-29 13:03:06.928 INFO  [traceId= userId=] [restartedMain] p6spy : 1 ms | statement | connection 4 | alter table if exists users drop constraint if exists UK8mkeyj0y8gx4ngt7i50q4rxgg
2026-03-29 13:03:06.929 INFO  [traceId= userId=] [restartedMain] p6spy : 1 ms | statement | connection 4 | alter table if exists users add constraint UK8mkeyj0y8gx4ngt7i50q4rxgg unique (provider, provider_subject)
2026-03-29 13:03:06.931 INFO  [traceId= userId=] [restartedMain] p6spy : 1 ms | statement | connection 4 | alter table if exists users drop constraint if exists UK6dotkott2kjsp8vw4d0m25fb7
2026-03-29 13:03:06.933 INFO  [traceId= userId=] [restartedMain] p6spy : 1 ms | statement | connection 4 | alter table if exists users add constraint UK6dotkott2kjsp8vw4d0m25fb7 unique (email)
2026-03-29 13:03:06.943 INFO  [traceId= userId=] [restartedMain] p6spy : 0 ms | statement | connection 4 | select * from "testdb"."PUBLIC"."role" where 1=0
2026-03-29 13:03:06.948 INFO  [traceId= userId=] [restartedMain] p6spy : 0 ms | statement | connection 4 | select * from "testdb"."PUBLIC"."users" where 1=0
2026-03-29 13:03:08.240 INFO  [traceId= userId=] [restartedMain] p6spy : 0 ms | statement | connection 5 | select fe1_0.function_id,fe1_0.created_at,fe1_0.created_by,fe1_0.level_value,fe1_0.parent_function_id,fe1_0.program_id,fe1_0.sort_order,fe1_0.system_type_code,fe1_0.updated_at,fe1_0.updated_by,fe1_0.use_yn from function fe1_0 where fe1_0.use_yn='Y'
2026-03-29 13:05:05.429 INFO  [traceId= userId=] [restartedMain] p6spy : 5 ms | statement | connection 1 | create table if not exists app_user ( id bigint primary key, name varchar(100) not null )
2026-03-29 13:05:05.444 INFO  [traceId= userId=] [restartedMain] p6spy : 3 ms | statement | connection 2 | merge into app_user (id, name) key(id) values (1, 'kim')
2026-03-29 13:05:05.447 INFO  [traceId= userId=] [restartedMain] p6spy : 2 ms | statement | connection 2 | merge into app_user (id, name) key(id) values (2, 'lee')
2026-03-29 13:05:05.451 INFO  [traceId= userId=] [restartedMain] p6spy : 2 ms | statement | connection 2 | merge into app_user (id, name) key(id) values (3, 'park')
2026-03-29 13:05:08.160 INFO  [traceId= userId=] [restartedMain] p6spy : 13 ms | statement | connection 4 | select * from INFORMATION_SCHEMA.SEQUENCES
2026-03-29 13:05:08.184 INFO  [traceId= userId=] [restartedMain] p6spy : 2 ms | statement | connection 4 | alter table if exists refresh_token drop constraint if exists UKkdj16cltjxdksuyiosdhliveg
2026-03-29 13:05:08.187 INFO  [traceId= userId=] [restartedMain] p6spy : 1 ms | statement | connection 4 | alter table if exists refresh_token add constraint UKkdj16cltjxdksuyiosdhliveg unique (token_hash)
2026-03-29 13:05:08.199 INFO  [traceId= userId=] [restartedMain] p6spy : 10 ms | statement | connection 4 | alter table if exists role drop constraint if exists UKiubw515ff0ugtm28p8g3myt0h
2026-03-29 13:05:08.202 INFO  [traceId= userId=] [restartedMain] p6spy : 1 ms | statement | connection 4 | alter table if exists role add constraint UKiubw515ff0ugtm28p8g3myt0h unique (role_name)
2026-03-29 13:05:08.205 INFO  [traceId= userId=] [restartedMain] p6spy : 1 ms | statement | connection 4 | alter table if exists user_role drop constraint if exists UK872xec3woupu3gw59b04pj3sa
2026-03-29 13:05:08.206 INFO  [traceId= userId=] [restartedMain] p6spy : 1 ms | statement | connection 4 | alter table if exists user_role add constraint UK872xec3woupu3gw59b04pj3sa unique (user_id, role_id)
2026-03-29 13:05:08.208 INFO  [traceId= userId=] [restartedMain] p6spy : 0 ms | statement | connection 4 | alter table if exists users drop constraint if exists UK8mkeyj0y8gx4ngt7i50q4rxgg
2026-03-29 13:05:08.210 INFO  [traceId= userId=] [restartedMain] p6spy : 0 ms | statement | connection 4 | alter table if exists users add constraint UK8mkeyj0y8gx4ngt7i50q4rxgg unique (provider, provider_subject)
2026-03-29 13:05:08.211 INFO  [traceId= userId=] [restartedMain] p6spy : 0 ms | statement | connection 4 | alter table if exists users drop constraint if exists UK6dotkott2kjsp8vw4d0m25fb7
2026-03-29 13:05:08.213 INFO  [traceId= userId=] [restartedMain] p6spy : 1 ms | statement | connection 4 | alter table if exists users add constraint UK6dotkott2kjsp8vw4d0m25fb7 unique (email)
2026-03-29 13:05:08.221 INFO  [traceId= userId=] [restartedMain] p6spy : 0 ms | statement | connection 4 | select * from "testdb"."PUBLIC"."role" where 1=0
2026-03-29 13:05:08.225 INFO  [traceId= userId=] [restartedMain] p6spy : 0 ms | statement | connection 4 | select * from "testdb"."PUBLIC"."users" where 1=0
2026-03-29 13:05:09.735 INFO  [traceId= userId=] [restartedMain] p6spy : 0 ms | statement | connection 5 | select fe1_0.function_id,fe1_0.created_at,fe1_0.created_by,fe1_0.level_value,fe1_0.parent_function_id,fe1_0.program_id,fe1_0.sort_order,fe1_0.system_type_code,fe1_0.updated_at,fe1_0.updated_by,fe1_0.use_yn from function fe1_0 where fe1_0.use_yn='Y'
2026-03-29 13:05:13.479 INFO  [traceId= userId=] [restartedMain] p6spy : 1 ms | statement | connection 6 | select rhe1_0.id,rhe1_0.child_role,rhe1_0.parent_role from role_hierarchy rhe1_0
2026-03-29 13:05:18.504 INFO  [traceId= userId=] [restartedMain] p6spy : 2 ms | statement | connection 7 | select r1_0.id,r1_0.description,r1_0.role_name from role r1_0 where r1_0.role_name='ROLE_USER'
2026-03-29 13:05:18.507 INFO  [traceId= userId=] [scheduling-1] p6spy : 0 ms | statement | connection 8 | select ml1_0.id,ml1_0.content,ml1_0.created_at,ml1_0.error_message,ml1_0.mail_type,ml1_0.max_retry_count,ml1_0.recipient,ml1_0.retry_count,ml1_0.sent_at,ml1_0.status,ml1_0.subject,ml1_0.updated_at from mail_log ml1_0 where ml1_0.status='FAIL' and ml1_0.retry_count<ml1_0.max_retry_count order by ml1_0.created_at
2026-03-29 13:05:18.513 INFO  [traceId= userId=] [restartedMain] p6spy : 0 ms | statement | connection 9 | select r1_0.id,r1_0.description,r1_0.role_name from role r1_0 where r1_0.role_name='ROLE_ADMIN'
2026-03-29 13:05:18.525 INFO  [traceId= userId=] [restartedMain] p6spy : 0 ms | statement | connection 10 | select rhe1_0.id from role_hierarchy rhe1_0 where rhe1_0.parent_role='ROLE_ADMIN' and rhe1_0.child_role='ROLE_USER' fetch first 1 rows only
2026-03-29 13:06:06.824 INFO  [traceId=3cdf9e3e userId=] [http-nio-8081-exec-2] p6spy : 0 ms | statement | connection 11 | select me1_0.important_message_type_code,me1_0.language_code,me1_0.message_id,me1_0.important_message_use_yn,me1_0.message_text,me1_0.message_type,me1_0.use_yn from message me1_0 where (me1_0.important_message_type_code,me1_0.language_code,me1_0.message_id) in (('C05','ko','UNAUTHORIZED'))
2026-03-29 13:06:06.990 INFO  [traceId=bd687c8e userId=] [http-nio-8081-exec-4] p6spy : 0 ms | statement | connection 12 | select u1_0.id,u1_0.created_at,u1_0.email,u1_0.name,u1_0.provider,u1_0.provider_subject,u1_0.status,u1_0.updated_at from users u1_0 where u1_0.id=1
2026-03-29 13:06:07.013 INFO  [traceId=bd687c8e userId=] [http-nio-8081-exec-4] p6spy : 0 ms | statement | connection 12 | select ur1_0.user_id,ur1_0.id,ur1_0.role_id from user_role ur1_0 where ur1_0.user_id=1
2026-03-29 13:06:07.022 INFO  [traceId=bd687c8e userId=] [http-nio-8081-exec-4] p6spy : 0 ms | statement | connection 12 | select r1_0.id,r1_0.description,r1_0.role_name from role r1_0 where r1_0.id=1
2026-03-29 13:06:07.108 INFO  [traceId=4cdf38a1 userId=] [http-nio-8081-exec-5] p6spy : 0 ms | statement | connection 13 | select u1_0.id,u1_0.created_at,u1_0.email,u1_0.name,u1_0.provider,u1_0.provider_subject,u1_0.status,u1_0.updated_at from users u1_0 where u1_0.id=1
2026-03-29 13:06:13.851 INFO  [traceId=76a7122a userId=] [http-nio-8081-exec-7] p6spy : 0 ms | statement | connection 14 | select me1_0.important_message_type_code,me1_0.language_code,me1_0.message_id,me1_0.important_message_use_yn,me1_0.message_text,me1_0.message_type,me1_0.use_yn from message me1_0 where (me1_0.important_message_type_code,me1_0.language_code,me1_0.message_id) in (('C18','ko','REQUIRED_FIELD'))
2026-03-29 13:06:29.101 INFO  [traceId=85cd6382 userId=] [http-nio-8081-exec-9] p6spy : 0 ms | statement | connection 15 | select me1_0.important_message_type_code,me1_0.language_code,me1_0.message_id,me1_0.important_message_use_yn,me1_0.message_text,me1_0.message_type,me1_0.use_yn from message me1_0 where (me1_0.important_message_type_code,me1_0.language_code,me1_0.message_id) in (('C18','ko','MAX_LENGTH'))
2026-03-29 13:06:29.105 INFO  [traceId=85cd6382 userId=] [http-nio-8081-exec-9] p6spy : 0 ms | statement | connection 16 | select me1_0.important_message_type_code,me1_0.language_code,me1_0.message_id,me1_0.important_message_use_yn,me1_0.message_text,me1_0.message_type,me1_0.use_yn from message me1_0 where (me1_0.important_message_type_code,me1_0.language_code,me1_0.message_id) in (('C05','ko','MAX_LENGTH'))
2026-03-29 13:06:32.831 INFO  [traceId=fae90440 userId=] [http-nio-8081-exec-1] p6spy : 0 ms | statement | connection 17 | select me1_0.important_message_type_code,me1_0.language_code,me1_0.message_id,me1_0.important_message_use_yn,me1_0.message_text,me1_0.message_type,me1_0.use_yn from message me1_0 where (me1_0.important_message_type_code,me1_0.language_code,me1_0.message_id) in (('C05','ko','USER_NOT_FOUND'))
2026-03-29 13:06:35.188 INFO  [traceId=895a9afa userId=] [http-nio-8081-exec-2] p6spy : 0 ms | statement | connection 18 | select me1_0.important_message_type_code,me1_0.language_code,me1_0.message_id,me1_0.important_message_use_yn,me1_0.message_text,me1_0.message_type,me1_0.use_yn from message me1_0 where (me1_0.important_message_type_code,me1_0.language_code,me1_0.message_id) in (('C18','ko','MAX_LENGTH'))
2026-03-29 13:06:35.192 INFO  [traceId=895a9afa userId=] [http-nio-8081-exec-2] p6spy : 0 ms | statement | connection 19 | select me1_0.important_message_type_code,me1_0.language_code,me1_0.message_id,me1_0.important_message_use_yn,me1_0.message_text,me1_0.message_type,me1_0.use_yn from message me1_0 where (me1_0.important_message_type_code,me1_0.language_code,me1_0.message_id) in (('C05','ko','MAX_LENGTH'))
2026-03-29 13:09:11.652 INFO  [traceId=47a8463c userId=] [http-nio-8081-exec-4] p6spy : 0 ms | statement | connection 20 | select me1_0.important_message_type_code,me1_0.language_code,me1_0.message_id,me1_0.important_message_use_yn,me1_0.message_text,me1_0.message_type,me1_0.use_yn from message me1_0 where (me1_0.important_message_type_code,me1_0.language_code,me1_0.message_id) in (('C18','ko','MAX_LENGTH'))
2026-03-29 13:09:11.657 INFO  [traceId=47a8463c userId=] [http-nio-8081-exec-4] p6spy : 0 ms | statement | connection 21 | select me1_0.important_message_type_code,me1_0.language_code,me1_0.message_id,me1_0.important_message_use_yn,me1_0.message_text,me1_0.message_type,me1_0.use_yn from message me1_0 where (me1_0.important_message_type_code,me1_0.language_code,me1_0.message_id) in (('C05','ko','MAX_LENGTH'))
2026-03-29 13:10:06.680 INFO  [traceId= userId=] [restartedMain] p6spy : 2 ms | statement | connection 1 | create table if not exists app_user ( id bigint primary key, name varchar(100) not null )
2026-03-29 13:10:06.685 INFO  [traceId= userId=] [restartedMain] p6spy : 1 ms | statement | connection 2 | merge into app_user (id, name) key(id) values (1, 'kim')
2026-03-29 13:10:06.688 INFO  [traceId= userId=] [restartedMain] p6spy : 1 ms | statement | connection 2 | merge into app_user (id, name) key(id) values (2, 'lee')
2026-03-29 13:10:06.691 INFO  [traceId= userId=] [restartedMain] p6spy : 2 ms | statement | connection 2 | merge into app_user (id, name) key(id) values (3, 'park')
2026-03-29 13:10:09.006 INFO  [traceId= userId=] [restartedMain] p6spy : 14 ms | statement | connection 4 | select * from INFORMATION_SCHEMA.SEQUENCES
2026-03-29 13:10:09.037 INFO  [traceId= userId=] [restartedMain] p6spy : 1 ms | statement | connection 4 | alter table if exists refresh_token drop constraint if exists UKkdj16cltjxdksuyiosdhliveg
2026-03-29 13:10:09.040 INFO  [traceId= userId=] [restartedMain] p6spy : 2 ms | statement | connection 4 | alter table if exists refresh_token add constraint UKkdj16cltjxdksuyiosdhliveg unique (token_hash)
2026-03-29 13:10:09.043 INFO  [traceId= userId=] [restartedMain] p6spy : 1 ms | statement | connection 4 | alter table if exists role drop constraint if exists UKiubw515ff0ugtm28p8g3myt0h
2026-03-29 13:10:09.046 INFO  [traceId= userId=] [restartedMain] p6spy : 1 ms | statement | connection 4 | alter table if exists role add constraint UKiubw515ff0ugtm28p8g3myt0h unique (role_name)
2026-03-29 13:10:09.049 INFO  [traceId= userId=] [restartedMain] p6spy : 1 ms | statement | connection 4 | alter table if exists user_role drop constraint if exists UK872xec3woupu3gw59b04pj3sa
2026-03-29 13:10:09.051 INFO  [traceId= userId=] [restartedMain] p6spy : 0 ms | statement | connection 4 | alter table if exists user_role add constraint UK872xec3woupu3gw59b04pj3sa unique (user_id, role_id)
2026-03-29 13:10:09.054 INFO  [traceId= userId=] [restartedMain] p6spy : 1 ms | statement | connection 4 | alter table if exists users drop constraint if exists UK8mkeyj0y8gx4ngt7i50q4rxgg
2026-03-29 13:10:09.056 INFO  [traceId= userId=] [restartedMain] p6spy : 1 ms | statement | connection 4 | alter table if exists users add constraint UK8mkeyj0y8gx4ngt7i50q4rxgg unique (provider, provider_subject)
2026-03-29 13:10:09.058 INFO  [traceId= userId=] [restartedMain] p6spy : 1 ms | statement | connection 4 | alter table if exists users drop constraint if exists UK6dotkott2kjsp8vw4d0m25fb7
2026-03-29 13:10:09.060 INFO  [traceId= userId=] [restartedMain] p6spy : 1 ms | statement | connection 4 | alter table if exists users add constraint UK6dotkott2kjsp8vw4d0m25fb7 unique (email)
2026-03-29 13:10:09.069 INFO  [traceId= userId=] [restartedMain] p6spy : 0 ms | statement | connection 4 | select * from "testdb"."PUBLIC"."role" where 1=0
2026-03-29 13:10:09.072 INFO  [traceId= userId=] [restartedMain] p6spy : 0 ms | statement | connection 4 | select * from "testdb"."PUBLIC"."users" where 1=0
2026-03-29 13:10:10.231 INFO  [traceId= userId=] [restartedMain] p6spy : 0 ms | statement | connection 5 | select fe1_0.function_id,fe1_0.created_at,fe1_0.created_by,fe1_0.level_value,fe1_0.parent_function_id,fe1_0.program_id,fe1_0.sort_order,fe1_0.system_type_code,fe1_0.updated_at,fe1_0.updated_by,fe1_0.use_yn from function fe1_0 where fe1_0.use_yn='Y'
2026-03-29 13:10:13.218 INFO  [traceId= userId=] [restartedMain] p6spy : 0 ms | statement | connection 6 | select rhe1_0.id,rhe1_0.child_role,rhe1_0.parent_role from role_hierarchy rhe1_0
2026-03-29 13:10:15.268 INFO  [traceId= userId=] [restartedMain] p6spy : 0 ms | statement | connection 7 | select r1_0.id,r1_0.description,r1_0.role_name from role r1_0 where r1_0.role_name='ROLE_USER'
2026-03-29 13:10:15.271 INFO  [traceId= userId=] [scheduling-1] p6spy : 0 ms | statement | connection 8 | select ml1_0.id,ml1_0.content,ml1_0.created_at,ml1_0.error_message,ml1_0.mail_type,ml1_0.max_retry_count,ml1_0.recipient,ml1_0.retry_count,ml1_0.sent_at,ml1_0.status,ml1_0.subject,ml1_0.updated_at from mail_log ml1_0 where ml1_0.status='FAIL' and ml1_0.retry_count<ml1_0.max_retry_count order by ml1_0.created_at
2026-03-29 13:10:15.276 INFO  [traceId= userId=] [restartedMain] p6spy : 0 ms | statement | connection 9 | select r1_0.id,r1_0.description,r1_0.role_name from role r1_0 where r1_0.role_name='ROLE_ADMIN'
2026-03-29 13:10:15.284 INFO  [traceId= userId=] [restartedMain] p6spy : 0 ms | statement | connection 10 | select rhe1_0.id from role_hierarchy rhe1_0 where rhe1_0.parent_role='ROLE_ADMIN' and rhe1_0.child_role='ROLE_USER' fetch first 1 rows only
2026-03-29 13:11:21.467 INFO  [traceId=2ea8fdfb userId=] [http-nio-8081-exec-1] p6spy : 0 ms | statement | connection 11 | select u1_0.id,u1_0.created_at,u1_0.email,u1_0.name,u1_0.provider,u1_0.provider_subject,u1_0.status,u1_0.updated_at from users u1_0 where u1_0.id=1
2026-03-29 13:11:30.976 INFO  [traceId=82e2d242 userId=] [http-nio-8081-exec-4] p6spy : 0 ms | statement | connection 12 | select me1_0.important_message_type_code,me1_0.language_code,me1_0.message_id,me1_0.important_message_use_yn,me1_0.message_text,me1_0.message_type,me1_0.use_yn from message me1_0 where (me1_0.important_message_type_code,me1_0.language_code,me1_0.message_id) in (('C18','ko','MAX_LENGTH_EXCEEDED'))
2026-03-29 13:15:15.299 INFO  [traceId= userId=] [scheduling-1] p6spy : 0 ms | statement | connection 13 | select ml1_0.id,ml1_0.content,ml1_0.created_at,ml1_0.error_message,ml1_0.mail_type,ml1_0.max_retry_count,ml1_0.recipient,ml1_0.retry_count,ml1_0.sent_at,ml1_0.status,ml1_0.subject,ml1_0.updated_at from mail_log ml1_0 where ml1_0.status='FAIL' and ml1_0.retry_count<ml1_0.max_retry_count order by ml1_0.created_at
2026-03-29 13:20:15.309 INFO  [traceId= userId=] [scheduling-1] p6spy : 0 ms | statement | connection 14 | select ml1_0.id,ml1_0.content,ml1_0.created_at,ml1_0.error_message,ml1_0.mail_type,ml1_0.max_retry_count,ml1_0.recipient,ml1_0.retry_count,ml1_0.sent_at,ml1_0.status,ml1_0.subject,ml1_0.updated_at from mail_log ml1_0 where ml1_0.status='FAIL' and ml1_0.retry_count<ml1_0.max_retry_count order by ml1_0.created_at
2026-03-29 13:25:15.324 INFO  [traceId= userId=] [scheduling-1] p6spy : 0 ms | statement | connection 15 | select ml1_0.id,ml1_0.content,ml1_0.created_at,ml1_0.error_message,ml1_0.mail_type,ml1_0.max_retry_count,ml1_0.recipient,ml1_0.retry_count,ml1_0.sent_at,ml1_0.status,ml1_0.subject,ml1_0.updated_at from mail_log ml1_0 where ml1_0.status='FAIL' and ml1_0.retry_count<ml1_0.max_retry_count order by ml1_0.created_at
2026-03-29 13:30:15.337 INFO  [traceId= userId=] [scheduling-1] p6spy : 0 ms | statement | connection 16 | select ml1_0.id,ml1_0.content,ml1_0.created_at,ml1_0.error_message,ml1_0.mail_type,ml1_0.max_retry_count,ml1_0.recipient,ml1_0.retry_count,ml1_0.sent_at,ml1_0.status,ml1_0.subject,ml1_0.updated_at from mail_log ml1_0 where ml1_0.status='FAIL' and ml1_0.retry_count<ml1_0.max_retry_count order by ml1_0.created_at
2026-03-29 13:35:15.346 INFO  [traceId= userId=] [scheduling-1] p6spy : 0 ms | statement | connection 17 | select ml1_0.id,ml1_0.content,ml1_0.created_at,ml1_0.error_message,ml1_0.mail_type,ml1_0.max_retry_count,ml1_0.recipient,ml1_0.retry_count,ml1_0.sent_at,ml1_0.status,ml1_0.subject,ml1_0.updated_at from mail_log ml1_0 where ml1_0.status='FAIL' and ml1_0.retry_count<ml1_0.max_retry_count order by ml1_0.created_at
2026-03-29 13:40:15.351 INFO  [traceId= userId=] [scheduling-1] p6spy : 0 ms | statement | connection 18 | select ml1_0.id,ml1_0.content,ml1_0.created_at,ml1_0.error_message,ml1_0.mail_type,ml1_0.max_retry_count,ml1_0.recipient,ml1_0.retry_count,ml1_0.sent_at,ml1_0.status,ml1_0.subject,ml1_0.updated_at from mail_log ml1_0 where ml1_0.status='FAIL' and ml1_0.retry_count<ml1_0.max_retry_count order by ml1_0.created_at
2026-03-29 13:45:15.384 INFO  [traceId= userId=] [scheduling-1] p6spy : 0 ms | statement | connection 19 | select ml1_0.id,ml1_0.content,ml1_0.created_at,ml1_0.error_message,ml1_0.mail_type,ml1_0.max_retry_count,ml1_0.recipient,ml1_0.retry_count,ml1_0.sent_at,ml1_0.status,ml1_0.subject,ml1_0.updated_at from mail_log ml1_0 where ml1_0.status='FAIL' and ml1_0.retry_count<ml1_0.max_retry_count order by ml1_0.created_at
2026-03-29 13:50:16.843 INFO  [traceId= userId=] [scheduling-1] p6spy : 0 ms | statement | connection 20 | select ml1_0.id,ml1_0.content,ml1_0.created_at,ml1_0.error_message,ml1_0.mail_type,ml1_0.max_retry_count,ml1_0.recipient,ml1_0.retry_count,ml1_0.sent_at,ml1_0.status,ml1_0.subject,ml1_0.updated_at from mail_log ml1_0 where ml1_0.status='FAIL' and ml1_0.retry_count<ml1_0.max_retry_count order by ml1_0.created_at
2026-03-29 13:55:16.865 INFO  [traceId= userId=] [scheduling-1] p6spy : 0 ms | statement | connection 21 | select ml1_0.id,ml1_0.content,ml1_0.created_at,ml1_0.error_message,ml1_0.mail_type,ml1_0.max_retry_count,ml1_0.recipient,ml1_0.retry_count,ml1_0.sent_at,ml1_0.status,ml1_0.subject,ml1_0.updated_at from mail_log ml1_0 where ml1_0.status='FAIL' and ml1_0.retry_count<ml1_0.max_retry_count order by ml1_0.created_at
2026-03-29 14:00:16.882 INFO  [traceId= userId=] [scheduling-1] p6spy : 0 ms | statement | connection 22 | select ml1_0.id,ml1_0.content,ml1_0.created_at,ml1_0.error_message,ml1_0.mail_type,ml1_0.max_retry_count,ml1_0.recipient,ml1_0.retry_count,ml1_0.sent_at,ml1_0.status,ml1_0.subject,ml1_0.updated_at from mail_log ml1_0 where ml1_0.status='FAIL' and ml1_0.retry_count<ml1_0.max_retry_count order by ml1_0.created_at
2026-03-29 14:05:16.888 INFO  [traceId= userId=] [scheduling-1] p6spy : 0 ms | statement | connection 23 | select ml1_0.id,ml1_0.content,ml1_0.created_at,ml1_0.error_message,ml1_0.mail_type,ml1_0.max_retry_count,ml1_0.recipient,ml1_0.retry_count,ml1_0.sent_at,ml1_0.status,ml1_0.subject,ml1_0.updated_at from mail_log ml1_0 where ml1_0.status='FAIL' and ml1_0.retry_count<ml1_0.max_retry_count order by ml1_0.created_at
2026-03-29 14:10:17.212 INFO  [traceId= userId=] [scheduling-1] p6spy : 0 ms | statement | connection 24 | select ml1_0.id,ml1_0.content,ml1_0.created_at,ml1_0.error_message,ml1_0.mail_type,ml1_0.max_retry_count,ml1_0.recipient,ml1_0.retry_count,ml1_0.sent_at,ml1_0.status,ml1_0.subject,ml1_0.updated_at from mail_log ml1_0 where ml1_0.status='FAIL' and ml1_0.retry_count<ml1_0.max_retry_count order by ml1_0.created_at
2026-03-29 14:15:17.228 INFO  [traceId= userId=] [scheduling-1] p6spy : 0 ms | statement | connection 25 | select ml1_0.id,ml1_0.content,ml1_0.created_at,ml1_0.error_message,ml1_0.mail_type,ml1_0.max_retry_count,ml1_0.recipient,ml1_0.retry_count,ml1_0.sent_at,ml1_0.status,ml1_0.subject,ml1_0.updated_at from mail_log ml1_0 where ml1_0.status='FAIL' and ml1_0.retry_count<ml1_0.max_retry_count order by ml1_0.created_at
2026-03-29 14:20:17.235 INFO  [traceId= userId=] [scheduling-1] p6spy : 0 ms | statement | connection 26 | select ml1_0.id,ml1_0.content,ml1_0.created_at,ml1_0.error_message,ml1_0.mail_type,ml1_0.max_retry_count,ml1_0.recipient,ml1_0.retry_count,ml1_0.sent_at,ml1_0.status,ml1_0.subject,ml1_0.updated_at from mail_log ml1_0 where ml1_0.status='FAIL' and ml1_0.retry_count<ml1_0.max_retry_count order by ml1_0.created_at
2026-03-29 14:25:17.248 INFO  [traceId= userId=] [scheduling-1] p6spy : 0 ms | statement | connection 27 | select ml1_0.id,ml1_0.content,ml1_0.created_at,ml1_0.error_message,ml1_0.mail_type,ml1_0.max_retry_count,ml1_0.recipient,ml1_0.retry_count,ml1_0.sent_at,ml1_0.status,ml1_0.subject,ml1_0.updated_at from mail_log ml1_0 where ml1_0.status='FAIL' and ml1_0.retry_count<ml1_0.max_retry_count order by ml1_0.created_at
2026-03-29 14:30:17.266 INFO  [traceId= userId=] [scheduling-1] p6spy : 0 ms | statement | connection 28 | select ml1_0.id,ml1_0.content,ml1_0.created_at,ml1_0.error_message,ml1_0.mail_type,ml1_0.max_retry_count,ml1_0.recipient,ml1_0.retry_count,ml1_0.sent_at,ml1_0.status,ml1_0.subject,ml1_0.updated_at from mail_log ml1_0 where ml1_0.status='FAIL' and ml1_0.retry_count<ml1_0.max_retry_count order by ml1_0.created_at
2026-03-29 14:35:17.277 INFO  [traceId= userId=] [scheduling-1] p6spy : 0 ms | statement | connection 29 | select ml1_0.id,ml1_0.content,ml1_0.created_at,ml1_0.error_message,ml1_0.mail_type,ml1_0.max_retry_count,ml1_0.recipient,ml1_0.retry_count,ml1_0.sent_at,ml1_0.status,ml1_0.subject,ml1_0.updated_at from mail_log ml1_0 where ml1_0.status='FAIL' and ml1_0.retry_count<ml1_0.max_retry_count order by ml1_0.created_at
2026-03-29 14:40:17.299 INFO  [traceId= userId=] [scheduling-1] p6spy : 0 ms | statement | connection 30 | select ml1_0.id,ml1_0.content,ml1_0.created_at,ml1_0.error_message,ml1_0.mail_type,ml1_0.max_retry_count,ml1_0.recipient,ml1_0.retry_count,ml1_0.sent_at,ml1_0.status,ml1_0.subject,ml1_0.updated_at from mail_log ml1_0 where ml1_0.status='FAIL' and ml1_0.retry_count<ml1_0.max_retry_count order by ml1_0.created_at
2026-03-29 14:45:17.319 INFO  [traceId= userId=] [scheduling-1] p6spy : 0 ms | statement | connection 31 | select ml1_0.id,ml1_0.content,ml1_0.created_at,ml1_0.error_message,ml1_0.mail_type,ml1_0.max_retry_count,ml1_0.recipient,ml1_0.retry_count,ml1_0.sent_at,ml1_0.status,ml1_0.subject,ml1_0.updated_at from mail_log ml1_0 where ml1_0.status='FAIL' and ml1_0.retry_count<ml1_0.max_retry_count order by ml1_0.created_at
2026-03-29 14:50:17.324 INFO  [traceId= userId=] [scheduling-1] p6spy : 0 ms | statement | connection 32 | select ml1_0.id,ml1_0.content,ml1_0.created_at,ml1_0.error_message,ml1_0.mail_type,ml1_0.max_retry_count,ml1_0.recipient,ml1_0.retry_count,ml1_0.sent_at,ml1_0.status,ml1_0.subject,ml1_0.updated_at from mail_log ml1_0 where ml1_0.status='FAIL' and ml1_0.retry_count<ml1_0.max_retry_count order by ml1_0.created_at
2026-03-29 14:55:17.642 INFO  [traceId= userId=] [scheduling-1] p6spy : 0 ms | statement | connection 33 | select ml1_0.id,ml1_0.content,ml1_0.created_at,ml1_0.error_message,ml1_0.mail_type,ml1_0.max_retry_count,ml1_0.recipient,ml1_0.retry_count,ml1_0.sent_at,ml1_0.status,ml1_0.subject,ml1_0.updated_at from mail_log ml1_0 where ml1_0.status='FAIL' and ml1_0.retry_count<ml1_0.max_retry_count order by ml1_0.created_at
2026-03-29 15:00:17.672 INFO  [traceId= userId=] [scheduling-1] p6spy : 0 ms | statement | connection 34 | select ml1_0.id,ml1_0.content,ml1_0.created_at,ml1_0.error_message,ml1_0.mail_type,ml1_0.max_retry_count,ml1_0.recipient,ml1_0.retry_count,ml1_0.sent_at,ml1_0.status,ml1_0.subject,ml1_0.updated_at from mail_log ml1_0 where ml1_0.status='FAIL' and ml1_0.retry_count<ml1_0.max_retry_count order by ml1_0.created_at
2026-03-29 15:05:17.679 INFO  [traceId= userId=] [scheduling-1] p6spy : 0 ms | statement | connection 35 | select ml1_0.id,ml1_0.content,ml1_0.created_at,ml1_0.error_message,ml1_0.mail_type,ml1_0.max_retry_count,ml1_0.recipient,ml1_0.retry_count,ml1_0.sent_at,ml1_0.status,ml1_0.subject,ml1_0.updated_at from mail_log ml1_0 where ml1_0.status='FAIL' and ml1_0.retry_count<ml1_0.max_retry_count order by ml1_0.created_at
